    CPU time for get_k_kpts: make_kpt ki>=kj (0,*)     25.85 sec, wall time      0.92 sec
    CPU time for get_k_kpts: make_kpt ki>=kj (1,*)     61.90 sec, wall time      1.98 sec
    CPU time for get_k_kpts: make_kpt ki>=kj (2,*)     85.26 sec, wall time      2.74 sec
    CPU time for get_k_kpts: make_kpt ki>=kj (3,*)    116.33 sec, wall time      3.73 sec
    CPU time for get_k_kpts: make_kpt ki>=kj (4,*)    144.35 sec, wall time      4.63 sec
    CPU time for get_k_kpts: make_kpt ki>=kj (5,*)    171.53 sec, wall time      5.55 sec
    CPU time for get_k_kpts: make_kpt ki>=kj (6,*)    200.14 sec, wall time      6.41 sec
    CPU time for get_k_kpts: make_kpt ki>=kj (7,*)    235.87 sec, wall time      7.56 sec
Monkhorst pack size [2 2 2] ew_eta 1.3059867597572923 ew_cut 5.384097344598738
Ewald components = 2.1452953489755e-105, -0.737233080691535, 0.64037152459719
    CPU time for get_j pass 1    105.10 sec, wall time      3.36 sec
    CPU time for get_j pass 2      7.85 sec, wall time      2.38 sec
    CPU time for vj and vk   1157.38 sec, wall time     39.36 sec
    CPU time for vnuc pass1: analytic int   2787.75 sec, wall time     88.03 sec
    CPU time for contracting Vnuc [0:896]    222.77 sec, wall time      7.13 sec
    CPU time for contracting Vnuc    222.77 sec, wall time      7.14 sec
    CPU time for get_nuc   3010.92 sec, wall time     95.18 sec
Ewald components = 1.30435514859409e-35, -627.49757153652, 488.979720419325
    CPU time for vnuc pass1: analytic int   2769.30 sec, wall time     87.27 sec
    CPU time for contracting Vnuc [0:896]    222.28 sec, wall time      7.11 sec
    CPU time for contracting Vnuc    222.28 sec, wall time      7.11 sec
    CPU time for get_nuc   2991.85 sec, wall time     94.39 sec
E1 = (-567.7298337321624-2.9523275630747274e-14j)  E_coul = (113.11446276655009+3.2547470843362525e-15j)
using incore ERI storage
    CPU time for CCSD integral transformation  27486.16 sec, wall time   1086.21 sec
    CPU time for EOM-CCSD shared one-electron intermediates    380.87 sec, wall time     12.84 sec
IMDS key to save: Loo , type: <class 'numpy.ndarray'>
IMDS key to save: Lvv , type: <class 'numpy.ndarray'>
IMDS key to save: Fov , type: <class 'numpy.ndarray'>
Made 1e intermediates
