
******** <class 'pyscf.pbc.cc.kccsd_rhf.RCCSD'> ********
CC2 = 0
CCSD nocc = 18, nmo = 57
frozen orbitals [0, 1, 59, 60, 61, 62, 63, 64, 65, 66, 67, 68, 69, 70, 71, 72, 73, 74, 75, 76, 77, 78, 79, 80, 81, 82, 83, 84, 85, 86, 87, 88, 89, 90, 91, 92, 93, 94, 95, 96, 97, 98, 99, 100, 101, 102, 103, 104, 105, 106, 107, 108, 109, 110, 111, 112, 113, 114, 115, 116, 117, 118, 119, 120, 121, 122, 123, 124, 125, 126, 127, 128, 129, 130, 131, 132, 133, 134, 135, 136, 137, 138, 139, 140, 141, 142, 143, 144, 145, 146, 147, 148, 149, 150, 151, 152, 153, 154, 155, 156, 157, 158, 159, 160, 161, 162, 163, 164, 165, 166, 167, 168, 169, 170, 171, 172, 173, 174, 175, 176, 177, 178, 179, 180, 181, 182, 183, 184, 185, 186, 187, 188, 189, 190, 191, 192, 193, 194, 195, 196, 197, 198, 199, 200, 201, 202, 203]
max_cycle = 50
direct = 1
conv_tol = 1e-07
conv_tol_normt = 1e-05
diis_space = 6
diis_start_cycle = 0
diis_start_energy_diff = 1e+09
max_memory 700000 MB (current use 103 MB)
    CPU time for get_k_kpts: make_kpt ki>=kj (0,*)     28.75 sec, wall time      1.48 sec
    CPU time for get_k_kpts: make_kpt ki>=kj (1,*)     80.98 sec, wall time      2.95 sec
    CPU time for get_k_kpts: make_kpt ki>=kj (2,*)    125.83 sec, wall time      6.44 sec
    CPU time for get_k_kpts: make_kpt ki>=kj (3,*)    157.36 sec, wall time      8.19 sec
    CPU time for get_k_kpts: make_kpt ki>=kj (4,*)    208.05 sec, wall time      9.81 sec
    CPU time for get_k_kpts: make_kpt ki>=kj (5,*)    230.95 sec, wall time     10.05 sec
    CPU time for get_k_kpts: make_kpt ki>=kj (6,*)    269.52 sec, wall time     10.93 sec
    CPU time for get_k_kpts: make_kpt ki>=kj (7,*)    316.90 sec, wall time     13.85 sec
    CPU time for get_k_kpts: make_kpt ki>=kj (8,*)    362.07 sec, wall time     17.34 sec
    CPU time for get_k_kpts: make_kpt ki>=kj (9,*)    402.91 sec, wall time     18.17 sec
    CPU time for get_k_kpts: make_kpt ki>=kj (10,*)    458.49 sec, wall time     17.98 sec
    CPU time for get_k_kpts: make_kpt ki>=kj (11,*)    503.17 sec, wall time     18.95 sec
    CPU time for get_k_kpts: make_kpt ki>=kj (12,*)    511.72 sec, wall time     21.23 sec
    CPU time for get_k_kpts: make_kpt ki>=kj (13,*)    559.30 sec, wall time     21.78 sec
    CPU time for get_k_kpts: make_kpt ki>=kj (14,*)    615.29 sec, wall time     23.26 sec
    CPU time for get_k_kpts: make_kpt ki>=kj (15,*)    632.56 sec, wall time     25.83 sec
    CPU time for get_k_kpts: make_kpt ki>=kj (16,*)    660.72 sec, wall time     26.42 sec
    CPU time for get_k_kpts: make_kpt ki>=kj (17,*)    714.68 sec, wall time     29.26 sec
    CPU time for get_k_kpts: make_kpt ki>=kj (18,*)    744.06 sec, wall time     29.81 sec
    CPU time for get_k_kpts: make_kpt ki>=kj (19,*)    796.36 sec, wall time     32.45 sec
    CPU time for get_k_kpts: make_kpt ki>=kj (20,*)    843.37 sec, wall time     36.44 sec
    CPU time for get_k_kpts: make_kpt ki>=kj (21,*)    870.14 sec, wall time     36.40 sec
    CPU time for get_k_kpts: make_kpt ki>=kj (22,*)    906.37 sec, wall time     38.86 sec
    CPU time for get_k_kpts: make_kpt ki>=kj (23,*)    951.09 sec, wall time     41.55 sec
    CPU time for get_k_kpts: make_kpt ki>=kj (24,*)    980.60 sec, wall time     41.93 sec
    CPU time for get_k_kpts: make_kpt ki>=kj (25,*)   1020.96 sec, wall time     45.10 sec
    CPU time for get_k_kpts: make_kpt ki>=kj (26,*)   1086.61 sec, wall time     45.40 sec
Monkhorst pack size [3 3 3] ew_eta 0.8844880366313383 ew_cut 7.945196698079207
Ewald components = 7.43877040383099e-109, -0.499283113992858, 0.434708743263287
    CPU time for get_j pass 1    352.76 sec, wall time     11.14 sec
    CPU time for get_j pass 2     14.37 sec, wall time      8.20 sec
    CPU time for vj and vk  15412.85 sec, wall time    651.42 sec
    CPU time for vnuc pass1: analytic int   3621.14 sec, wall time    114.60 sec
    CPU time for contracting Vnuc [0:896]    313.26 sec, wall time     10.57 sec
    CPU time for contracting Vnuc    313.26 sec, wall time     10.57 sec
    CPU time for get_nuc   3935.26 sec, wall time    125.20 sec

******** <class 'pyscf.pbc.cc.kccsd_rhf.RCCSD'> ********
CC2 = 0
CCSD nocc = 18, nmo = 57
frozen orbitals [0, 1, 59, 60, 61, 62, 63, 64, 65, 66, 67, 68, 69, 70, 71, 72, 73, 74, 75, 76, 77, 78, 79, 80, 81, 82, 83, 84, 85, 86, 87, 88, 89, 90, 91, 92, 93, 94, 95, 96, 97, 98, 99, 100, 101, 102, 103, 104, 105, 106, 107, 108, 109, 110, 111, 112, 113, 114, 115, 116, 117, 118, 119, 120, 121, 122, 123, 124, 125, 126, 127, 128, 129, 130, 131, 132, 133, 134, 135, 136, 137, 138, 139, 140, 141, 142, 143, 144, 145, 146, 147, 148, 149, 150, 151, 152, 153, 154, 155, 156, 157, 158, 159, 160, 161, 162, 163, 164, 165, 166, 167, 168, 169, 170, 171, 172, 173, 174, 175, 176, 177, 178, 179, 180, 181, 182, 183, 184, 185, 186, 187, 188, 189, 190, 191, 192, 193, 194, 195, 196, 197, 198, 199, 200, 201, 202, 203]
max_cycle = 50
direct = 1
conv_tol = 1e-07
conv_tol_normt = 1e-05
diis_space = 6
diis_start_cycle = 0
diis_start_energy_diff = 1e+09
max_memory 700000 MB (current use 1293 MB)
    CPU time for transforming DF-MP2 integrals   7560.45 sec, wall time    368.49 sec
t1 type: <class 'numpy.ndarray'>
t2 type: <class 'numpy.ndarray'>
