
******** <class 'pyscf.pbc.cc.kccsd_rhf.RCCSD'> ********
CC2 = 0
CCSD nocc = 18, nmo = 57
frozen orbitals [0, 1, 59, 60, 61, 62, 63, 64, 65, 66, 67, 68, 69, 70, 71, 72, 73, 74, 75, 76, 77, 78, 79, 80, 81, 82, 83, 84, 85, 86, 87, 88, 89, 90, 91, 92, 93, 94, 95, 96, 97, 98, 99, 100, 101, 102, 103, 104, 105, 106, 107, 108, 109, 110, 111, 112, 113, 114, 115, 116, 117, 118, 119, 120, 121, 122, 123, 124, 125, 126, 127, 128, 129, 130, 131, 132, 133, 134, 135, 136, 137, 138, 139, 140, 141, 142, 143, 144, 145, 146, 147, 148, 149, 150, 151, 152, 153, 154, 155, 156, 157, 158, 159, 160, 161, 162, 163, 164, 165, 166, 167, 168, 169, 170, 171, 172, 173, 174, 175, 176, 177, 178, 179, 180, 181, 182, 183, 184, 185, 186, 187, 188, 189, 190, 191, 192, 193, 194, 195, 196, 197, 198, 199, 200, 201, 202, 203]
max_cycle = 50
direct = 1
conv_tol = 1e-07
conv_tol_normt = 1e-05
diis_space = 6
diis_start_cycle = 0
diis_start_energy_diff = 1e+09
<<<<<<< HEAD
<<<<<<< HEAD
<<<<<<< HEAD
<<<<<<< HEAD
=======
>>>>>>> cluster
=======
>>>>>>> b0ebe15b9cb21f72d3133d30b88ad83ae944b1df
=======
>>>>>>> cluster
max_memory 700000 MB (current use 83 MB)
    CPU time for get_k_kpts: make_kpt ki>=kj (0,*)     22.76 sec, wall time      0.82 sec
    CPU time for get_k_kpts: make_kpt ki>=kj (1,*)     60.92 sec, wall time      1.93 sec
    CPU time for get_k_kpts: make_kpt ki>=kj (2,*)     91.63 sec, wall time      2.93 sec
    CPU time for get_k_kpts: make_kpt ki>=kj (3,*)    116.15 sec, wall time      3.72 sec
    CPU time for get_k_kpts: make_kpt ki>=kj (4,*)    144.98 sec, wall time      4.74 sec
    CPU time for get_k_kpts: make_kpt ki>=kj (5,*)    178.32 sec, wall time      5.80 sec
    CPU time for get_k_kpts: make_kpt ki>=kj (6,*)    203.88 sec, wall time      6.56 sec
    CPU time for get_k_kpts: make_kpt ki>=kj (7,*)    242.55 sec, wall time      7.90 sec
<<<<<<< HEAD
Monkhorst pack size [2 2 2] ew_eta 1.3059867597572923 ew_cut 5.384097344598738
Ewald components = 2.1452953489755e-105, -0.737233080691535, 0.64037152459719
    CPU time for get_j pass 1    115.13 sec, wall time      3.66 sec
    CPU time for get_j pass 2      7.79 sec, wall time      2.31 sec
    CPU time for vj and vk   1187.52 sec, wall time     40.50 sec
    CPU time for vnuc pass1: analytic int   2776.03 sec, wall time     87.53 sec
    CPU time for contracting Vnuc [0:896]    222.02 sec, wall time      7.07 sec
    CPU time for contracting Vnuc    222.02 sec, wall time      7.08 sec
    CPU time for get_nuc   2998.32 sec, wall time     94.61 sec
<<<<<<< HEAD
=======
max_memory 700000 MB (current use 104 MB)
    CPU time for get_k_kpts: make_kpt ki>=kj (0,*)     25.12 sec, wall time      1.03 sec
    CPU time for get_k_kpts: make_kpt ki>=kj (1,*)     70.33 sec, wall time      2.48 sec
    CPU time for get_k_kpts: make_kpt ki>=kj (2,*)    105.59 sec, wall time      4.00 sec
    CPU time for get_k_kpts: make_kpt ki>=kj (3,*)    151.41 sec, wall time      5.79 sec
    CPU time for get_k_kpts: make_kpt ki>=kj (4,*)    179.42 sec, wall time      6.72 sec
    CPU time for get_k_kpts: make_kpt ki>=kj (5,*)    225.66 sec, wall time      8.08 sec
    CPU time for get_k_kpts: make_kpt ki>=kj (6,*)    269.41 sec, wall time      9.42 sec
    CPU time for get_k_kpts: make_kpt ki>=kj (7,*)    295.72 sec, wall time     10.60 sec
Monkhorst pack size [2 2 2] ew_eta 1.3059867597572923 ew_cut 5.384097344598738
Ewald components = 2.1452953489755e-105, -0.737233080691535, 0.64037152459719
    CPU time for get_j pass 1    106.08 sec, wall time      3.34 sec
    CPU time for get_j pass 2      7.80 sec, wall time      2.33 sec
    CPU time for vj and vk   1440.92 sec, wall time     53.95 sec
    CPU time for vnuc pass1: analytic int   2773.47 sec, wall time     87.43 sec
    CPU time for contracting Vnuc [0:896]    219.97 sec, wall time      7.01 sec
    CPU time for contracting Vnuc    219.97 sec, wall time      7.01 sec
    CPU time for get_nuc   2993.69 sec, wall time     94.45 sec
>>>>>>> f0983ef5bf9ad467b05de206ad1aa900b1c074f6
<<<<<<< HEAD
=======
Monkhorst pack size [2 2 2] ew_eta 1.3059867597572923 ew_cut 5.384097344598738
Ewald components = 2.1452953489755e-105, -0.737233080691535, 0.64037152459719
    CPU time for get_j pass 1    115.13 sec, wall time      3.66 sec
    CPU time for get_j pass 2      7.79 sec, wall time      2.31 sec
    CPU time for vj and vk   1187.52 sec, wall time     40.50 sec
    CPU time for vnuc pass1: analytic int   2776.03 sec, wall time     87.53 sec
    CPU time for contracting Vnuc [0:896]    222.02 sec, wall time      7.07 sec
    CPU time for contracting Vnuc    222.02 sec, wall time      7.08 sec
    CPU time for get_nuc   2998.32 sec, wall time     94.61 sec
>>>>>>> cluster
=======
>>>>>>> b0ebe15b9cb21f72d3133d30b88ad83ae944b1df
=======
>>>>>>> cluster

******** <class 'pyscf.pbc.cc.kccsd_rhf.RCCSD'> ********
CC2 = 0
CCSD nocc = 18, nmo = 57
frozen orbitals [0, 1, 59, 60, 61, 62, 63, 64, 65, 66, 67, 68, 69, 70, 71, 72, 73, 74, 75, 76, 77, 78, 79, 80, 81, 82, 83, 84, 85, 86, 87, 88, 89, 90, 91, 92, 93, 94, 95, 96, 97, 98, 99, 100, 101, 102, 103, 104, 105, 106, 107, 108, 109, 110, 111, 112, 113, 114, 115, 116, 117, 118, 119, 120, 121, 122, 123, 124, 125, 126, 127, 128, 129, 130, 131, 132, 133, 134, 135, 136, 137, 138, 139, 140, 141, 142, 143, 144, 145, 146, 147, 148, 149, 150, 151, 152, 153, 154, 155, 156, 157, 158, 159, 160, 161, 162, 163, 164, 165, 166, 167, 168, 169, 170, 171, 172, 173, 174, 175, 176, 177, 178, 179, 180, 181, 182, 183, 184, 185, 186, 187, 188, 189, 190, 191, 192, 193, 194, 195, 196, 197, 198, 199, 200, 201, 202, 203]
max_cycle = 50
direct = 1
conv_tol = 1e-07
conv_tol_normt = 1e-05
diis_space = 6
diis_start_cycle = 0
diis_start_energy_diff = 1e+09
<<<<<<< HEAD
<<<<<<< HEAD
<<<<<<< HEAD
<<<<<<< HEAD
max_memory 700000 MB (current use 1117 MB)
    CPU time for transforming DF-MP2 integrals    684.04 sec, wall time     31.57 sec
=======
max_memory 700000 MB (current use 1061 MB)
    CPU time for transforming DF-MP2 integrals    683.39 sec, wall time     32.08 sec
>>>>>>> f0983ef5bf9ad467b05de206ad1aa900b1c074f6
=======
max_memory 700000 MB (current use 1117 MB)
    CPU time for transforming DF-MP2 integrals    684.04 sec, wall time     31.57 sec
>>>>>>> cluster
=======
max_memory 700000 MB (current use 1117 MB)
    CPU time for transforming DF-MP2 integrals    684.04 sec, wall time     31.57 sec
=======
max_memory 700000 MB (current use 1061 MB)
    CPU time for transforming DF-MP2 integrals    683.39 sec, wall time     32.08 sec
>>>>>>> f0983ef5bf9ad467b05de206ad1aa900b1c074f6
>>>>>>> b0ebe15b9cb21f72d3133d30b88ad83ae944b1df
=======
max_memory 700000 MB (current use 1117 MB)
    CPU time for transforming DF-MP2 integrals    684.04 sec, wall time     31.57 sec
>>>>>>> cluster
t1 type: <class 'numpy.ndarray'>
t2 type: <class 'numpy.ndarray'>
