
******** <class 'pyscf.pbc.cc.kccsd_rhf.RCCSD'> ********
CC2 = 0
CCSD nocc = 18, nmo = 24
frozen orbitals [0, 1, 26, 27, 28, 29, 30, 31, 32, 33, 34, 35, 36, 37, 38, 39, 40, 41, 42, 43, 44, 45, 46, 47, 48, 49, 50, 51, 52, 53, 54, 55, 56, 57, 58, 59, 60, 61, 62, 63, 64, 65, 66, 67, 68, 69, 70, 71, 72, 73, 74, 75, 76, 77, 78, 79, 80, 81, 82, 83, 84, 85, 86, 87, 88, 89, 90, 91, 92, 93, 94, 95, 96, 97, 98, 99, 100, 101, 102, 103, 104, 105, 106, 107, 108, 109, 110, 111, 112, 113, 114, 115, 116, 117, 118, 119, 120, 121, 122, 123, 124, 125, 126, 127, 128, 129, 130, 131, 132, 133, 134, 135, 136, 137, 138, 139, 140, 141, 142, 143, 144, 145, 146, 147, 148, 149, 150, 151, 152, 153, 154, 155, 156, 157, 158, 159, 160, 161, 162, 163, 164, 165, 166, 167, 168, 169, 170, 171, 172, 173, 174, 175, 176, 177, 178, 179, 180, 181, 182, 183, 184, 185, 186, 187, 188, 189, 190, 191, 192, 193, 194, 195, 196, 197, 198, 199, 200, 201, 202, 203]
max_cycle = 50
direct = 1
conv_tol = 1e-07
conv_tol_normt = 1e-05
diis_space = 6
diis_start_cycle = 0
diis_start_energy_diff = 1e+09
max_memory 700000 MB (current use 201 MB)
    CPU time for get_k_kpts: make_kpt ki>=kj (0,*)     26.47 sec, wall time      1.27 sec
    CPU time for get_k_kpts: make_kpt ki>=kj (1,*)     68.24 sec, wall time      2.43 sec
    CPU time for get_k_kpts: make_kpt ki>=kj (2,*)     96.03 sec, wall time      3.58 sec
    CPU time for get_k_kpts: make_kpt ki>=kj (3,*)    134.74 sec, wall time      5.04 sec
    CPU time for get_k_kpts: make_kpt ki>=kj (4,*)    166.07 sec, wall time      6.37 sec
    CPU time for get_k_kpts: make_kpt ki>=kj (5,*)    204.11 sec, wall time      7.56 sec
    CPU time for get_k_kpts: make_kpt ki>=kj (6,*)    245.87 sec, wall time      9.29 sec
    CPU time for get_k_kpts: make_kpt ki>=kj (7,*)    275.86 sec, wall time     11.19 sec
    CPU time for get_k_kpts: make_kpt ki>=kj (8,*)    292.35 sec, wall time     11.78 sec
    CPU time for get_k_kpts: make_kpt ki>=kj (9,*)    339.89 sec, wall time     12.57 sec
    CPU time for get_k_kpts: make_kpt ki>=kj (10,*)    361.89 sec, wall time     13.35 sec
    CPU time for get_k_kpts: make_kpt ki>=kj (11,*)    412.77 sec, wall time     15.36 sec
    CPU time for get_k_kpts: make_kpt ki>=kj (12,*)    424.29 sec, wall time     46.71 sec
    CPU time for get_k_kpts: make_kpt ki>=kj (13,*)    462.85 sec, wall time     17.64 sec
    CPU time for get_k_kpts: make_kpt ki>=kj (14,*)    516.88 sec, wall time     19.55 sec
    CPU time for get_k_kpts: make_kpt ki>=kj (15,*)    531.14 sec, wall time     20.37 sec
    CPU time for get_k_kpts: make_kpt ki>=kj (16,*)    580.77 sec, wall time     22.62 sec
    CPU time for get_k_kpts: make_kpt ki>=kj (17,*)    609.58 sec, wall time     23.66 sec
    CPU time for get_k_kpts: make_kpt ki>=kj (18,*)    638.35 sec, wall time     45.42 sec
    CPU time for get_k_kpts: make_kpt ki>=kj (19,*)    691.87 sec, wall time     26.32 sec
    CPU time for get_k_kpts: make_kpt ki>=kj (20,*)    714.17 sec, wall time     26.72 sec
    CPU time for get_k_kpts: make_kpt ki>=kj (21,*)    738.72 sec, wall time     28.39 sec
    CPU time for get_k_kpts: make_kpt ki>=kj (22,*)    793.38 sec, wall time     35.27 sec
    CPU time for get_k_kpts: make_kpt ki>=kj (23,*)    829.67 sec, wall time     33.85 sec
    CPU time for get_k_kpts: make_kpt ki>=kj (24,*)    854.79 sec, wall time     32.59 sec
    CPU time for get_k_kpts: make_kpt ki>=kj (25,*)    894.21 sec, wall time     33.81 sec
    CPU time for get_k_kpts: make_kpt ki>=kj (26,*)    914.00 sec, wall time     34.76 sec
    CPU time for get_k_kpts: make_kpt ki>=kj (27,*)    978.11 sec, wall time     37.34 sec
    CPU time for get_k_kpts: make_kpt ki>=kj (28,*)    998.94 sec, wall time     38.41 sec
    CPU time for get_k_kpts: make_kpt ki>=kj (29,*)    999.80 sec, wall time     38.20 sec
    CPU time for get_k_kpts: make_kpt ki>=kj (30,*)   1053.79 sec, wall time     40.71 sec
    CPU time for get_k_kpts: make_kpt ki>=kj (31,*)   1064.05 sec, wall time     41.19 sec
    CPU time for get_k_kpts: make_kpt ki>=kj (32,*)   1149.62 sec, wall time     46.22 sec
    CPU time for get_k_kpts: make_kpt ki>=kj (33,*)   1170.26 sec, wall time     44.12 sec
    CPU time for get_k_kpts: make_kpt ki>=kj (34,*)   1193.27 sec, wall time     45.15 sec
    CPU time for get_k_kpts: make_kpt ki>=kj (35,*)   1225.82 sec, wall time     47.22 sec
    CPU time for get_k_kpts: make_kpt ki>=kj (36,*)   1308.62 sec, wall time     53.75 sec
    CPU time for get_k_kpts: make_kpt ki>=kj (37,*)   1324.62 sec, wall time     51.70 sec
    CPU time for get_k_kpts: make_kpt ki>=kj (38,*)   1334.70 sec, wall time     50.63 sec
    CPU time for get_k_kpts: make_kpt ki>=kj (39,*)   1446.58 sec, wall time     59.48 sec
    CPU time for get_k_kpts: make_kpt ki>=kj (40,*)   1428.68 sec, wall time     55.18 sec
    CPU time for get_k_kpts: make_kpt ki>=kj (41,*)   1466.22 sec, wall time     58.42 sec
    CPU time for get_k_kpts: make_kpt ki>=kj (42,*)   1422.69 sec, wall time     57.01 sec
    CPU time for get_k_kpts: make_kpt ki>=kj (43,*)   1514.29 sec, wall time     61.79 sec
    CPU time for get_k_kpts: make_kpt ki>=kj (44,*)   1551.29 sec, wall time     59.83 sec
    CPU time for get_k_kpts: make_kpt ki>=kj (45,*)   1586.84 sec, wall time     60.92 sec
    CPU time for get_k_kpts: make_kpt ki>=kj (46,*)   1615.15 sec, wall time     61.70 sec
    CPU time for get_k_kpts: make_kpt ki>=kj (47,*)   1693.15 sec, wall time     65.09 sec
    CPU time for get_k_kpts: make_kpt ki>=kj (48,*)   1667.31 sec, wall time     64.85 sec
    CPU time for get_k_kpts: make_kpt ki>=kj (49,*)   1709.80 sec, wall time     65.97 sec
    CPU time for get_k_kpts: make_kpt ki>=kj (50,*)   1799.20 sec, wall time     70.47 sec
    CPU time for get_k_kpts: make_kpt ki>=kj (51,*)   1789.09 sec, wall time     69.69 sec
    CPU time for get_k_kpts: make_kpt ki>=kj (52,*)   1804.16 sec, wall time     68.87 sec
    CPU time for get_k_kpts: make_kpt ki>=kj (53,*)   1911.99 sec, wall time     74.75 sec
    CPU time for get_k_kpts: make_kpt ki>=kj (54,*)   1882.18 sec, wall time     75.52 sec
    CPU time for get_k_kpts: make_kpt ki>=kj (55,*)   1910.62 sec, wall time     72.23 sec
    CPU time for get_k_kpts: make_kpt ki>=kj (56,*)   1961.85 sec, wall time     76.93 sec
    CPU time for get_k_kpts: make_kpt ki>=kj (57,*)   1995.86 sec, wall time     78.18 sec
    CPU time for get_k_kpts: make_kpt ki>=kj (58,*)   2080.26 sec, wall time     78.92 sec
    CPU time for get_k_kpts: make_kpt ki>=kj (59,*)   2079.83 sec, wall time     80.90 sec
    CPU time for get_k_kpts: make_kpt ki>=kj (60,*)   2120.60 sec, wall time     81.35 sec
    CPU time for get_k_kpts: make_kpt ki>=kj (61,*)   2133.54 sec, wall time     84.30 sec
    CPU time for get_k_kpts: make_kpt ki>=kj (62,*)   2178.85 sec, wall time     84.48 sec
    CPU time for get_k_kpts: make_kpt ki>=kj (63,*)   2191.77 sec, wall time    111.70 sec
Monkhorst pack size [4 4 4] ew_eta 0.6710327124888426 ew_cut 10.468088376274878
Ewald components = 1.93298039817556e-111, -0.378783297770942, 0.330352519723757
    CPU time for get_j pass 1   1125.09 sec, wall time     40.18 sec
    CPU time for get_j pass 2     25.51 sec, wall time     20.16 sec
    CPU time for vj and vk  72723.06 sec, wall time   2921.47 sec
    CPU time for vnuc pass1: analytic int   5875.90 sec, wall time    186.35 sec
    CPU time for contracting Vnuc [0:896]    467.45 sec, wall time     16.99 sec
    CPU time for contracting Vnuc    467.45 sec, wall time     16.99 sec
    CPU time for get_nuc   6345.81 sec, wall time    203.42 sec

******** <class 'pyscf.pbc.cc.kccsd_rhf.RCCSD'> ********
CC2 = 0
CCSD nocc = 18, nmo = 24
frozen orbitals [0, 1, 26, 27, 28, 29, 30, 31, 32, 33, 34, 35, 36, 37, 38, 39, 40, 41, 42, 43, 44, 45, 46, 47, 48, 49, 50, 51, 52, 53, 54, 55, 56, 57, 58, 59, 60, 61, 62, 63, 64, 65, 66, 67, 68, 69, 70, 71, 72, 73, 74, 75, 76, 77, 78, 79, 80, 81, 82, 83, 84, 85, 86, 87, 88, 89, 90, 91, 92, 93, 94, 95, 96, 97, 98, 99, 100, 101, 102, 103, 104, 105, 106, 107, 108, 109, 110, 111, 112, 113, 114, 115, 116, 117, 118, 119, 120, 121, 122, 123, 124, 125, 126, 127, 128, 129, 130, 131, 132, 133, 134, 135, 136, 137, 138, 139, 140, 141, 142, 143, 144, 145, 146, 147, 148, 149, 150, 151, 152, 153, 154, 155, 156, 157, 158, 159, 160, 161, 162, 163, 164, 165, 166, 167, 168, 169, 170, 171, 172, 173, 174, 175, 176, 177, 178, 179, 180, 181, 182, 183, 184, 185, 186, 187, 188, 189, 190, 191, 192, 193, 194, 195, 196, 197, 198, 199, 200, 201, 202, 203]
max_cycle = 50
direct = 1
conv_tol = 1e-07
conv_tol_normt = 1e-05
diis_space = 6
diis_start_cycle = 0
diis_start_energy_diff = 1e+09
max_memory 700000 MB (current use 724 MB)
    CPU time for transforming DF-MP2 integrals  33407.25 sec, wall time   3533.85 sec
t1 type: <class 'numpy.ndarray'>
t2 type: <class 'numpy.ndarray'>
