
******** <class 'pyscf.pbc.cc.kccsd_rhf.RCCSD'> ********
CC2 = 0
CCSD nocc = 18, nmo = 24
frozen orbitals [0, 1, 26, 27, 28, 29, 30, 31, 32, 33, 34, 35, 36, 37, 38, 39, 40, 41, 42, 43, 44, 45, 46, 47, 48, 49, 50, 51, 52, 53, 54, 55, 56, 57, 58, 59, 60, 61, 62, 63, 64, 65, 66, 67, 68, 69, 70, 71, 72, 73, 74, 75, 76, 77, 78, 79, 80, 81, 82, 83, 84, 85, 86, 87, 88, 89, 90, 91, 92, 93, 94, 95, 96, 97, 98, 99, 100, 101, 102, 103, 104, 105, 106, 107, 108, 109, 110, 111, 112, 113, 114, 115, 116, 117, 118, 119, 120, 121, 122, 123, 124, 125, 126, 127, 128, 129, 130, 131, 132, 133, 134, 135, 136, 137, 138, 139, 140, 141, 142, 143, 144, 145, 146, 147, 148, 149, 150, 151, 152, 153, 154, 155, 156, 157, 158, 159, 160, 161, 162, 163, 164, 165, 166, 167, 168, 169, 170, 171, 172, 173, 174, 175, 176, 177, 178, 179, 180, 181, 182, 183, 184, 185, 186, 187, 188, 189, 190, 191, 192, 193, 194, 195, 196, 197, 198, 199, 200, 201, 202, 203]
max_cycle = 50
direct = 1
conv_tol = 1e-07
conv_tol_normt = 1e-05
diis_space = 6
diis_start_cycle = 0
diis_start_energy_diff = 1e+09
max_memory 700000 MB (current use 127 MB)
    CPU time for get_k_kpts: make_kpt ki>=kj (0,*)     28.09 sec, wall time      1.36 sec
    CPU time for get_k_kpts: make_kpt ki>=kj (1,*)     67.96 sec, wall time      2.41 sec
    CPU time for get_k_kpts: make_kpt ki>=kj (2,*)     97.50 sec, wall time      3.59 sec
    CPU time for get_k_kpts: make_kpt ki>=kj (3,*)    128.07 sec, wall time      5.11 sec
    CPU time for get_k_kpts: make_kpt ki>=kj (4,*)    157.91 sec, wall time      5.97 sec
    CPU time for get_k_kpts: make_kpt ki>=kj (5,*)    189.36 sec, wall time      7.21 sec
    CPU time for get_k_kpts: make_kpt ki>=kj (6,*)    227.70 sec, wall time      8.72 sec
    CPU time for get_k_kpts: make_kpt ki>=kj (7,*)    259.82 sec, wall time     10.37 sec
    CPU time for get_k_kpts: make_kpt ki>=kj (8,*)    309.40 sec, wall time     11.60 sec
    CPU time for get_k_kpts: make_kpt ki>=kj (9,*)    361.08 sec, wall time     13.86 sec
    CPU time for get_k_kpts: make_kpt ki>=kj (10,*)    387.28 sec, wall time     14.53 sec
    CPU time for get_k_kpts: make_kpt ki>=kj (11,*)    427.46 sec, wall time     16.47 sec
    CPU time for get_k_kpts: make_kpt ki>=kj (12,*)    439.65 sec, wall time     16.54 sec
    CPU time for get_k_kpts: make_kpt ki>=kj (13,*)    474.64 sec, wall time     17.70 sec
    CPU time for get_k_kpts: make_kpt ki>=kj (14,*)    516.05 sec, wall time     19.52 sec
    CPU time for get_k_kpts: make_kpt ki>=kj (15,*)    549.63 sec, wall time     20.63 sec
    CPU time for get_k_kpts: make_kpt ki>=kj (16,*)    589.04 sec, wall time     22.19 sec
    CPU time for get_k_kpts: make_kpt ki>=kj (17,*)    611.91 sec, wall time     22.91 sec
    CPU time for get_k_kpts: make_kpt ki>=kj (18,*)    654.69 sec, wall time     25.06 sec
    CPU time for get_k_kpts: make_kpt ki>=kj (19,*)    683.79 sec, wall time     28.05 sec
    CPU time for get_k_kpts: make_kpt ki>=kj (20,*)    739.89 sec, wall time     27.90 sec
    CPU time for get_k_kpts: make_kpt ki>=kj (21,*)    736.65 sec, wall time     28.07 sec
    CPU time for get_k_kpts: make_kpt ki>=kj (22,*)    783.39 sec, wall time     29.05 sec
    CPU time for get_k_kpts: make_kpt ki>=kj (23,*)    812.63 sec, wall time     30.35 sec
    CPU time for get_k_kpts: make_kpt ki>=kj (24,*)    872.59 sec, wall time     32.60 sec
    CPU time for get_k_kpts: make_kpt ki>=kj (25,*)    885.59 sec, wall time     34.34 sec
    CPU time for get_k_kpts: make_kpt ki>=kj (26,*)    932.42 sec, wall time     34.97 sec
Monkhorst pack size [3 3 3] ew_eta 0.8844880366313383 ew_cut 7.945196698079207
Ewald components = 7.43877040383099e-109, -0.499283113992858, 0.434708743263287
    CPU time for get_j pass 1    377.56 sec, wall time     11.88 sec
    CPU time for get_j pass 2     12.75 sec, wall time      8.30 sec
    CPU time for vj and vk  13321.02 sec, wall time    511.50 sec
    CPU time for vnuc pass1: analytic int   3624.84 sec, wall time    114.94 sec
    CPU time for contracting Vnuc [0:896]    306.75 sec, wall time     10.52 sec
    CPU time for contracting Vnuc    306.75 sec, wall time     10.52 sec
    CPU time for get_nuc   3932.42 sec, wall time    125.48 sec

******** <class 'pyscf.pbc.cc.kccsd_rhf.RCCSD'> ********
CC2 = 0
CCSD nocc = 18, nmo = 24
frozen orbitals [0, 1, 26, 27, 28, 29, 30, 31, 32, 33, 34, 35, 36, 37, 38, 39, 40, 41, 42, 43, 44, 45, 46, 47, 48, 49, 50, 51, 52, 53, 54, 55, 56, 57, 58, 59, 60, 61, 62, 63, 64, 65, 66, 67, 68, 69, 70, 71, 72, 73, 74, 75, 76, 77, 78, 79, 80, 81, 82, 83, 84, 85, 86, 87, 88, 89, 90, 91, 92, 93, 94, 95, 96, 97, 98, 99, 100, 101, 102, 103, 104, 105, 106, 107, 108, 109, 110, 111, 112, 113, 114, 115, 116, 117, 118, 119, 120, 121, 122, 123, 124, 125, 126, 127, 128, 129, 130, 131, 132, 133, 134, 135, 136, 137, 138, 139, 140, 141, 142, 143, 144, 145, 146, 147, 148, 149, 150, 151, 152, 153, 154, 155, 156, 157, 158, 159, 160, 161, 162, 163, 164, 165, 166, 167, 168, 169, 170, 171, 172, 173, 174, 175, 176, 177, 178, 179, 180, 181, 182, 183, 184, 185, 186, 187, 188, 189, 190, 191, 192, 193, 194, 195, 196, 197, 198, 199, 200, 201, 202, 203]
max_cycle = 50
direct = 1
conv_tol = 1e-07
conv_tol_normt = 1e-05
diis_space = 6
diis_start_cycle = 0
diis_start_energy_diff = 1e+09
max_memory 700000 MB (current use 1309 MB)
    CPU time for transforming DF-MP2 integrals   5876.77 sec, wall time    371.85 sec
t1 type: <class 'numpy.ndarray'>
t2 type: <class 'numpy.ndarray'>
