
******** <class 'pyscf.pbc.cc.kccsd_rhf.RCCSD'> ********
CC2 = 0
CCSD nocc = 18, nmo = 24
frozen orbitals [0, 1, 26, 27, 28, 29, 30, 31, 32, 33, 34, 35, 36, 37, 38, 39, 40, 41, 42, 43, 44, 45, 46, 47, 48, 49, 50, 51, 52, 53, 54, 55, 56, 57, 58, 59, 60, 61, 62, 63, 64, 65, 66, 67, 68, 69, 70, 71, 72, 73, 74, 75, 76, 77, 78, 79, 80, 81, 82, 83, 84, 85, 86, 87, 88, 89, 90, 91, 92, 93, 94, 95, 96, 97, 98, 99, 100, 101, 102, 103, 104, 105, 106, 107, 108, 109, 110, 111, 112, 113, 114, 115, 116, 117, 118, 119, 120, 121, 122, 123, 124, 125, 126, 127, 128, 129, 130, 131, 132, 133, 134, 135, 136, 137, 138, 139, 140, 141, 142, 143, 144, 145, 146, 147, 148, 149, 150, 151, 152, 153, 154, 155, 156, 157, 158, 159, 160, 161, 162, 163, 164, 165, 166, 167, 168, 169, 170, 171, 172, 173, 174, 175, 176, 177, 178, 179, 180, 181, 182, 183, 184, 185, 186, 187, 188, 189, 190, 191, 192, 193, 194, 195, 196, 197, 198, 199, 200, 201, 202, 203]
max_cycle = 50
direct = 1
conv_tol = 1e-07
conv_tol_normt = 1e-05
diis_space = 6
diis_start_cycle = 0
diis_start_energy_diff = 1e+09
max_memory 700000 MB (current use 103 MB)
    CPU time for get_k_kpts: make_kpt ki>=kj (0,*)     30.10 sec, wall time      1.40 sec
    CPU time for get_k_kpts: make_kpt ki>=kj (1,*)     75.89 sec, wall time      2.71 sec
    CPU time for get_k_kpts: make_kpt ki>=kj (2,*)    102.38 sec, wall time      3.74 sec
    CPU time for get_k_kpts: make_kpt ki>=kj (3,*)    155.90 sec, wall time      5.85 sec
    CPU time for get_k_kpts: make_kpt ki>=kj (4,*)    184.37 sec, wall time      6.67 sec
    CPU time for get_k_kpts: make_kpt ki>=kj (5,*)    233.87 sec, wall time      8.68 sec
    CPU time for get_k_kpts: make_kpt ki>=kj (6,*)    270.04 sec, wall time      9.87 sec
    CPU time for get_k_kpts: make_kpt ki>=kj (7,*)    311.61 sec, wall time     11.49 sec
Monkhorst pack size [2 2 2] ew_eta 1.3059867597572923 ew_cut 5.384097344598738
Ewald components = 2.1452953489755e-105, -0.737233080691535, 0.64037152459719
    CPU time for get_j pass 1    111.64 sec, wall time      3.52 sec
    CPU time for get_j pass 2      7.82 sec, wall time      2.36 sec
    CPU time for vj and vk   1488.47 sec, wall time     56.48 sec
    CPU time for vnuc pass1: analytic int   2773.63 sec, wall time     88.44 sec
    CPU time for contracting Vnuc [0:896]    224.23 sec, wall time      7.15 sec
    CPU time for contracting Vnuc    224.23 sec, wall time      7.15 sec
    CPU time for get_nuc   2998.12 sec, wall time     95.60 sec

******** <class 'pyscf.pbc.cc.kccsd_rhf.RCCSD'> ********
CC2 = 0
CCSD nocc = 18, nmo = 24
frozen orbitals [0, 1, 26, 27, 28, 29, 30, 31, 32, 33, 34, 35, 36, 37, 38, 39, 40, 41, 42, 43, 44, 45, 46, 47, 48, 49, 50, 51, 52, 53, 54, 55, 56, 57, 58, 59, 60, 61, 62, 63, 64, 65, 66, 67, 68, 69, 70, 71, 72, 73, 74, 75, 76, 77, 78, 79, 80, 81, 82, 83, 84, 85, 86, 87, 88, 89, 90, 91, 92, 93, 94, 95, 96, 97, 98, 99, 100, 101, 102, 103, 104, 105, 106, 107, 108, 109, 110, 111, 112, 113, 114, 115, 116, 117, 118, 119, 120, 121, 122, 123, 124, 125, 126, 127, 128, 129, 130, 131, 132, 133, 134, 135, 136, 137, 138, 139, 140, 141, 142, 143, 144, 145, 146, 147, 148, 149, 150, 151, 152, 153, 154, 155, 156, 157, 158, 159, 160, 161, 162, 163, 164, 165, 166, 167, 168, 169, 170, 171, 172, 173, 174, 175, 176, 177, 178, 179, 180, 181, 182, 183, 184, 185, 186, 187, 188, 189, 190, 191, 192, 193, 194, 195, 196, 197, 198, 199, 200, 201, 202, 203]
max_cycle = 50
direct = 1
conv_tol = 1e-07
conv_tol_normt = 1e-05
diis_space = 6
diis_start_cycle = 0
diis_start_energy_diff = 1e+09
max_memory 700000 MB (current use 1077 MB)
    CPU time for transforming DF-MP2 integrals    678.12 sec, wall time     31.47 sec
t1 type: <class 'numpy.ndarray'>
t2 type: <class 'numpy.ndarray'>
