    CPU time for get_k_kpts: make_kpt ki>=kj (0,*)     20.59 sec, wall time      1.13 sec
    CPU time for get_k_kpts: make_kpt ki>=kj (1,*)     65.03 sec, wall time      2.65 sec
    CPU time for get_k_kpts: make_kpt ki>=kj (2,*)    100.45 sec, wall time      4.04 sec
    CPU time for get_k_kpts: make_kpt ki>=kj (3,*)    127.97 sec, wall time      5.06 sec
    CPU time for get_k_kpts: make_kpt ki>=kj (4,*)    156.57 sec, wall time      6.51 sec
    CPU time for get_k_kpts: make_kpt ki>=kj (5,*)    197.45 sec, wall time      8.65 sec
    CPU time for get_k_kpts: make_kpt ki>=kj (6,*)    229.16 sec, wall time      9.15 sec
    CPU time for get_k_kpts: make_kpt ki>=kj (7,*)    272.64 sec, wall time     11.42 sec
    CPU time for get_k_kpts: make_kpt ki>=kj (8,*)    297.62 sec, wall time     13.96 sec
    CPU time for get_k_kpts: make_kpt ki>=kj (9,*)    337.38 sec, wall time     14.02 sec
    CPU time for get_k_kpts: make_kpt ki>=kj (10,*)    377.07 sec, wall time     15.17 sec
    CPU time for get_k_kpts: make_kpt ki>=kj (11,*)    423.58 sec, wall time     17.31 sec
    CPU time for get_k_kpts: make_kpt ki>=kj (12,*)    433.08 sec, wall time     18.51 sec
    CPU time for get_k_kpts: make_kpt ki>=kj (13,*)    462.58 sec, wall time     18.51 sec
    CPU time for get_k_kpts: make_kpt ki>=kj (14,*)    516.03 sec, wall time     21.00 sec
    CPU time for get_k_kpts: make_kpt ki>=kj (15,*)    528.48 sec, wall time     21.65 sec
    CPU time for get_k_kpts: make_kpt ki>=kj (16,*)    571.55 sec, wall time     26.61 sec
    CPU time for get_k_kpts: make_kpt ki>=kj (17,*)    609.98 sec, wall time     23.79 sec
    CPU time for get_k_kpts: make_kpt ki>=kj (18,*)    648.48 sec, wall time     26.36 sec
    CPU time for get_k_kpts: make_kpt ki>=kj (19,*)    659.05 sec, wall time     27.09 sec
    CPU time for get_k_kpts: make_kpt ki>=kj (20,*)    698.10 sec, wall time     28.53 sec
    CPU time for get_k_kpts: make_kpt ki>=kj (21,*)    758.16 sec, wall time     29.89 sec
    CPU time for get_k_kpts: make_kpt ki>=kj (22,*)    764.22 sec, wall time     30.70 sec
    CPU time for get_k_kpts: make_kpt ki>=kj (23,*)    823.58 sec, wall time     35.66 sec
    CPU time for get_k_kpts: make_kpt ki>=kj (24,*)    843.32 sec, wall time     34.72 sec
    CPU time for get_k_kpts: make_kpt ki>=kj (25,*)    881.09 sec, wall time     34.56 sec
    CPU time for get_k_kpts: make_kpt ki>=kj (26,*)    935.45 sec, wall time     37.58 sec
Monkhorst pack size [3 3 3] ew_eta 0.8844880366313383 ew_cut 7.945196698079207
Ewald components = 7.43877040383099e-109, -0.499283113992858, 0.434708743263287
    CPU time for get_j pass 1    370.78 sec, wall time     11.85 sec
    CPU time for get_j pass 2     12.39 sec, wall time      8.41 sec
    CPU time for vj and vk  13128.10 sec, wall time    544.72 sec
    CPU time for vnuc pass1: analytic int   3643.03 sec, wall time    115.32 sec
    CPU time for contracting Vnuc [0:896]    307.77 sec, wall time     10.50 sec
    CPU time for contracting Vnuc    307.77 sec, wall time     10.50 sec
    CPU time for get_nuc   3951.62 sec, wall time    125.85 sec
Ewald components = 1.30435514859409e-35, -627.49757153652, 488.979720419325
    CPU time for vnuc pass1: analytic int   3576.19 sec, wall time    113.12 sec
    CPU time for contracting Vnuc [0:896]    313.73 sec, wall time     10.72 sec
    CPU time for contracting Vnuc    313.73 sec, wall time     10.72 sec
    CPU time for get_nuc   3890.81 sec, wall time    123.87 sec
E1 = (-567.7161474464676+3.3538887965183424e-12j)  E_coul = (113.09239929414386+9.590265379402922e-12j)
using incore ERI storage
    CPU time for CCSD integral transformation 542047.84 sec, wall time  27794.06 sec
    CPU time for EOM-CCSD shared one-electron intermediates    779.66 sec, wall time     25.11 sec
IMDS key to save: Loo , type: <class 'numpy.ndarray'>
IMDS key to save: Lvv , type: <class 'numpy.ndarray'>
IMDS key to save: Fov , type: <class 'numpy.ndarray'>
Made 1e intermediates
