
******** <class 'pyscf.pbc.cc.kccsd_rhf.RCCSD'> ********
CC2 = 0
CCSD nocc = 18, nmo = 24
frozen orbitals [0, 1, 26, 27, 28, 29, 30, 31, 32, 33, 34, 35, 36, 37, 38, 39, 40, 41, 42, 43, 44, 45, 46, 47, 48, 49, 50, 51, 52, 53, 54, 55, 56, 57, 58, 59, 60, 61, 62, 63, 64, 65, 66, 67, 68, 69, 70, 71, 72, 73, 74, 75, 76, 77, 78, 79, 80, 81, 82, 83, 84, 85, 86, 87, 88, 89, 90, 91, 92, 93, 94, 95, 96, 97, 98, 99, 100, 101, 102, 103, 104, 105, 106, 107, 108, 109, 110, 111, 112, 113, 114, 115, 116, 117, 118, 119, 120, 121, 122, 123, 124, 125, 126, 127, 128, 129, 130, 131, 132, 133, 134, 135, 136, 137, 138, 139, 140, 141, 142, 143, 144, 145, 146, 147, 148, 149, 150, 151, 152, 153, 154, 155, 156, 157, 158, 159, 160, 161, 162, 163, 164, 165, 166, 167, 168, 169, 170, 171, 172, 173, 174, 175, 176, 177, 178, 179, 180, 181, 182, 183, 184, 185, 186, 187, 188, 189, 190, 191, 192, 193, 194, 195, 196, 197, 198, 199, 200, 201, 202, 203]
max_cycle = 50
direct = 1
conv_tol = 1e-07
conv_tol_normt = 1e-05
diis_space = 6
diis_start_cycle = 0
diis_start_energy_diff = 1e+09
max_memory 700000 MB (current use 121 MB)
    CPU time for get_k_kpts: make_kpt ki>=kj (0,*)     26.06 sec, wall time      1.37 sec
    CPU time for get_k_kpts: make_kpt ki>=kj (1,*)     77.92 sec, wall time      2.80 sec
    CPU time for get_k_kpts: make_kpt ki>=kj (2,*)    115.07 sec, wall time      4.01 sec
    CPU time for get_k_kpts: make_kpt ki>=kj (3,*)    143.93 sec, wall time      5.44 sec
    CPU time for get_k_kpts: make_kpt ki>=kj (4,*)    179.43 sec, wall time      6.91 sec
    CPU time for get_k_kpts: make_kpt ki>=kj (5,*)    217.29 sec, wall time      8.03 sec
    CPU time for get_k_kpts: make_kpt ki>=kj (6,*)    261.50 sec, wall time      9.35 sec
    CPU time for get_k_kpts: make_kpt ki>=kj (7,*)    296.23 sec, wall time     10.78 sec
    CPU time for get_k_kpts: make_kpt ki>=kj (8,*)    341.39 sec, wall time     12.19 sec
    CPU time for get_k_kpts: make_kpt ki>=kj (9,*)    374.02 sec, wall time     14.99 sec
    CPU time for get_k_kpts: make_kpt ki>=kj (10,*)    436.75 sec, wall time     16.22 sec
    CPU time for get_k_kpts: make_kpt ki>=kj (11,*)    463.03 sec, wall time     17.01 sec
    CPU time for get_k_kpts: make_kpt ki>=kj (12,*)    507.82 sec, wall time     19.40 sec
    CPU time for get_k_kpts: make_kpt ki>=kj (13,*)    537.58 sec, wall time     19.92 sec
    CPU time for get_k_kpts: make_kpt ki>=kj (14,*)    626.10 sec, wall time     22.60 sec
    CPU time for get_k_kpts: make_kpt ki>=kj (15,*)    641.11 sec, wall time     23.58 sec
    CPU time for get_k_kpts: make_kpt ki>=kj (16,*)    646.97 sec, wall time     24.45 sec
    CPU time for get_k_kpts: make_kpt ki>=kj (17,*)    676.48 sec, wall time     24.93 sec
    CPU time for get_k_kpts: make_kpt ki>=kj (18,*)    783.39 sec, wall time     28.83 sec
    CPU time for get_k_kpts: make_kpt ki>=kj (19,*)    786.37 sec, wall time     29.02 sec
    CPU time for get_k_kpts: make_kpt ki>=kj (20,*)    802.92 sec, wall time     29.16 sec
    CPU time for get_k_kpts: make_kpt ki>=kj (21,*)    804.23 sec, wall time     30.22 sec
    CPU time for get_k_kpts: make_kpt ki>=kj (22,*)    880.63 sec, wall time     32.11 sec
    CPU time for get_k_kpts: make_kpt ki>=kj (23,*)    932.56 sec, wall time     33.44 sec
    CPU time for get_k_kpts: make_kpt ki>=kj (24,*)   1037.95 sec, wall time     40.47 sec
    CPU time for get_k_kpts: make_kpt ki>=kj (25,*)   1034.31 sec, wall time     37.17 sec
    CPU time for get_k_kpts: make_kpt ki>=kj (26,*)   1074.58 sec, wall time     38.99 sec
Monkhorst pack size [3 3 3] ew_eta 0.8844880366313383 ew_cut 7.945196698079207
Ewald components = 7.43877040383099e-109, -0.499283113992858, 0.434708743263287
    CPU time for get_j pass 1    437.78 sec, wall time     13.97 sec
    CPU time for get_j pass 2     14.34 sec, wall time      8.18 sec
    CPU time for vj and vk  15166.21 sec, wall time    565.80 sec
    CPU time for vnuc pass1: analytic int   3615.60 sec, wall time    114.45 sec
    CPU time for contracting Vnuc [0:896]    310.90 sec, wall time     10.63 sec
    CPU time for contracting Vnuc    310.90 sec, wall time     10.63 sec
    CPU time for get_nuc   3927.53 sec, wall time    125.12 sec

******** <class 'pyscf.pbc.cc.kccsd_rhf.RCCSD'> ********
CC2 = 0
CCSD nocc = 18, nmo = 24
frozen orbitals [0, 1, 26, 27, 28, 29, 30, 31, 32, 33, 34, 35, 36, 37, 38, 39, 40, 41, 42, 43, 44, 45, 46, 47, 48, 49, 50, 51, 52, 53, 54, 55, 56, 57, 58, 59, 60, 61, 62, 63, 64, 65, 66, 67, 68, 69, 70, 71, 72, 73, 74, 75, 76, 77, 78, 79, 80, 81, 82, 83, 84, 85, 86, 87, 88, 89, 90, 91, 92, 93, 94, 95, 96, 97, 98, 99, 100, 101, 102, 103, 104, 105, 106, 107, 108, 109, 110, 111, 112, 113, 114, 115, 116, 117, 118, 119, 120, 121, 122, 123, 124, 125, 126, 127, 128, 129, 130, 131, 132, 133, 134, 135, 136, 137, 138, 139, 140, 141, 142, 143, 144, 145, 146, 147, 148, 149, 150, 151, 152, 153, 154, 155, 156, 157, 158, 159, 160, 161, 162, 163, 164, 165, 166, 167, 168, 169, 170, 171, 172, 173, 174, 175, 176, 177, 178, 179, 180, 181, 182, 183, 184, 185, 186, 187, 188, 189, 190, 191, 192, 193, 194, 195, 196, 197, 198, 199, 200, 201, 202, 203]
max_cycle = 50
direct = 1
conv_tol = 1e-07
conv_tol_normt = 1e-05
diis_space = 6
diis_start_cycle = 0
diis_start_energy_diff = 1e+09
max_memory 700000 MB (current use 1322 MB)
    CPU time for transforming DF-MP2 integrals   7548.87 sec, wall time    395.80 sec
t1 type: <class 'numpy.ndarray'>
t2 type: <class 'numpy.ndarray'>
