
******** <class 'pyscf.pbc.cc.eom_kccsd_rhf.CVSEOMIP'> ********
max_space = 20
max_cycle = 50
conv_tol = 1e-07
partition = mp
max_memory 700000 MB (current use 106 MB)
tol 1e-07  toloose 0.000316228
max_cycle 50  max_space 28  max_memory 2000  incore True
davidson 0 3  |r|= 1.43  e= [7.02760725 7.32101403 7.32101403]  max|de|= 7.32  lindep=    1
davidson 1 6  |r|= 13.7  e= [6.71333435 7.32101403 7.32101403]  max|de|= -0.314  lindep= 0.775
davidson 2 9  |r|= 4.53  e= [6.71274031 7.32101403 7.32101403]  max|de|= -0.000594  lindep= 0.727
davidson 3 12  |r|= 0.21  e= [6.7127356  7.32101403 7.32101403]  max|de|= -4.71e-06  lindep= 0.647
root 1 converged  |r|= 0.000247  e= 7.321014028635023  max|de|= -4.44e-15
Throwing out eigenvector 1 with norm=0.000247
davidson 4 15  |r|= 0.00147  e= [6.71273502 7.32101403 7.32101403]  max|de|= -5.77e-07  lindep= 0.628
root 0 converged  |r|= 1.55e-09  e= 6.712735018602775  max|de|= -1.71e-10
Throwing out eigenvector 0 with norm=1.55e-09
davidson 5 17  |r|= 0.000561  e= [6.71273502 7.32101403 7.32101403]  max|de|= -1.71e-10  lindep= 0.617
root 1 converged  |r|= 5.43e-05  e= 7.321014028635032  max|de|= 5.33e-15
root 2 converged  |r|= 0.00015  e= 7.321014028635041  max|de|= 2.66e-15
converged 6 19  |r|= 0.00015  e= [6.71273502 7.32101403 7.32101403]  max|de|= 1.78e-14
EOM-CCSD root 0 E = 6.712735018602793  qpwt = 0.92908
EOM-CCSD root 1 E = 7.321014028635032  qpwt = 2.09482e-14
EOM-CCSD root 2 E = 7.321014028635041  qpwt = 5.06363e-14
    CPU time for EOM-CCSD    191.80 sec, wall time     17.21 sec
