
******** <class 'pyscf.pbc.cc.kccsd_rhf.RCCSD'> ********
CC2 = 0
CCSD nocc = 7, nmo = 59
frozen orbitals [0, 1, 2, 3, 4, 5, 6, 66, 67, 68, 69, 70, 71, 72, 73, 74, 75, 76, 77, 78, 79, 80, 81, 82, 83, 84, 85, 86, 87, 88, 89, 90, 91, 92, 93, 94, 95, 96, 97, 98, 99, 100, 101, 102, 103, 104, 105, 106, 107, 108, 109, 110, 111, 112, 113, 114, 115, 116, 117]
max_cycle = 50
direct = 1
conv_tol = 1e-07
conv_tol_normt = 1e-05
diis_space = 6
diis_start_cycle = 0
diis_start_energy_diff = 1e+09
<<<<<<< HEAD
<<<<<<< HEAD
<<<<<<< HEAD
=======
>>>>>>> cluster
=======
>>>>>>> b0ebe15b9cb21f72d3133d30b88ad83ae944b1df
max_memory 700000 MB (current use 104 MB)
    CPU time for get_k_kpts: make_kpt ki>=kj (0,*)      6.90 sec, wall time      0.32 sec
    CPU time for get_k_kpts: make_kpt ki>=kj (1,*)     17.46 sec, wall time      0.61 sec
    CPU time for get_k_kpts: make_kpt ki>=kj (2,*)     29.08 sec, wall time      0.97 sec
    CPU time for get_k_kpts: make_kpt ki>=kj (3,*)     35.68 sec, wall time      1.16 sec
    CPU time for get_k_kpts: make_kpt ki>=kj (4,*)     53.47 sec, wall time      1.75 sec
    CPU time for get_k_kpts: make_kpt ki>=kj (5,*)     54.51 sec, wall time      1.73 sec
    CPU time for get_k_kpts: make_kpt ki>=kj (6,*)     56.25 sec, wall time      1.80 sec
    CPU time for get_k_kpts: make_kpt ki>=kj (7,*)     69.28 sec, wall time      2.21 sec
<<<<<<< HEAD
Monkhorst pack size [2 2 2] ew_eta 2.0312209471041576 ew_cut 3.463973550287249
Ewald components = 0, -1.14616786107368, 1.03489448450362
    CPU time for get_j pass 1     22.34 sec, wall time      0.72 sec
    CPU time for get_j pass 2      6.51 sec, wall time      0.41 sec
    CPU time for vj and vk    357.34 sec, wall time     11.87 sec
    CPU time for vnuc pass1: analytic int    498.76 sec, wall time     15.83 sec
    CPU time for contracting Vnuc [0:729]     66.87 sec, wall time      2.12 sec
    CPU time for contracting Vnuc     66.87 sec, wall time      2.12 sec
    CPU time for get_nuc    565.72 sec, wall time     17.95 sec
<<<<<<< HEAD
=======
max_memory 700000 MB (current use 81 MB)
    CPU time for get_k_kpts: make_kpt ki>=kj (0,*)      5.62 sec, wall time      0.36 sec
    CPU time for get_k_kpts: make_kpt ki>=kj (1,*)     18.82 sec, wall time      0.76 sec
    CPU time for get_k_kpts: make_kpt ki>=kj (2,*)     33.66 sec, wall time      1.36 sec
    CPU time for get_k_kpts: make_kpt ki>=kj (3,*)     41.78 sec, wall time      1.60 sec
    CPU time for get_k_kpts: make_kpt ki>=kj (4,*)     57.50 sec, wall time      1.93 sec
    CPU time for get_k_kpts: make_kpt ki>=kj (5,*)     68.30 sec, wall time      2.20 sec
    CPU time for get_k_kpts: make_kpt ki>=kj (6,*)     68.76 sec, wall time      2.18 sec
    CPU time for get_k_kpts: make_kpt ki>=kj (7,*)     77.70 sec, wall time      2.47 sec
Monkhorst pack size [2 2 2] ew_eta 2.0312209471041576 ew_cut 3.463973550287249
Ewald components = 0, -1.14616786107368, 1.03489448450362
    CPU time for get_j pass 1     22.70 sec, wall time      0.80 sec
    CPU time for get_j pass 2      5.90 sec, wall time      0.44 sec
    CPU time for vj and vk    406.03 sec, wall time     14.26 sec
    CPU time for vnuc pass1: analytic int    498.31 sec, wall time     15.82 sec
    CPU time for contracting Vnuc [0:729]     67.20 sec, wall time      2.13 sec
    CPU time for contracting Vnuc     67.20 sec, wall time      2.13 sec
    CPU time for get_nuc    565.60 sec, wall time     17.95 sec
>>>>>>> f0983ef5bf9ad467b05de206ad1aa900b1c074f6
<<<<<<< HEAD
=======
Monkhorst pack size [2 2 2] ew_eta 2.0312209471041576 ew_cut 3.463973550287249
Ewald components = 0, -1.14616786107368, 1.03489448450362
    CPU time for get_j pass 1     22.34 sec, wall time      0.72 sec
    CPU time for get_j pass 2      6.51 sec, wall time      0.41 sec
    CPU time for vj and vk    357.34 sec, wall time     11.87 sec
    CPU time for vnuc pass1: analytic int    498.76 sec, wall time     15.83 sec
    CPU time for contracting Vnuc [0:729]     66.87 sec, wall time      2.12 sec
    CPU time for contracting Vnuc     66.87 sec, wall time      2.12 sec
    CPU time for get_nuc    565.72 sec, wall time     17.95 sec
>>>>>>> cluster
=======
>>>>>>> b0ebe15b9cb21f72d3133d30b88ad83ae944b1df

******** <class 'pyscf.pbc.cc.kccsd_rhf.RCCSD'> ********
CC2 = 0
CCSD nocc = 7, nmo = 59
frozen orbitals [0, 1, 2, 3, 4, 5, 6, 66, 67, 68, 69, 70, 71, 72, 73, 74, 75, 76, 77, 78, 79, 80, 81, 82, 83, 84, 85, 86, 87, 88, 89, 90, 91, 92, 93, 94, 95, 96, 97, 98, 99, 100, 101, 102, 103, 104, 105, 106, 107, 108, 109, 110, 111, 112, 113, 114, 115, 116, 117]
max_cycle = 50
direct = 1
conv_tol = 1e-07
conv_tol_normt = 1e-05
diis_space = 6
diis_start_cycle = 0
diis_start_energy_diff = 1e+09
<<<<<<< HEAD
<<<<<<< HEAD
<<<<<<< HEAD
max_memory 700000 MB (current use 935 MB)
    CPU time for transforming DF-MP2 integrals    195.82 sec, wall time      6.14 sec
=======
max_memory 700000 MB (current use 932 MB)
    CPU time for transforming DF-MP2 integrals    199.93 sec, wall time      6.27 sec
>>>>>>> f0983ef5bf9ad467b05de206ad1aa900b1c074f6
=======
max_memory 700000 MB (current use 935 MB)
    CPU time for transforming DF-MP2 integrals    195.82 sec, wall time      6.14 sec
>>>>>>> cluster
=======
max_memory 700000 MB (current use 935 MB)
    CPU time for transforming DF-MP2 integrals    195.82 sec, wall time      6.14 sec
=======
max_memory 700000 MB (current use 932 MB)
    CPU time for transforming DF-MP2 integrals    199.93 sec, wall time      6.27 sec
>>>>>>> f0983ef5bf9ad467b05de206ad1aa900b1c074f6
>>>>>>> b0ebe15b9cb21f72d3133d30b88ad83ae944b1df
t1 type: <class 'numpy.ndarray'>
t2 type: <class 'numpy.ndarray'>
