<<<<<<< HEAD
<<<<<<< HEAD
<<<<<<< HEAD
=======
>>>>>>> cluster
=======
>>>>>>> b0ebe15b9cb21f72d3133d30b88ad83ae944b1df
    CPU time for get_k_kpts: make_kpt ki>=kj (0,*)      3.74 sec, wall time      0.37 sec
    CPU time for get_k_kpts: make_kpt ki>=kj (1,*)     14.92 sec, wall time      0.70 sec
    CPU time for get_k_kpts: make_kpt ki>=kj (2,*)     26.44 sec, wall time      1.16 sec
    CPU time for get_k_kpts: make_kpt ki>=kj (3,*)     38.49 sec, wall time      1.82 sec
    CPU time for get_k_kpts: make_kpt ki>=kj (4,*)     45.83 sec, wall time      2.16 sec
    CPU time for get_k_kpts: make_kpt ki>=kj (5,*)     54.40 sec, wall time      2.53 sec
    CPU time for get_k_kpts: make_kpt ki>=kj (6,*)     65.60 sec, wall time      2.82 sec
    CPU time for get_k_kpts: make_kpt ki>=kj (7,*)     70.24 sec, wall time      3.16 sec
    CPU time for get_k_kpts: make_kpt ki>=kj (8,*)     85.09 sec, wall time      3.61 sec
    CPU time for get_k_kpts: make_kpt ki>=kj (9,*)     92.63 sec, wall time      4.34 sec
    CPU time for get_k_kpts: make_kpt ki>=kj (10,*)    103.66 sec, wall time      4.04 sec
    CPU time for get_k_kpts: make_kpt ki>=kj (11,*)    121.33 sec, wall time      3.86 sec
    CPU time for get_k_kpts: make_kpt ki>=kj (12,*)    138.17 sec, wall time      4.39 sec
    CPU time for get_k_kpts: make_kpt ki>=kj (13,*)    130.85 sec, wall time      4.17 sec
    CPU time for get_k_kpts: make_kpt ki>=kj (14,*)    142.27 sec, wall time      4.57 sec
    CPU time for get_k_kpts: make_kpt ki>=kj (15,*)    160.94 sec, wall time      5.42 sec
    CPU time for get_k_kpts: make_kpt ki>=kj (16,*)    152.67 sec, wall time      4.87 sec
    CPU time for get_k_kpts: make_kpt ki>=kj (17,*)    147.75 sec, wall time      4.68 sec
    CPU time for get_k_kpts: make_kpt ki>=kj (18,*)    181.14 sec, wall time      5.77 sec
    CPU time for get_k_kpts: make_kpt ki>=kj (19,*)    172.62 sec, wall time      5.49 sec
    CPU time for get_k_kpts: make_kpt ki>=kj (20,*)    194.74 sec, wall time      6.17 sec
    CPU time for get_k_kpts: make_kpt ki>=kj (21,*)    204.10 sec, wall time      6.49 sec
    CPU time for get_k_kpts: make_kpt ki>=kj (22,*)    195.50 sec, wall time      6.29 sec
    CPU time for get_k_kpts: make_kpt ki>=kj (23,*)    227.40 sec, wall time      7.33 sec
    CPU time for get_k_kpts: make_kpt ki>=kj (24,*)    265.04 sec, wall time     10.51 sec
    CPU time for get_k_kpts: make_kpt ki>=kj (25,*)    272.86 sec, wall time      9.87 sec
    CPU time for get_k_kpts: make_kpt ki>=kj (26,*)    251.92 sec, wall time      7.96 sec
<<<<<<< HEAD
Monkhorst pack size [3 3 3] ew_eta 1.3749109234332217 ew_cut 5.114582727547651
Ewald components = 0, -0.775823048153945, 0.701640797011738
    CPU time for get_j pass 1     73.37 sec, wall time      2.40 sec
    CPU time for get_j pass 2      7.71 sec, wall time      1.51 sec
    CPU time for vj and vk   3647.83 sec, wall time    128.68 sec
    CPU time for vnuc pass1: analytic int    666.12 sec, wall time     21.31 sec
    CPU time for contracting Vnuc [0:729]     95.66 sec, wall time      3.13 sec
    CPU time for contracting Vnuc     95.66 sec, wall time      3.13 sec
    CPU time for get_nuc    762.06 sec, wall time     24.45 sec
Ewald components = 1.25967104982813e-135, -881.045459580493, 778.181077139905
    CPU time for vnuc pass1: analytic int    638.49 sec, wall time     20.46 sec
    CPU time for contracting Vnuc [0:729]     95.92 sec, wall time      3.16 sec
    CPU time for contracting Vnuc     95.92 sec, wall time      3.16 sec
    CPU time for get_nuc    734.69 sec, wall time     23.63 sec
E1 = (-615.2545278178712+1.7485912089600493e-15j)  E_coul = (135.3207240773189+1.3374896882758526e-15j)
using incore ERI storage
    CPU time for CCSD integral transformation 231223.82 sec, wall time   7716.97 sec
    CPU time for EOM-CCSD shared one-electron intermediates    750.15 sec, wall time     24.04 sec
<<<<<<< HEAD
=======
    CPU time for get_k_kpts: make_kpt ki>=kj (0,*)      5.21 sec, wall time      0.55 sec
    CPU time for get_k_kpts: make_kpt ki>=kj (1,*)     24.42 sec, wall time      1.13 sec
    CPU time for get_k_kpts: make_kpt ki>=kj (2,*)     35.94 sec, wall time      1.23 sec
    CPU time for get_k_kpts: make_kpt ki>=kj (3,*)     44.69 sec, wall time      1.52 sec
    CPU time for get_k_kpts: make_kpt ki>=kj (4,*)     56.69 sec, wall time      2.65 sec
    CPU time for get_k_kpts: make_kpt ki>=kj (5,*)     67.16 sec, wall time      2.34 sec
    CPU time for get_k_kpts: make_kpt ki>=kj (6,*)     80.00 sec, wall time      2.81 sec
    CPU time for get_k_kpts: make_kpt ki>=kj (7,*)     94.15 sec, wall time      3.04 sec
    CPU time for get_k_kpts: make_kpt ki>=kj (8,*)    100.29 sec, wall time      3.23 sec
    CPU time for get_k_kpts: make_kpt ki>=kj (9,*)    124.52 sec, wall time      4.76 sec
    CPU time for get_k_kpts: make_kpt ki>=kj (10,*)    103.64 sec, wall time      3.33 sec
    CPU time for get_k_kpts: make_kpt ki>=kj (11,*)    117.52 sec, wall time      3.76 sec
    CPU time for get_k_kpts: make_kpt ki>=kj (12,*)    136.89 sec, wall time      4.68 sec
    CPU time for get_k_kpts: make_kpt ki>=kj (13,*)    147.71 sec, wall time      4.81 sec
    CPU time for get_k_kpts: make_kpt ki>=kj (14,*)    153.42 sec, wall time      4.88 sec
    CPU time for get_k_kpts: make_kpt ki>=kj (15,*)    168.13 sec, wall time      5.64 sec
    CPU time for get_k_kpts: make_kpt ki>=kj (16,*)    173.72 sec, wall time      5.60 sec
    CPU time for get_k_kpts: make_kpt ki>=kj (17,*)    162.92 sec, wall time      5.27 sec
    CPU time for get_k_kpts: make_kpt ki>=kj (18,*)    199.87 sec, wall time      6.69 sec
    CPU time for get_k_kpts: make_kpt ki>=kj (19,*)    199.53 sec, wall time      6.52 sec
    CPU time for get_k_kpts: make_kpt ki>=kj (20,*)    208.37 sec, wall time      6.98 sec
    CPU time for get_k_kpts: make_kpt ki>=kj (21,*)    208.15 sec, wall time      7.19 sec
    CPU time for get_k_kpts: make_kpt ki>=kj (22,*)    219.20 sec, wall time      7.27 sec
    CPU time for get_k_kpts: make_kpt ki>=kj (23,*)    223.95 sec, wall time      7.52 sec
    CPU time for get_k_kpts: make_kpt ki>=kj (24,*)    234.53 sec, wall time      7.46 sec
    CPU time for get_k_kpts: make_kpt ki>=kj (25,*)    276.62 sec, wall time      9.22 sec
    CPU time for get_k_kpts: make_kpt ki>=kj (26,*)    312.36 sec, wall time     11.20 sec
<<<<<<< HEAD
=======
>>>>>>> cluster
Monkhorst pack size [3 3 3] ew_eta 1.3749109234332217 ew_cut 5.114582727547651
Ewald components = 0, -0.775823048153945, 0.701640797011738
    CPU time for get_j pass 1     73.37 sec, wall time      2.40 sec
    CPU time for get_j pass 2      7.71 sec, wall time      1.51 sec
    CPU time for vj and vk   3647.83 sec, wall time    128.68 sec
    CPU time for vnuc pass1: analytic int    666.12 sec, wall time     21.31 sec
    CPU time for contracting Vnuc [0:729]     95.66 sec, wall time      3.13 sec
    CPU time for contracting Vnuc     95.66 sec, wall time      3.13 sec
    CPU time for get_nuc    762.06 sec, wall time     24.45 sec
Ewald components = 1.25967104982813e-135, -881.045459580493, 778.181077139905
    CPU time for vnuc pass1: analytic int    638.49 sec, wall time     20.46 sec
    CPU time for contracting Vnuc [0:729]     95.92 sec, wall time      3.16 sec
    CPU time for contracting Vnuc     95.92 sec, wall time      3.16 sec
    CPU time for get_nuc    734.69 sec, wall time     23.63 sec
E1 = (-615.2545278178712+1.7485912089600493e-15j)  E_coul = (135.3207240773189+1.3374896882758526e-15j)
using incore ERI storage
<<<<<<< HEAD
    CPU time for CCSD integral transformation 229474.55 sec, wall time   7615.16 sec
    CPU time for EOM-CCSD shared one-electron intermediates    742.57 sec, wall time     23.65 sec
>>>>>>> f0983ef5bf9ad467b05de206ad1aa900b1c074f6
=======
    CPU time for CCSD integral transformation 231223.82 sec, wall time   7716.97 sec
    CPU time for EOM-CCSD shared one-electron intermediates    750.15 sec, wall time     24.04 sec
>>>>>>> cluster
=======
Monkhorst pack size [3 3 3] ew_eta 1.3749109234332217 ew_cut 5.114582727547651
Ewald components = 0, -0.775823048153945, 0.701640797011738
    CPU time for get_j pass 1     72.79 sec, wall time      2.42 sec
    CPU time for get_j pass 2      7.97 sec, wall time      1.70 sec
    CPU time for vj and vk   3965.79 sec, wall time    135.59 sec
    CPU time for vnuc pass1: analytic int    651.16 sec, wall time     21.03 sec
    CPU time for contracting Vnuc [0:729]     97.99 sec, wall time      3.23 sec
    CPU time for contracting Vnuc     97.99 sec, wall time      3.23 sec
    CPU time for get_nuc    749.44 sec, wall time     24.27 sec
Ewald components = 1.25967104982813e-135, -881.045459580493, 778.181077139905
    CPU time for vnuc pass1: analytic int    639.86 sec, wall time     20.47 sec
    CPU time for contracting Vnuc [0:729]     95.11 sec, wall time      3.09 sec
    CPU time for contracting Vnuc     95.11 sec, wall time      3.09 sec
    CPU time for get_nuc    735.22 sec, wall time     23.56 sec
E1 = (-615.2545278178702+1.7531832276537459e-15j)  E_coul = (135.3207240773189+1.3580656667289143e-15j)
using incore ERI storage
    CPU time for CCSD integral transformation 229474.55 sec, wall time   7615.16 sec
    CPU time for EOM-CCSD shared one-electron intermediates    742.57 sec, wall time     23.65 sec
>>>>>>> f0983ef5bf9ad467b05de206ad1aa900b1c074f6
>>>>>>> b0ebe15b9cb21f72d3133d30b88ad83ae944b1df
IMDS key to save: Loo , type: <class 'numpy.ndarray'>
IMDS key to save: Lvv , type: <class 'numpy.ndarray'>
IMDS key to save: Fov , type: <class 'numpy.ndarray'>
Made 1e intermediates
