    CPU time for get_k_kpts: make_kpt ki>=kj (0,*)      6.87 sec, wall time      0.84 sec
    CPU time for get_k_kpts: make_kpt ki>=kj (1,*)     18.73 sec, wall time      0.85 sec
    CPU time for get_k_kpts: make_kpt ki>=kj (2,*)     31.30 sec, wall time      1.67 sec
    CPU time for get_k_kpts: make_kpt ki>=kj (3,*)     36.68 sec, wall time      1.30 sec
    CPU time for get_k_kpts: make_kpt ki>=kj (4,*)     51.46 sec, wall time      2.14 sec
    CPU time for get_k_kpts: make_kpt ki>=kj (5,*)     63.37 sec, wall time      2.52 sec
    CPU time for get_k_kpts: make_kpt ki>=kj (6,*)     69.84 sec, wall time      3.12 sec
    CPU time for get_k_kpts: make_kpt ki>=kj (7,*)     81.25 sec, wall time      2.86 sec
Monkhorst pack size [2 2 2] ew_eta 2.0312209471041576 ew_cut 3.463973550287249
Ewald components = 0, -1.14616786107368, 1.03489448450362
    CPU time for get_j pass 1     22.19 sec, wall time      0.73 sec
    CPU time for get_j pass 2      4.66 sec, wall time      0.48 sec
    CPU time for vj and vk    391.21 sec, wall time     16.66 sec
    CPU time for vnuc pass1: analytic int    500.43 sec, wall time     15.96 sec
    CPU time for contracting Vnuc [0:729]     66.85 sec, wall time      2.14 sec
    CPU time for contracting Vnuc     66.85 sec, wall time      2.14 sec
    CPU time for get_nuc    567.39 sec, wall time     18.10 sec
Ewald components = 1.25967104982813e-135, -881.045459580493, 778.181077139905
    CPU time for vnuc pass1: analytic int    497.39 sec, wall time     15.81 sec
    CPU time for contracting Vnuc [0:729]     67.83 sec, wall time      2.19 sec
    CPU time for contracting Vnuc     67.83 sec, wall time      2.19 sec
    CPU time for get_nuc    565.31 sec, wall time     18.00 sec
E1 = (-615.4127438523661+1.237452843897786e-16j)  E_coul = (135.50264159639917+1.3542803549653226e-17j)
using HDF5 ERI storage
    CPU time for transforming oopq   4904.72 sec, wall time    217.00 sec
    CPU time for transforming ovpq   6847.56 sec, wall time    510.22 sec
    CPU time for transforming vvvv    207.45 sec, wall time      6.53 sec
    CPU time for CCSD integral transformation  13488.84 sec, wall time    786.78 sec
    CPU time for EOM-CCSD shared one-electron intermediates   3264.66 sec, wall time    125.97 sec
