
******** <class 'pyscf.pbc.cc.eom_kccsd_rhf.EOMIP'> ********
max_space = 20
max_cycle = 50
conv_tol = 1e-07
partition = mp
max_memory 700000 MB (current use 104 MB)
tol 1e-07  toloose 0.000316228
max_cycle 50  max_space 28  max_memory 2000  incore True
davidson 0 3  |r|= 0.23  e= [-0.10962831 -0.10948483 -0.10886916]  max|de|= -0.11  lindep=    1
davidson 1 6  |r|= 0.00696  e= [-0.1750212  -0.17487894 -0.17430345]  max|de|= -0.0654  lindep= 0.963
davidson 2 9  |r|= 0.000988  e= [-0.17498987 -0.17484734 -0.17427212]  max|de|= 3.16e-05  lindep= 0.915
davidson 3 12  |r|= 0.000133  e= [-0.17499241 -0.17484986 -0.17427462]  max|de|= -2.54e-06  lindep= 0.845
Throwing out eigenvector 0 with norm=2.89e-08
Throwing out eigenvector 2 with norm=8.54e-08
davidson 4 15  |r|= 6.23e-07  e= [-0.17499289 -0.17485034 -0.17427511]  max|de|= -4.91e-07  lindep= 0.999
root 0 converged  |r|= 2.94e-08  e= -0.17499288718075903  max|de|= 9.47e-14
root 1 converged  |r|= 1.73e-07  e= -0.1748503395998696  max|de|= 1.11e-10
root 2 converged  |r|= 7.93e-08  e= -0.1742751082244743  max|de|= 2.35e-13
converged 5 16  |r|= 1.73e-07  e= [-0.17499289 -0.17485034 -0.17427511]  max|de|= 1.11e-10
EOM-CCSD root 0 E = -0.174992887180759  qpwt = 0.963851
EOM-CCSD root 1 E = -0.1748503395998696  qpwt = 0.963853
EOM-CCSD root 2 E = -0.1742751082244743  qpwt = 0.963803
    CPU time for EOM-CCSD     54.13 sec, wall time      3.11 sec
