
******** <class 'pyscf.pbc.cc.eom_kccsd_rhf.EOMIP'> ********
max_space = 20
max_cycle = 50
conv_tol = 1e-07
partition = mp
max_memory 700000 MB (current use 85 MB)
tol 1e-07  toloose 0.000316228
max_cycle 50  max_space 28  max_memory 2000  incore True
davidson 0 3  |r|= 0.203  e= [-0.11620369 -0.11607504 -0.11570962]  max|de|= -0.116  lindep=    1
davidson 1 6  |r|= 0.00337  e= [-0.17447342 -0.17434659 -0.17400566]  max|de|= -0.0583  lindep= 0.975
davidson 2 9  |r|= 0.000185  e= [-0.17445764 -0.1743306  -0.17398987]  max|de|= 1.6e-05  lindep= 0.945
davidson 3 12  |r|= 1.9e-05  e= [-0.17445806 -0.17433102 -0.17399029]  max|de|= -4.24e-07  lindep= 0.948
root 0 converged  |r|= 3.46e-08  e= -0.17445806005159478  max|de|= -1.62e-10
root 1 converged  |r|= 6.64e-07  e= -0.1743310231804071  max|de|= -7.58e-10
root 2 converged  |r|= 2.89e-08  e= -0.17399029244452904  max|de|= 5.68e-10
converged 4 15  |r|= 6.64e-07  e= [-0.17445806 -0.17433102 -0.17399029]  max|de|= -7.58e-10
EOM-CCSD root 0 E = -0.1744580600515948  qpwt = 0.965634
EOM-CCSD root 1 E = -0.1743310231804071  qpwt = 0.965638
EOM-CCSD root 2 E = -0.173990292444529  qpwt = 0.965602
    CPU time for EOM-CCSD      0.65 sec, wall time      1.83 sec
