
******** <class 'pyscf.pbc.cc.kccsd_rhf.RCCSD'> ********
CC2 = 0
CCSD nocc = 14, nmo = 118
max_cycle = 50
direct = 1
conv_tol = 1e-07
conv_tol_normt = 1e-05
diis_space = 6
diis_start_cycle = 0
diis_start_energy_diff = 1e+09
max_memory 700000 MB (current use 81 MB)
    CPU time for get_k_kpts: make_kpt ki>=kj (0,*)      7.81 sec, wall time      0.42 sec
    CPU time for get_k_kpts: make_kpt ki>=kj (1,*)     16.92 sec, wall time      0.56 sec
    CPU time for get_k_kpts: make_kpt ki>=kj (2,*)     27.04 sec, wall time      0.88 sec
    CPU time for get_k_kpts: make_kpt ki>=kj (3,*)     38.33 sec, wall time      1.22 sec
    CPU time for get_k_kpts: make_kpt ki>=kj (4,*)     50.47 sec, wall time      1.66 sec
    CPU time for get_k_kpts: make_kpt ki>=kj (5,*)     56.85 sec, wall time      1.80 sec
    CPU time for get_k_kpts: make_kpt ki>=kj (6,*)     58.62 sec, wall time      1.86 sec
    CPU time for get_k_kpts: make_kpt ki>=kj (7,*)     63.94 sec, wall time      2.02 sec
Monkhorst pack size [2 2 2] ew_eta 2.0312209471041576 ew_cut 3.463973550287249
Ewald components = 0, -1.14616786107368, 1.03489448450362
    CPU time for get_j pass 1     23.13 sec, wall time      0.80 sec
    CPU time for get_j pass 2      6.41 sec, wall time      0.44 sec
    CPU time for vj and vk    356.94 sec, wall time     12.36 sec
    CPU time for vnuc pass1: analytic int    496.91 sec, wall time     16.16 sec
    CPU time for contracting Vnuc [0:729]     67.98 sec, wall time      2.15 sec
    CPU time for contracting Vnuc     67.99 sec, wall time      2.15 sec
    CPU time for get_nuc    564.99 sec, wall time     18.32 sec

******** <class 'pyscf.pbc.cc.kccsd_rhf.RCCSD'> ********
CC2 = 0
CCSD nocc = 14, nmo = 118
max_cycle = 50
direct = 1
conv_tol = 1e-07
conv_tol_normt = 1e-05
diis_space = 6
diis_start_cycle = 0
diis_start_energy_diff = 1e+09
max_memory 700000 MB (current use 930 MB)
    CPU time for transforming DF-MP2 integrals    201.08 sec, wall time      6.31 sec
t1 type: <class 'numpy.ndarray'>
t2 type: <class 'numpy.ndarray'>
