
******** <class 'pyscf.pbc.cc.eom_kccsd_rhf.CVSEOMIP'> ********
max_space = 20
max_cycle = 50
conv_tol = 1e-07
partition = mp
max_memory 700000 MB (current use 100 MB)
tol 1e-07  toloose 0.000316228
max_cycle 50  max_space 28  max_memory 2000  incore True
davidson 0 3  |r|= 0.374  e= [2.77689767 2.77691001 2.77708839]  max|de|= 2.78  lindep=    1
Old state -> New state
    1     ->     0 
    0     ->     1 
davidson 1 6  |r|= 0.0353  e= [2.60824675 2.60827347 2.6083771 ]  max|de|= -0.169  lindep= 0.893
davidson 2 9  |r|= 0.000221  e= [2.60848538 2.60851105 2.60861678]  max|de|= 0.00024  lindep= 0.837
root 0 converged  |r|= 4.42e-08  e= 2.608485321004822  max|de|= -5.69e-08
root 1 converged  |r|= 3.71e-08  e= 2.608510990128073  max|de|= -6.3e-08
root 2 converged  |r|= 7.45e-09  e= 2.6086166918544698  max|de|= -8.82e-08
converged 3 12  |r|= 4.42e-08  e= [2.60848532 2.60851099 2.60861669]  max|de|= -8.82e-08
EOM-CCSD root 0 E = 2.608485321004822  qpwt = 0.925514
EOM-CCSD root 1 E = 2.608510990128073  qpwt = 0.925519
EOM-CCSD root 2 E = 2.60861669185447  qpwt = 0.925482
    CPU time for EOM-CCSD      0.55 sec, wall time      1.71 sec
