
******** <class 'pyscf.pbc.cc.kccsd_rhf.RCCSD'> ********
CC2 = 0
CCSD nocc = 7, nmo = 59
frozen orbitals [0, 1, 2, 3, 4, 5, 6, 66, 67, 68, 69, 70, 71, 72, 73, 74, 75, 76, 77, 78, 79, 80, 81, 82, 83, 84, 85, 86, 87, 88, 89, 90, 91, 92, 93, 94, 95, 96, 97, 98, 99, 100, 101, 102, 103, 104, 105, 106, 107, 108, 109, 110, 111, 112, 113, 114, 115, 116, 117]
max_cycle = 50
direct = 1
conv_tol = 1e-07
conv_tol_normt = 1e-05
diis_space = 6
diis_start_cycle = 0
diis_start_energy_diff = 1e+09
max_memory 700000 MB (current use 109 MB)
    CPU time for get_k_kpts: make_kpt ki>=kj (0,*)      3.68 sec, wall time      0.25 sec
    CPU time for get_k_kpts: make_kpt ki>=kj (1,*)     14.93 sec, wall time      0.48 sec
    CPU time for get_k_kpts: make_kpt ki>=kj (2,*)     20.73 sec, wall time      0.65 sec
    CPU time for get_k_kpts: make_kpt ki>=kj (3,*)     24.48 sec, wall time      0.77 sec
    CPU time for get_k_kpts: make_kpt ki>=kj (4,*)     30.62 sec, wall time      0.97 sec
    CPU time for get_k_kpts: make_kpt ki>=kj (5,*)     39.60 sec, wall time      1.24 sec
    CPU time for get_k_kpts: make_kpt ki>=kj (6,*)     45.19 sec, wall time      1.42 sec
    CPU time for get_k_kpts: make_kpt ki>=kj (7,*)     51.88 sec, wall time      1.63 sec
    CPU time for get_k_kpts: make_kpt ki>=kj (8,*)     56.06 sec, wall time      1.77 sec
    CPU time for get_k_kpts: make_kpt ki>=kj (9,*)     63.80 sec, wall time      2.01 sec
    CPU time for get_k_kpts: make_kpt ki>=kj (10,*)     70.97 sec, wall time      2.24 sec
    CPU time for get_k_kpts: make_kpt ki>=kj (11,*)     80.46 sec, wall time      2.55 sec
    CPU time for get_k_kpts: make_kpt ki>=kj (12,*)     83.81 sec, wall time      2.64 sec
    CPU time for get_k_kpts: make_kpt ki>=kj (13,*)     89.69 sec, wall time      2.82 sec
    CPU time for get_k_kpts: make_kpt ki>=kj (14,*)     98.38 sec, wall time      3.09 sec
    CPU time for get_k_kpts: make_kpt ki>=kj (15,*)    104.31 sec, wall time      3.29 sec
    CPU time for get_k_kpts: make_kpt ki>=kj (16,*)    112.19 sec, wall time      3.53 sec
    CPU time for get_k_kpts: make_kpt ki>=kj (17,*)    120.78 sec, wall time      3.80 sec
    CPU time for get_k_kpts: make_kpt ki>=kj (18,*)    123.22 sec, wall time      3.88 sec
    CPU time for get_k_kpts: make_kpt ki>=kj (19,*)    132.23 sec, wall time      4.16 sec
    CPU time for get_k_kpts: make_kpt ki>=kj (20,*)    134.51 sec, wall time      4.23 sec
    CPU time for get_k_kpts: make_kpt ki>=kj (21,*)    140.51 sec, wall time      4.43 sec
    CPU time for get_k_kpts: make_kpt ki>=kj (22,*)    158.20 sec, wall time      5.03 sec
    CPU time for get_k_kpts: make_kpt ki>=kj (23,*)    159.16 sec, wall time      5.02 sec
    CPU time for get_k_kpts: make_kpt ki>=kj (24,*)    160.08 sec, wall time      5.04 sec
    CPU time for get_k_kpts: make_kpt ki>=kj (25,*)    166.14 sec, wall time      5.22 sec
    CPU time for get_k_kpts: make_kpt ki>=kj (26,*)    174.52 sec, wall time      5.49 sec
Monkhorst pack size [3 3 3] ew_eta 1.3749109234332217 ew_cut 5.114582727547651
Ewald components = 0, -0.775823048153945, 0.701640797011738
    CPU time for get_j pass 1     71.83 sec, wall time      2.26 sec
    CPU time for get_j pass 2      7.63 sec, wall time      1.43 sec
    CPU time for vj and vk   2545.82 sec, wall time     81.56 sec
    CPU time for vnuc pass1: analytic int    670.31 sec, wall time     21.54 sec
    CPU time for contracting Vnuc [0:729]     95.07 sec, wall time      3.14 sec
    CPU time for contracting Vnuc     95.07 sec, wall time      3.14 sec
    CPU time for get_nuc    765.64 sec, wall time     24.69 sec

******** <class 'pyscf.pbc.cc.kccsd_rhf.RCCSD'> ********
CC2 = 0
CCSD nocc = 7, nmo = 59
frozen orbitals [0, 1, 2, 3, 4, 5, 6, 66, 67, 68, 69, 70, 71, 72, 73, 74, 75, 76, 77, 78, 79, 80, 81, 82, 83, 84, 85, 86, 87, 88, 89, 90, 91, 92, 93, 94, 95, 96, 97, 98, 99, 100, 101, 102, 103, 104, 105, 106, 107, 108, 109, 110, 111, 112, 113, 114, 115, 116, 117]
max_cycle = 50
direct = 1
conv_tol = 1e-07
conv_tol_normt = 1e-05
diis_space = 6
diis_start_cycle = 0
diis_start_energy_diff = 1e+09
max_memory 700000 MB (current use 392 MB)
    CPU time for transforming DF-MP2 integrals   2230.32 sec, wall time     69.94 sec
t1 type: <class 'numpy.ndarray'>
t2 type: <class 'numpy.ndarray'>
