
******** <class 'pyscf.pbc.cc.kccsd_rhf.RCCSD'> ********
CC2 = 0
CCSD nocc = 7, nmo = 21
frozen orbitals [0, 1, 2, 3, 4, 5, 6, 28, 29, 30, 31, 32, 33, 34, 35, 36, 37, 38, 39, 40, 41, 42, 43, 44, 45, 46, 47, 48, 49, 50, 51, 52, 53, 54, 55, 56, 57, 58, 59, 60, 61, 62, 63, 64, 65, 66, 67, 68, 69, 70, 71, 72, 73, 74, 75, 76, 77, 78, 79, 80, 81, 82, 83, 84, 85, 86, 87, 88, 89, 90, 91, 92, 93, 94, 95, 96, 97, 98, 99, 100, 101, 102, 103, 104, 105, 106, 107, 108, 109, 110, 111, 112, 113, 114, 115, 116, 117]
max_cycle = 50
direct = 1
conv_tol = 1e-07
conv_tol_normt = 1e-05
diis_space = 6
diis_start_cycle = 0
diis_start_energy_diff = 1e+09
max_memory 700000 MB (current use 110 MB)
    CPU time for get_k_kpts: make_kpt ki>=kj (0,*)      4.98 sec, wall time      0.37 sec
    CPU time for get_k_kpts: make_kpt ki>=kj (1,*)     18.23 sec, wall time      0.64 sec
    CPU time for get_k_kpts: make_kpt ki>=kj (2,*)     29.50 sec, wall time      0.94 sec
    CPU time for get_k_kpts: make_kpt ki>=kj (3,*)     41.23 sec, wall time      1.31 sec
    CPU time for get_k_kpts: make_kpt ki>=kj (4,*)     46.71 sec, wall time      1.60 sec
    CPU time for get_k_kpts: make_kpt ki>=kj (5,*)     61.41 sec, wall time      2.09 sec
    CPU time for get_k_kpts: make_kpt ki>=kj (6,*)     66.63 sec, wall time      2.12 sec
    CPU time for get_k_kpts: make_kpt ki>=kj (7,*)     69.42 sec, wall time      2.20 sec
    CPU time for get_k_kpts: make_kpt ki>=kj (8,*)     80.25 sec, wall time      2.56 sec
    CPU time for get_k_kpts: make_kpt ki>=kj (9,*)    100.03 sec, wall time      3.19 sec
    CPU time for get_k_kpts: make_kpt ki>=kj (10,*)     99.93 sec, wall time      3.17 sec
    CPU time for get_k_kpts: make_kpt ki>=kj (11,*)    113.90 sec, wall time      3.63 sec
    CPU time for get_k_kpts: make_kpt ki>=kj (12,*)    128.49 sec, wall time      4.11 sec
    CPU time for get_k_kpts: make_kpt ki>=kj (13,*)    124.30 sec, wall time      3.95 sec
    CPU time for get_k_kpts: make_kpt ki>=kj (14,*)    131.25 sec, wall time      4.20 sec
    CPU time for get_k_kpts: make_kpt ki>=kj (15,*)    145.16 sec, wall time      4.61 sec
    CPU time for get_k_kpts: make_kpt ki>=kj (16,*)    157.79 sec, wall time      5.07 sec
    CPU time for get_k_kpts: make_kpt ki>=kj (17,*)    157.01 sec, wall time      4.99 sec
    CPU time for get_k_kpts: make_kpt ki>=kj (18,*)    176.96 sec, wall time      5.61 sec
    CPU time for get_k_kpts: make_kpt ki>=kj (19,*)    177.81 sec, wall time      5.66 sec
    CPU time for get_k_kpts: make_kpt ki>=kj (20,*)    178.76 sec, wall time      5.73 sec
    CPU time for get_k_kpts: make_kpt ki>=kj (21,*)    197.75 sec, wall time      6.25 sec
    CPU time for get_k_kpts: make_kpt ki>=kj (22,*)    189.70 sec, wall time      6.00 sec
    CPU time for get_k_kpts: make_kpt ki>=kj (23,*)    201.55 sec, wall time      6.39 sec
    CPU time for get_k_kpts: make_kpt ki>=kj (24,*)    209.18 sec, wall time      6.61 sec
    CPU time for get_k_kpts: make_kpt ki>=kj (25,*)    232.44 sec, wall time      7.38 sec
    CPU time for get_k_kpts: make_kpt ki>=kj (26,*)    229.34 sec, wall time      7.29 sec
Monkhorst pack size [3 3 3] ew_eta 1.3749109234332217 ew_cut 5.114582727547651
Ewald components = 0, -0.775823048153945, 0.701640797011738
    CPU time for get_j pass 1     67.98 sec, wall time      2.20 sec
    CPU time for get_j pass 2      7.52 sec, wall time      1.32 sec
    CPU time for vj and vk   3452.20 sec, wall time    111.42 sec
    CPU time for vnuc pass1: analytic int    658.55 sec, wall time     21.05 sec
    CPU time for contracting Vnuc [0:729]     95.82 sec, wall time      3.17 sec
    CPU time for contracting Vnuc     95.82 sec, wall time      3.17 sec
    CPU time for get_nuc    754.67 sec, wall time     24.23 sec

******** <class 'pyscf.pbc.cc.kccsd_rhf.RCCSD'> ********
CC2 = 0
CCSD nocc = 7, nmo = 21
frozen orbitals [0, 1, 2, 3, 4, 5, 6, 28, 29, 30, 31, 32, 33, 34, 35, 36, 37, 38, 39, 40, 41, 42, 43, 44, 45, 46, 47, 48, 49, 50, 51, 52, 53, 54, 55, 56, 57, 58, 59, 60, 61, 62, 63, 64, 65, 66, 67, 68, 69, 70, 71, 72, 73, 74, 75, 76, 77, 78, 79, 80, 81, 82, 83, 84, 85, 86, 87, 88, 89, 90, 91, 92, 93, 94, 95, 96, 97, 98, 99, 100, 101, 102, 103, 104, 105, 106, 107, 108, 109, 110, 111, 112, 113, 114, 115, 116, 117]
max_cycle = 50
direct = 1
conv_tol = 1e-07
conv_tol_normt = 1e-05
diis_space = 6
diis_start_cycle = 0
diis_start_energy_diff = 1e+09
max_memory 700000 MB (current use 353 MB)
    CPU time for transforming DF-MP2 integrals   2250.42 sec, wall time     70.54 sec
t1 type: <class 'numpy.ndarray'>
t2 type: <class 'numpy.ndarray'>
