
******** <class 'pyscf.pbc.cc.eom_kccsd_rhf.CVSEOMIP'> ********
max_space = 20
max_cycle = 50
conv_tol = 1e-07
partition = mp
max_memory 700000 MB (current use 114 MB)
tol 1e-07  toloose 0.000316228
max_cycle 50  max_space 28  max_memory 2000  incore True
davidson 0 3  |r|= 0.641  e= [2.77604918 2.77624403 2.77832694]  max|de|= 2.78  lindep= 0.975
davidson 1 6  |r|= 0.0973  e= [2.49709881 2.49717582 2.49872586]  max|de|= -0.28  lindep= 0.814
davidson 2 9  |r|= 0.00102  e= [2.49672027 2.49677732 2.49834474]  max|de|= -0.000399  lindep= 0.879
davidson 3 12  |r|= 1.22e-06  e= [2.49672042 2.49677745 2.49834426]  max|de|= -4.8e-07  lindep= 0.000445
root 0 converged  |r|= 1.11e-08  e= 2.4967204210963914  max|de|= -2.35e-14
root 1 converged  |r|= 2.51e-08  e= 2.496777445565948  max|de|= -6.62e-14
root 2 converged  |r|= 1.14e-08  e= 2.498344259271322  max|de|= 2.75e-12
converged 4 15  |r|= 2.51e-08  e= [2.49672042 2.49677745 2.49834426]  max|de|= 2.75e-12
EOM-CCSD root 0 E = 2.496720421096391  qpwt = 0.908352
EOM-CCSD root 1 E = 2.496777445565948  qpwt = 0.908339
EOM-CCSD root 2 E = 2.498344259271322  qpwt = 0.908056
    CPU time for EOM-CCSD    194.55 sec, wall time     19.44 sec
