    CPU time for get_k_kpts: make_kpt ki>=kj (0,*)      5.16 sec, wall time      0.37 sec
    CPU time for get_k_kpts: make_kpt ki>=kj (1,*)     21.19 sec, wall time      0.97 sec
    CPU time for get_k_kpts: make_kpt ki>=kj (2,*)     30.00 sec, wall time      1.00 sec
    CPU time for get_k_kpts: make_kpt ki>=kj (3,*)     47.76 sec, wall time      1.72 sec
    CPU time for get_k_kpts: make_kpt ki>=kj (4,*)     54.46 sec, wall time      1.81 sec
    CPU time for get_k_kpts: make_kpt ki>=kj (5,*)     61.50 sec, wall time      1.96 sec
    CPU time for get_k_kpts: make_kpt ki>=kj (6,*)     64.35 sec, wall time      2.07 sec
    CPU time for get_k_kpts: make_kpt ki>=kj (7,*)     73.96 sec, wall time      2.40 sec
Monkhorst pack size [2 2 2] ew_eta 2.0312209471041576 ew_cut 3.463973550287249
Ewald components = 0, -1.14616786107368, 1.03489448450362
    CPU time for get_j pass 1     21.14 sec, wall time      0.72 sec
    CPU time for get_j pass 2      5.82 sec, wall time      0.52 sec
    CPU time for vj and vk    344.45 sec, wall time     11.59 sec
    CPU time for vnuc pass1: analytic int    498.92 sec, wall time     15.97 sec
    CPU time for contracting Vnuc [0:729]     68.53 sec, wall time      2.18 sec
    CPU time for contracting Vnuc     68.54 sec, wall time      2.18 sec
    CPU time for get_nuc    567.55 sec, wall time     18.15 sec
Ewald components = 1.25967104982813e-135, -881.045459580493, 778.181077139905
    CPU time for vnuc pass1: analytic int    495.68 sec, wall time     15.73 sec
    CPU time for contracting Vnuc [0:729]     67.75 sec, wall time      2.15 sec
    CPU time for contracting Vnuc     67.75 sec, wall time      2.15 sec
    CPU time for get_nuc    563.52 sec, wall time     17.88 sec
E1 = (-615.4127438523661+1.2374528439002908e-16j)  E_coul = (135.50264159639914+1.3542803549771745e-17j)
using incore ERI storage
    CPU time for CCSD integral transformation   9794.70 sec, wall time    343.97 sec
    CPU time for EOM-CCSD shared one-electron intermediates    105.63 sec, wall time      3.65 sec
IMDS key to save: Loo , type: <class 'numpy.ndarray'>
IMDS key to save: Lvv , type: <class 'numpy.ndarray'>
IMDS key to save: Fov , type: <class 'numpy.ndarray'>
Made 1e intermediates
