    CPU time for get_k_kpts: make_kpt ki>=kj (0,*)      3.78 sec, wall time      1.26 sec
    CPU time for get_k_kpts: make_kpt ki>=kj (1,*)     20.28 sec, wall time      0.79 sec
    CPU time for get_k_kpts: make_kpt ki>=kj (2,*)     36.34 sec, wall time      1.27 sec
    CPU time for get_k_kpts: make_kpt ki>=kj (3,*)     42.10 sec, wall time      1.40 sec
    CPU time for get_k_kpts: make_kpt ki>=kj (4,*)     59.29 sec, wall time      2.02 sec
    CPU time for get_k_kpts: make_kpt ki>=kj (5,*)     69.79 sec, wall time      2.30 sec
    CPU time for get_k_kpts: make_kpt ki>=kj (6,*)     79.28 sec, wall time      2.72 sec
    CPU time for get_k_kpts: make_kpt ki>=kj (7,*)     87.84 sec, wall time      3.07 sec
    CPU time for get_k_kpts: make_kpt ki>=kj (8,*)    108.77 sec, wall time      4.08 sec
    CPU time for get_k_kpts: make_kpt ki>=kj (9,*)    113.13 sec, wall time      3.83 sec
    CPU time for get_k_kpts: make_kpt ki>=kj (10,*)    114.81 sec, wall time      4.04 sec
    CPU time for get_k_kpts: make_kpt ki>=kj (11,*)    134.59 sec, wall time      4.88 sec
    CPU time for get_k_kpts: make_kpt ki>=kj (12,*)    139.58 sec, wall time      4.86 sec
    CPU time for get_k_kpts: make_kpt ki>=kj (13,*)    157.77 sec, wall time      5.49 sec
    CPU time for get_k_kpts: make_kpt ki>=kj (14,*)    165.69 sec, wall time      5.69 sec
    CPU time for get_k_kpts: make_kpt ki>=kj (15,*)    182.51 sec, wall time      6.21 sec
    CPU time for get_k_kpts: make_kpt ki>=kj (16,*)    207.82 sec, wall time      7.84 sec
    CPU time for get_k_kpts: make_kpt ki>=kj (17,*)    192.40 sec, wall time      6.32 sec
    CPU time for get_k_kpts: make_kpt ki>=kj (18,*)    201.07 sec, wall time      6.86 sec
    CPU time for get_k_kpts: make_kpt ki>=kj (19,*)    218.48 sec, wall time      7.52 sec
    CPU time for get_k_kpts: make_kpt ki>=kj (20,*)    224.85 sec, wall time      7.18 sec
    CPU time for get_k_kpts: make_kpt ki>=kj (21,*)    244.04 sec, wall time      8.23 sec
    CPU time for get_k_kpts: make_kpt ki>=kj (22,*)    220.59 sec, wall time      7.37 sec
    CPU time for get_k_kpts: make_kpt ki>=kj (23,*)    249.55 sec, wall time      8.39 sec
    CPU time for get_k_kpts: make_kpt ki>=kj (24,*)    271.42 sec, wall time      8.84 sec
    CPU time for get_k_kpts: make_kpt ki>=kj (25,*)    280.28 sec, wall time      9.25 sec
    CPU time for get_k_kpts: make_kpt ki>=kj (26,*)    270.91 sec, wall time      8.67 sec
    CPU time for get_k_kpts: make_kpt ki>=kj (27,*)    280.17 sec, wall time      8.98 sec
    CPU time for get_k_kpts: make_kpt ki>=kj (28,*)    296.45 sec, wall time      9.67 sec
    CPU time for get_k_kpts: make_kpt ki>=kj (29,*)    284.27 sec, wall time      9.09 sec
    CPU time for get_k_kpts: make_kpt ki>=kj (30,*)    293.08 sec, wall time      9.64 sec
    CPU time for get_k_kpts: make_kpt ki>=kj (31,*)    333.80 sec, wall time     10.66 sec
    CPU time for get_k_kpts: make_kpt ki>=kj (32,*)    351.69 sec, wall time     11.51 sec
    CPU time for get_k_kpts: make_kpt ki>=kj (33,*)    360.24 sec, wall time     12.01 sec
    CPU time for get_k_kpts: make_kpt ki>=kj (34,*)    354.75 sec, wall time     11.45 sec
    CPU time for get_k_kpts: make_kpt ki>=kj (35,*)    360.40 sec, wall time     12.11 sec
    CPU time for get_k_kpts: make_kpt ki>=kj (36,*)    369.51 sec, wall time     11.97 sec
    CPU time for get_k_kpts: make_kpt ki>=kj (37,*)    374.31 sec, wall time     11.96 sec
    CPU time for get_k_kpts: make_kpt ki>=kj (38,*)    381.09 sec, wall time     12.20 sec
    CPU time for get_k_kpts: make_kpt ki>=kj (39,*)    386.40 sec, wall time     12.58 sec
    CPU time for get_k_kpts: make_kpt ki>=kj (40,*)    380.72 sec, wall time     12.56 sec
    CPU time for get_k_kpts: make_kpt ki>=kj (41,*)    397.33 sec, wall time     12.72 sec
    CPU time for get_k_kpts: make_kpt ki>=kj (42,*)    418.21 sec, wall time     13.55 sec
    CPU time for get_k_kpts: make_kpt ki>=kj (43,*)    436.28 sec, wall time     14.45 sec
    CPU time for get_k_kpts: make_kpt ki>=kj (44,*)    455.31 sec, wall time     15.20 sec
    CPU time for get_k_kpts: make_kpt ki>=kj (45,*)    455.22 sec, wall time     14.53 sec
    CPU time for get_k_kpts: make_kpt ki>=kj (46,*)    475.07 sec, wall time     15.45 sec
    CPU time for get_k_kpts: make_kpt ki>=kj (47,*)    469.48 sec, wall time     15.24 sec
    CPU time for get_k_kpts: make_kpt ki>=kj (48,*)    494.46 sec, wall time     16.23 sec
    CPU time for get_k_kpts: make_kpt ki>=kj (49,*)    475.09 sec, wall time     15.20 sec
    CPU time for get_k_kpts: make_kpt ki>=kj (50,*)    492.19 sec, wall time     16.30 sec
    CPU time for get_k_kpts: make_kpt ki>=kj (51,*)    486.92 sec, wall time     15.50 sec
    CPU time for get_k_kpts: make_kpt ki>=kj (52,*)    518.92 sec, wall time     17.13 sec
    CPU time for get_k_kpts: make_kpt ki>=kj (53,*)    522.00 sec, wall time     17.15 sec
    CPU time for get_k_kpts: make_kpt ki>=kj (54,*)    541.33 sec, wall time     17.46 sec
    CPU time for get_k_kpts: make_kpt ki>=kj (55,*)    561.86 sec, wall time     18.23 sec
    CPU time for get_k_kpts: make_kpt ki>=kj (56,*)    545.43 sec, wall time     17.82 sec
    CPU time for get_k_kpts: make_kpt ki>=kj (57,*)    570.29 sec, wall time     18.56 sec
    CPU time for get_k_kpts: make_kpt ki>=kj (58,*)    571.69 sec, wall time     18.59 sec
    CPU time for get_k_kpts: make_kpt ki>=kj (59,*)    590.19 sec, wall time     19.46 sec
    CPU time for get_k_kpts: make_kpt ki>=kj (60,*)    551.62 sec, wall time     17.95 sec
    CPU time for get_k_kpts: make_kpt ki>=kj (61,*)    641.69 sec, wall time     21.40 sec
    CPU time for get_k_kpts: make_kpt ki>=kj (62,*)    702.96 sec, wall time     24.23 sec
    CPU time for get_k_kpts: make_kpt ki>=kj (63,*)    642.76 sec, wall time     21.69 sec
Monkhorst pack size [4 4 4] ew_eta 1.0426769913124163 ew_cut 6.741483201914274
Ewald components = 0, -0.588350115614293, 0.532713427173553
    CPU time for get_j pass 1    178.77 sec, wall time      5.75 sec
    CPU time for get_j pass 2      9.97 sec, wall time      3.51 sec
    CPU time for vj and vk  13413.67 sec, wall time    425.90 sec
    CPU time for vnuc pass1: analytic int   1097.06 sec, wall time     35.49 sec
    CPU time for contracting Vnuc [0:729]    138.65 sec, wall time      4.93 sec
    CPU time for contracting Vnuc    138.65 sec, wall time      4.93 sec
    CPU time for get_nuc   1236.31 sec, wall time     40.45 sec
Ewald components = 1.25967104982813e-135, -881.045459580493, 778.181077139905
    CPU time for vnuc pass1: analytic int   1115.59 sec, wall time     36.21 sec
    CPU time for contracting Vnuc [0:729]    138.64 sec, wall time      4.89 sec
    CPU time for contracting Vnuc    138.65 sec, wall time      4.89 sec
    CPU time for get_nuc   1254.82 sec, wall time     41.12 sec
E1 = (-615.2152607832152-1.7530072394497665e-15j)  E_coul = (135.28045655014375-1.9207513214069777e-16j)
>>>>>>>>> Temporary merge branch 2
using HDF5 ERI storage
