
******** <class 'pyscf.pbc.cc.kccsd_rhf.RCCSD'> ********
CC2 = 0
CCSD nocc = 6, nmo = 36
frozen orbitals [36, 37, 38, 39, 40, 41, 42, 43, 44, 45, 46, 47, 48, 49, 50, 51, 52, 53, 54, 55, 56, 57, 58, 59, 60, 61, 62, 63, 64, 65, 66, 67, 68, 69, 70, 71, 72, 73, 74, 75, 76, 77, 78, 79, 80, 81, 82, 83, 84, 85]
max_cycle = 50
direct = 1
conv_tol = 1e-07
conv_tol_normt = 1e-05
diis_space = 6
diis_start_cycle = 0
diis_start_energy_diff = 1e+09
max_memory 700000 MB (current use 78 MB)
    CPU time for get_k_kpts: make_kpt ki>=kj (0,*)      3.25 sec, wall time      0.16 sec
    CPU time for get_k_kpts: make_kpt ki>=kj (1,*)      6.82 sec, wall time      0.26 sec
    CPU time for get_k_kpts: make_kpt ki>=kj (2,*)     10.45 sec, wall time      0.35 sec
    CPU time for get_k_kpts: make_kpt ki>=kj (3,*)     14.83 sec, wall time      0.48 sec
    CPU time for get_k_kpts: make_kpt ki>=kj (4,*)     16.00 sec, wall time      0.51 sec
    CPU time for get_k_kpts: make_kpt ki>=kj (5,*)     19.50 sec, wall time      0.62 sec
    CPU time for get_k_kpts: make_kpt ki>=kj (6,*)     20.22 sec, wall time      0.64 sec
    CPU time for get_k_kpts: make_kpt ki>=kj (7,*)     22.14 sec, wall time      0.70 sec
Monkhorst pack size [2 2 2] ew_eta 3.017379283613466 ew_cut 2.333163107269861
Ewald components = 0, -1.70264454950703, 1.53485722578667
    CPU time for get_j pass 1      8.16 sec, wall time      0.26 sec
    CPU time for get_j pass 2      5.74 sec, wall time      0.18 sec
    CPU time for vj and vk    135.01 sec, wall time      4.64 sec
    CPU time for vnuc pass1: analytic int   1055.68 sec, wall time     34.00 sec
    CPU time for contracting Vnuc [0:216]     18.42 sec, wall time      0.59 sec
    CPU time for contracting Vnuc     18.42 sec, wall time      0.59 sec
    CPU time for get_nuc   1074.14 sec, wall time     34.59 sec

******** <class 'pyscf.pbc.cc.kccsd_rhf.RCCSD'> ********
CC2 = 0
CCSD nocc = 6, nmo = 36
frozen orbitals [36, 37, 38, 39, 40, 41, 42, 43, 44, 45, 46, 47, 48, 49, 50, 51, 52, 53, 54, 55, 56, 57, 58, 59, 60, 61, 62, 63, 64, 65, 66, 67, 68, 69, 70, 71, 72, 73, 74, 75, 76, 77, 78, 79, 80, 81, 82, 83, 84, 85]
max_cycle = 50
direct = 1
conv_tol = 1e-07
conv_tol_normt = 1e-05
diis_space = 6
diis_start_cycle = 0
diis_start_energy_diff = 1e+09
max_memory 700000 MB (current use 698 MB)
    CPU time for transforming DF-MP2 integrals     91.11 sec, wall time      2.86 sec
t1 type: <class 'numpy.ndarray'>
t2 type: <class 'numpy.ndarray'>
