
******** <class 'pyscf.pbc.cc.kccsd_rhf.RCCSD'> ********
CC2 = 0
CCSD nocc = 6, nmo = 36
frozen orbitals [36, 37, 38, 39, 40, 41, 42, 43, 44, 45, 46, 47, 48, 49, 50, 51, 52, 53, 54, 55, 56, 57, 58, 59, 60, 61, 62, 63, 64, 65, 66, 67, 68, 69, 70, 71, 72, 73, 74, 75, 76, 77, 78, 79, 80, 81, 82, 83, 84, 85]
max_cycle = 50
direct = 1
conv_tol = 1e-07
conv_tol_normt = 1e-05
diis_space = 6
diis_start_cycle = 0
diis_start_energy_diff = 1e+09
max_memory 700000 MB (current use 135 MB)
    CPU time for get_k_kpts: make_kpt ki>=kj (0,*)      2.48 sec, wall time      9.14 sec
    CPU time for get_k_kpts: make_kpt ki>=kj (1,*)     11.20 sec, wall time      0.39 sec
    CPU time for get_k_kpts: make_kpt ki>=kj (2,*)     15.66 sec, wall time      0.53 sec
    CPU time for get_k_kpts: make_kpt ki>=kj (3,*)     20.66 sec, wall time      0.66 sec
    CPU time for get_k_kpts: make_kpt ki>=kj (4,*)     30.23 sec, wall time      0.97 sec
    CPU time for get_k_kpts: make_kpt ki>=kj (5,*)     24.58 sec, wall time      0.79 sec
    CPU time for get_k_kpts: make_kpt ki>=kj (6,*)     32.99 sec, wall time      1.06 sec
    CPU time for get_k_kpts: make_kpt ki>=kj (7,*)     39.71 sec, wall time      1.27 sec
    CPU time for get_k_kpts: make_kpt ki>=kj (8,*)     47.40 sec, wall time      1.55 sec
    CPU time for get_k_kpts: make_kpt ki>=kj (9,*)     43.98 sec, wall time      1.41 sec
    CPU time for get_k_kpts: make_kpt ki>=kj (10,*)     55.26 sec, wall time      1.77 sec
    CPU time for get_k_kpts: make_kpt ki>=kj (11,*)     46.34 sec, wall time      1.46 sec
    CPU time for get_k_kpts: make_kpt ki>=kj (12,*)     67.20 sec, wall time      2.13 sec
    CPU time for get_k_kpts: make_kpt ki>=kj (13,*)     69.78 sec, wall time      2.26 sec
    CPU time for get_k_kpts: make_kpt ki>=kj (14,*)     65.10 sec, wall time      2.07 sec
    CPU time for get_k_kpts: make_kpt ki>=kj (15,*)     74.96 sec, wall time      2.39 sec
    CPU time for get_k_kpts: make_kpt ki>=kj (16,*)    102.00 sec, wall time      3.25 sec
    CPU time for get_k_kpts: make_kpt ki>=kj (17,*)    100.94 sec, wall time      3.26 sec
    CPU time for get_k_kpts: make_kpt ki>=kj (18,*)    116.41 sec, wall time      3.85 sec
    CPU time for get_k_kpts: make_kpt ki>=kj (19,*)     89.81 sec, wall time      2.85 sec
    CPU time for get_k_kpts: make_kpt ki>=kj (20,*)     96.24 sec, wall time      3.18 sec
    CPU time for get_k_kpts: make_kpt ki>=kj (21,*)     92.58 sec, wall time      2.93 sec
    CPU time for get_k_kpts: make_kpt ki>=kj (22,*)     97.58 sec, wall time      3.10 sec
    CPU time for get_k_kpts: make_kpt ki>=kj (23,*)     92.04 sec, wall time      2.98 sec
    CPU time for get_k_kpts: make_kpt ki>=kj (24,*)    110.01 sec, wall time      3.50 sec
    CPU time for get_k_kpts: make_kpt ki>=kj (25,*)    115.77 sec, wall time      3.68 sec
    CPU time for get_k_kpts: make_kpt ki>=kj (26,*)    130.17 sec, wall time      4.32 sec
    CPU time for get_k_kpts: make_kpt ki>=kj (27,*)    110.48 sec, wall time      3.50 sec
    CPU time for get_k_kpts: make_kpt ki>=kj (28,*)    123.48 sec, wall time      3.91 sec
    CPU time for get_k_kpts: make_kpt ki>=kj (29,*)    124.41 sec, wall time      3.93 sec
    CPU time for get_k_kpts: make_kpt ki>=kj (30,*)    125.97 sec, wall time      3.98 sec
    CPU time for get_k_kpts: make_kpt ki>=kj (31,*)    137.14 sec, wall time      4.39 sec
    CPU time for get_k_kpts: make_kpt ki>=kj (32,*)    170.71 sec, wall time      5.42 sec
    CPU time for get_k_kpts: make_kpt ki>=kj (33,*)    159.81 sec, wall time      5.07 sec
    CPU time for get_k_kpts: make_kpt ki>=kj (34,*)    157.91 sec, wall time      5.04 sec
    CPU time for get_k_kpts: make_kpt ki>=kj (35,*)    159.22 sec, wall time      5.05 sec
    CPU time for get_k_kpts: make_kpt ki>=kj (36,*)    156.09 sec, wall time      4.94 sec
    CPU time for get_k_kpts: make_kpt ki>=kj (37,*)    162.57 sec, wall time      5.18 sec
    CPU time for get_k_kpts: make_kpt ki>=kj (38,*)    163.51 sec, wall time      5.18 sec
    CPU time for get_k_kpts: make_kpt ki>=kj (39,*)    157.53 sec, wall time      4.98 sec
    CPU time for get_k_kpts: make_kpt ki>=kj (40,*)    162.45 sec, wall time      5.14 sec
    CPU time for get_k_kpts: make_kpt ki>=kj (41,*)    166.18 sec, wall time      5.32 sec
    CPU time for get_k_kpts: make_kpt ki>=kj (42,*)    169.01 sec, wall time      5.35 sec
    CPU time for get_k_kpts: make_kpt ki>=kj (43,*)    172.01 sec, wall time      5.44 sec
    CPU time for get_k_kpts: make_kpt ki>=kj (44,*)    185.83 sec, wall time      5.92 sec
    CPU time for get_k_kpts: make_kpt ki>=kj (45,*)    220.51 sec, wall time      7.18 sec
    CPU time for get_k_kpts: make_kpt ki>=kj (46,*)    215.63 sec, wall time      6.86 sec
    CPU time for get_k_kpts: make_kpt ki>=kj (47,*)    191.16 sec, wall time      6.05 sec
    CPU time for get_k_kpts: make_kpt ki>=kj (48,*)    214.25 sec, wall time      6.80 sec
    CPU time for get_k_kpts: make_kpt ki>=kj (49,*)    203.50 sec, wall time      6.50 sec
    CPU time for get_k_kpts: make_kpt ki>=kj (50,*)    201.39 sec, wall time      6.46 sec
    CPU time for get_k_kpts: make_kpt ki>=kj (51,*)    190.43 sec, wall time      6.04 sec
    CPU time for get_k_kpts: make_kpt ki>=kj (52,*)    194.44 sec, wall time      6.15 sec
    CPU time for get_k_kpts: make_kpt ki>=kj (53,*)    209.69 sec, wall time      6.64 sec
    CPU time for get_k_kpts: make_kpt ki>=kj (54,*)    223.44 sec, wall time      7.08 sec
    CPU time for get_k_kpts: make_kpt ki>=kj (55,*)    223.05 sec, wall time      7.07 sec
    CPU time for get_k_kpts: make_kpt ki>=kj (56,*)    220.13 sec, wall time      6.98 sec
    CPU time for get_k_kpts: make_kpt ki>=kj (57,*)    241.21 sec, wall time      7.64 sec
    CPU time for get_k_kpts: make_kpt ki>=kj (58,*)    236.88 sec, wall time      7.53 sec
    CPU time for get_k_kpts: make_kpt ki>=kj (59,*)    309.78 sec, wall time     30.58 sec
    CPU time for get_k_kpts: make_kpt ki>=kj (60,*)    237.33 sec, wall time      9.22 sec
    CPU time for get_k_kpts: make_kpt ki>=kj (61,*)    241.25 sec, wall time      7.75 sec
    CPU time for get_k_kpts: make_kpt ki>=kj (62,*)    239.75 sec, wall time      7.57 sec
    CPU time for get_k_kpts: make_kpt ki>=kj (63,*)    235.72 sec, wall time      7.44 sec
Monkhorst pack size [4 4 4] ew_eta 1.5476658029379562 ew_cut 4.544470118544479
Ewald components = 0, -0.873305490231665, 0.789411828243223
    CPU time for get_j pass 1     73.12 sec, wall time      2.53 sec
    CPU time for get_j pass 2      7.43 sec, wall time      1.38 sec
    CPU time for vj and vk   8891.81 sec, wall time    316.15 sec
    CPU time for vnuc pass1: analytic int   3146.37 sec, wall time    102.74 sec
    CPU time for contracting Vnuc [0:216]     42.59 sec, wall time      1.34 sec
    CPU time for contracting Vnuc     42.59 sec, wall time      1.34 sec
    CPU time for get_nuc   3189.20 sec, wall time    104.09 sec

******** <class 'pyscf.pbc.cc.kccsd_rhf.RCCSD'> ********
CC2 = 0
CCSD nocc = 6, nmo = 36
frozen orbitals [36, 37, 38, 39, 40, 41, 42, 43, 44, 45, 46, 47, 48, 49, 50, 51, 52, 53, 54, 55, 56, 57, 58, 59, 60, 61, 62, 63, 64, 65, 66, 67, 68, 69, 70, 71, 72, 73, 74, 75, 76, 77, 78, 79, 80, 81, 82, 83, 84, 85]
max_cycle = 50
direct = 1
conv_tol = 1e-07
conv_tol_normt = 1e-05
diis_space = 6
diis_start_cycle = 0
diis_start_energy_diff = 1e+09
max_memory 700000 MB (current use 480 MB)
    CPU time for transforming DF-MP2 integrals   5591.83 sec, wall time    175.34 sec
t1 type: <class 'numpy.ndarray'>
t2 type: <class 'numpy.ndarray'>
