    CPU time for get_k_kpts: make_kpt ki>=kj (0,*)      2.89 sec, wall time      0.46 sec
    CPU time for get_k_kpts: make_kpt ki>=kj (1,*)     10.28 sec, wall time      0.34 sec
    CPU time for get_k_kpts: make_kpt ki>=kj (2,*)     14.66 sec, wall time      0.51 sec
    CPU time for get_k_kpts: make_kpt ki>=kj (3,*)     22.76 sec, wall time      0.72 sec
    CPU time for get_k_kpts: make_kpt ki>=kj (4,*)     31.50 sec, wall time      1.02 sec
    CPU time for get_k_kpts: make_kpt ki>=kj (5,*)     31.95 sec, wall time      1.02 sec
    CPU time for get_k_kpts: make_kpt ki>=kj (6,*)     33.53 sec, wall time      1.06 sec
    CPU time for get_k_kpts: make_kpt ki>=kj (7,*)     42.55 sec, wall time      1.36 sec
    CPU time for get_k_kpts: make_kpt ki>=kj (8,*)     50.94 sec, wall time      1.65 sec
    CPU time for get_k_kpts: make_kpt ki>=kj (9,*)     47.36 sec, wall time      1.53 sec
    CPU time for get_k_kpts: make_kpt ki>=kj (10,*)     54.27 sec, wall time      1.73 sec
    CPU time for get_k_kpts: make_kpt ki>=kj (11,*)     52.75 sec, wall time      1.68 sec
    CPU time for get_k_kpts: make_kpt ki>=kj (12,*)     70.22 sec, wall time      2.25 sec
    CPU time for get_k_kpts: make_kpt ki>=kj (13,*)     74.45 sec, wall time      2.41 sec
    CPU time for get_k_kpts: make_kpt ki>=kj (14,*)     69.05 sec, wall time      2.20 sec
    CPU time for get_k_kpts: make_kpt ki>=kj (15,*)     89.81 sec, wall time      3.20 sec
    CPU time for get_k_kpts: make_kpt ki>=kj (16,*)    112.95 sec, wall time      3.62 sec
    CPU time for get_k_kpts: make_kpt ki>=kj (17,*)    102.26 sec, wall time      3.31 sec
    CPU time for get_k_kpts: make_kpt ki>=kj (18,*)     98.50 sec, wall time      3.14 sec
    CPU time for get_k_kpts: make_kpt ki>=kj (19,*)     97.79 sec, wall time      3.17 sec
    CPU time for get_k_kpts: make_kpt ki>=kj (20,*)     93.54 sec, wall time      2.97 sec
    CPU time for get_k_kpts: make_kpt ki>=kj (21,*)     95.23 sec, wall time      3.03 sec
    CPU time for get_k_kpts: make_kpt ki>=kj (22,*)    106.79 sec, wall time      3.41 sec
    CPU time for get_k_kpts: make_kpt ki>=kj (23,*)     96.19 sec, wall time      3.08 sec
    CPU time for get_k_kpts: make_kpt ki>=kj (24,*)    109.82 sec, wall time      3.50 sec
    CPU time for get_k_kpts: make_kpt ki>=kj (25,*)    120.25 sec, wall time      3.83 sec
    CPU time for get_k_kpts: make_kpt ki>=kj (26,*)    122.23 sec, wall time      3.99 sec
    CPU time for get_k_kpts: make_kpt ki>=kj (27,*)    108.69 sec, wall time      3.44 sec
    CPU time for get_k_kpts: make_kpt ki>=kj (28,*)    127.80 sec, wall time      4.10 sec
    CPU time for get_k_kpts: make_kpt ki>=kj (29,*)    136.39 sec, wall time      4.33 sec
    CPU time for get_k_kpts: make_kpt ki>=kj (30,*)    138.91 sec, wall time      4.58 sec
    CPU time for get_k_kpts: make_kpt ki>=kj (31,*)    148.24 sec, wall time      4.81 sec
    CPU time for get_k_kpts: make_kpt ki>=kj (32,*)    199.77 sec, wall time      6.40 sec
    CPU time for get_k_kpts: make_kpt ki>=kj (33,*)    205.23 sec, wall time      6.85 sec
    CPU time for get_k_kpts: make_kpt ki>=kj (34,*)    183.12 sec, wall time      5.83 sec
    CPU time for get_k_kpts: make_kpt ki>=kj (35,*)    186.86 sec, wall time      6.02 sec
    CPU time for get_k_kpts: make_kpt ki>=kj (36,*)    180.11 sec, wall time      5.78 sec
    CPU time for get_k_kpts: make_kpt ki>=kj (37,*)    182.30 sec, wall time      5.82 sec
    CPU time for get_k_kpts: make_kpt ki>=kj (38,*)    174.06 sec, wall time      5.54 sec
    CPU time for get_k_kpts: make_kpt ki>=kj (39,*)    177.33 sec, wall time      5.71 sec
    CPU time for get_k_kpts: make_kpt ki>=kj (40,*)    167.85 sec, wall time      5.32 sec
    CPU time for get_k_kpts: make_kpt ki>=kj (41,*)    174.21 sec, wall time      5.55 sec
    CPU time for get_k_kpts: make_kpt ki>=kj (42,*)    175.16 sec, wall time      5.67 sec
    CPU time for get_k_kpts: make_kpt ki>=kj (43,*)    177.21 sec, wall time      5.77 sec
    CPU time for get_k_kpts: make_kpt ki>=kj (44,*)    191.34 sec, wall time      6.07 sec
    CPU time for get_k_kpts: make_kpt ki>=kj (45,*)    191.45 sec, wall time      6.06 sec
    CPU time for get_k_kpts: make_kpt ki>=kj (46,*)    224.65 sec, wall time      7.14 sec
    CPU time for get_k_kpts: make_kpt ki>=kj (47,*)    201.60 sec, wall time      6.43 sec
    CPU time for get_k_kpts: make_kpt ki>=kj (48,*)    239.39 sec, wall time      7.64 sec
    CPU time for get_k_kpts: make_kpt ki>=kj (49,*)    208.79 sec, wall time      6.62 sec
    CPU time for get_k_kpts: make_kpt ki>=kj (50,*)    217.14 sec, wall time      6.88 sec
    CPU time for get_k_kpts: make_kpt ki>=kj (51,*)    215.92 sec, wall time      6.87 sec
    CPU time for get_k_kpts: make_kpt ki>=kj (52,*)    205.44 sec, wall time      6.50 sec
    CPU time for get_k_kpts: make_kpt ki>=kj (53,*)    228.00 sec, wall time      7.23 sec
    CPU time for get_k_kpts: make_kpt ki>=kj (54,*)    241.26 sec, wall time      7.64 sec
    CPU time for get_k_kpts: make_kpt ki>=kj (55,*)    260.91 sec, wall time      8.36 sec
    CPU time for get_k_kpts: make_kpt ki>=kj (56,*)    233.88 sec, wall time      7.41 sec
    CPU time for get_k_kpts: make_kpt ki>=kj (57,*)    246.62 sec, wall time      7.81 sec
    CPU time for get_k_kpts: make_kpt ki>=kj (58,*)    234.10 sec, wall time      7.42 sec
    CPU time for get_k_kpts: make_kpt ki>=kj (59,*)    284.85 sec, wall time     19.61 sec
    CPU time for get_k_kpts: make_kpt ki>=kj (60,*)    277.12 sec, wall time     19.85 sec
    CPU time for get_k_kpts: make_kpt ki>=kj (61,*)    236.30 sec, wall time      7.48 sec
    CPU time for get_k_kpts: make_kpt ki>=kj (62,*)    245.97 sec, wall time      7.85 sec
    CPU time for get_k_kpts: make_kpt ki>=kj (63,*)    243.06 sec, wall time      7.68 sec
Monkhorst pack size [4 4 4] ew_eta 1.5476658029379562 ew_cut 4.544470118544479
Ewald components = 0, -0.873305490231665, 0.789411828243223
    CPU time for get_j pass 1     73.01 sec, wall time      2.38 sec
    CPU time for get_j pass 2      7.46 sec, wall time      1.39 sec
    CPU time for vj and vk   9411.60 sec, wall time    324.22 sec
    CPU time for vnuc pass1: analytic int   3059.77 sec, wall time     99.41 sec
    CPU time for contracting Vnuc [0:216]     42.74 sec, wall time      1.35 sec
    CPU time for contracting Vnuc     42.75 sec, wall time      1.35 sec
    CPU time for get_nuc   3102.73 sec, wall time    100.77 sec
Ewald components = 2.22177160975447e-132, -245.992357858762, 217.051170209755
    CPU time for vnuc pass1: analytic int   3025.47 sec, wall time     98.94 sec
    CPU time for contracting Vnuc [0:216]     42.54 sec, wall time      1.34 sec
    CPU time for contracting Vnuc     42.55 sec, wall time      1.34 sec
    CPU time for get_nuc   3068.22 sec, wall time    100.29 sec
E1 = (-56.007612852916516+5.559182441331861e-13j)  E_coul = (5.664070784957718-9.070809510270707e-13j)
using HDF5 ERI storage
    CPU time for transforming oopq 1937782.46 sec, wall time  62369.50 sec
    CPU time for transforming ovpq 2049486.62 sec, wall time  66607.84 sec
    CPU time for transforming vvvv   8632.22 sec, wall time    273.60 sec
    CPU time for CCSD integral transformation 4011497.71 sec, wall time 129776.88 sec
    CPU time for EOM-CCSD shared one-electron intermediates 202640.77 sec, wall time   7127.10 sec
IMDS key to save: Loo , type: <class 'numpy.ndarray'>
IMDS key to save: Lvv , type: <class 'numpy.ndarray'>
IMDS key to save: Fov , type: <class 'numpy.ndarray'>
Made 1e intermediates
