    CPU time for get_k_kpts: make_kpt ki>=kj (0,*)      2.61 sec, wall time      0.16 sec
    CPU time for get_k_kpts: make_kpt ki>=kj (1,*)      6.45 sec, wall time      0.21 sec
    CPU time for get_k_kpts: make_kpt ki>=kj (2,*)     10.40 sec, wall time      0.34 sec
    CPU time for get_k_kpts: make_kpt ki>=kj (3,*)     13.87 sec, wall time      0.46 sec
    CPU time for get_k_kpts: make_kpt ki>=kj (4,*)     14.89 sec, wall time      0.47 sec
    CPU time for get_k_kpts: make_kpt ki>=kj (5,*)     17.56 sec, wall time      0.55 sec
    CPU time for get_k_kpts: make_kpt ki>=kj (6,*)     24.88 sec, wall time      0.82 sec
    CPU time for get_k_kpts: make_kpt ki>=kj (7,*)     23.85 sec, wall time      0.78 sec
Monkhorst pack size [2 2 2] ew_eta 3.017379283613466 ew_cut 2.333163107269861
Ewald components = 0, -1.70264454950703, 1.53485722578667
    CPU time for get_j pass 1      8.30 sec, wall time      0.30 sec
    CPU time for get_j pass 2      4.85 sec, wall time      0.17 sec
    CPU time for vj and vk    134.00 sec, wall time      4.46 sec
    CPU time for vnuc pass1: analytic int   1061.57 sec, wall time     34.25 sec
    CPU time for contracting Vnuc [0:216]     18.42 sec, wall time      0.60 sec
    CPU time for contracting Vnuc     18.42 sec, wall time      0.60 sec
    CPU time for get_nuc   1080.03 sec, wall time     34.85 sec
Ewald components = 2.22177160975447e-132, -245.992357858762, 217.051170209755
    CPU time for vnuc pass1: analytic int   1056.79 sec, wall time     34.04 sec
    CPU time for contracting Vnuc [0:216]     18.24 sec, wall time      0.58 sec
    CPU time for contracting Vnuc     18.24 sec, wall time      0.58 sec
    CPU time for get_nuc   1075.07 sec, wall time     34.61 sec
E1 = (-56.0795819419579-2.57493661257737e-15j)  E_coul = (5.778018356697214+2.8942385740786763e-16j)
using HDF5 ERI storage
    CPU time for transforming oopq   3473.28 sec, wall time    114.91 sec
    CPU time for transforming ovpq   5078.42 sec, wall time    176.07 sec
    CPU time for transforming vvvv     92.35 sec, wall time      2.94 sec
    CPU time for CCSD integral transformation  10938.04 sec, wall time    368.03 sec
    CPU time for EOM-CCSD shared one-electron intermediates    218.32 sec, wall time     10.20 sec
IMDS key to save: Loo , type: <class 'numpy.ndarray'>
IMDS key to save: Lvv , type: <class 'numpy.ndarray'>
IMDS key to save: Fov , type: <class 'numpy.ndarray'>
Made 1e intermediates
