
******** <class 'pyscf.pbc.cc.kccsd_rhf.RCCSD'> ********
CC2 = 0
CCSD nocc = 6, nmo = 36
frozen orbitals [36, 37, 38, 39, 40, 41, 42, 43, 44, 45, 46, 47, 48, 49, 50, 51, 52, 53, 54, 55, 56, 57, 58, 59, 60, 61, 62, 63, 64, 65, 66, 67, 68, 69, 70, 71, 72, 73, 74, 75, 76, 77, 78, 79, 80, 81, 82, 83, 84, 85]
max_cycle = 50
direct = 1
conv_tol = 1e-07
conv_tol_normt = 1e-05
diis_space = 6
diis_start_cycle = 0
diis_start_energy_diff = 1e+09
max_memory 700000 MB (current use 167 MB)
    CPU time for get_k_kpts: make_kpt ki>=kj (0,*)      2.43 sec, wall time      0.12 sec
    CPU time for get_k_kpts: make_kpt ki>=kj (1,*)      5.42 sec, wall time      0.17 sec
    CPU time for get_k_kpts: make_kpt ki>=kj (2,*)     10.50 sec, wall time      0.37 sec
    CPU time for get_k_kpts: make_kpt ki>=kj (3,*)     13.90 sec, wall time      0.48 sec
    CPU time for get_k_kpts: make_kpt ki>=kj (4,*)     15.66 sec, wall time      0.50 sec
    CPU time for get_k_kpts: make_kpt ki>=kj (5,*)     16.44 sec, wall time      0.52 sec
    CPU time for get_k_kpts: make_kpt ki>=kj (6,*)     20.61 sec, wall time      0.65 sec
    CPU time for get_k_kpts: make_kpt ki>=kj (7,*)     21.91 sec, wall time      0.69 sec
    CPU time for get_k_kpts: make_kpt ki>=kj (8,*)     25.64 sec, wall time      0.82 sec
    CPU time for get_k_kpts: make_kpt ki>=kj (9,*)     26.13 sec, wall time      0.83 sec
    CPU time for get_k_kpts: make_kpt ki>=kj (10,*)     30.27 sec, wall time      0.96 sec
    CPU time for get_k_kpts: make_kpt ki>=kj (11,*)     33.30 sec, wall time      1.05 sec
    CPU time for get_k_kpts: make_kpt ki>=kj (12,*)     34.53 sec, wall time      1.09 sec
    CPU time for get_k_kpts: make_kpt ki>=kj (13,*)     38.56 sec, wall time      1.22 sec
    CPU time for get_k_kpts: make_kpt ki>=kj (14,*)     39.72 sec, wall time      1.25 sec
    CPU time for get_k_kpts: make_kpt ki>=kj (15,*)     42.98 sec, wall time      1.35 sec
    CPU time for get_k_kpts: make_kpt ki>=kj (16,*)     47.23 sec, wall time      1.49 sec
    CPU time for get_k_kpts: make_kpt ki>=kj (17,*)     48.61 sec, wall time      1.53 sec
    CPU time for get_k_kpts: make_kpt ki>=kj (18,*)     49.18 sec, wall time      1.55 sec
    CPU time for get_k_kpts: make_kpt ki>=kj (19,*)     52.67 sec, wall time      1.66 sec
    CPU time for get_k_kpts: make_kpt ki>=kj (20,*)     59.12 sec, wall time      1.86 sec
    CPU time for get_k_kpts: make_kpt ki>=kj (21,*)     58.56 sec, wall time      1.84 sec
    CPU time for get_k_kpts: make_kpt ki>=kj (22,*)     66.60 sec, wall time      2.09 sec
    CPU time for get_k_kpts: make_kpt ki>=kj (23,*)     69.13 sec, wall time      2.17 sec
    CPU time for get_k_kpts: make_kpt ki>=kj (24,*)     71.37 sec, wall time      2.24 sec
    CPU time for get_k_kpts: make_kpt ki>=kj (25,*)     75.26 sec, wall time      2.36 sec
    CPU time for get_k_kpts: make_kpt ki>=kj (26,*)     77.81 sec, wall time      2.44 sec
    CPU time for get_k_kpts: make_kpt ki>=kj (27,*)     80.49 sec, wall time      2.53 sec
    CPU time for get_k_kpts: make_kpt ki>=kj (28,*)     82.43 sec, wall time      2.59 sec
    CPU time for get_k_kpts: make_kpt ki>=kj (29,*)     85.85 sec, wall time      2.70 sec
    CPU time for get_k_kpts: make_kpt ki>=kj (30,*)     91.10 sec, wall time      2.87 sec
    CPU time for get_k_kpts: make_kpt ki>=kj (31,*)     90.76 sec, wall time      2.85 sec
    CPU time for get_k_kpts: make_kpt ki>=kj (32,*)     94.34 sec, wall time      2.97 sec
    CPU time for get_k_kpts: make_kpt ki>=kj (33,*)     96.51 sec, wall time      3.03 sec
    CPU time for get_k_kpts: make_kpt ki>=kj (34,*)     98.23 sec, wall time      3.08 sec
    CPU time for get_k_kpts: make_kpt ki>=kj (35,*)    101.40 sec, wall time      3.19 sec
    CPU time for get_k_kpts: make_kpt ki>=kj (36,*)    105.06 sec, wall time      3.30 sec
    CPU time for get_k_kpts: make_kpt ki>=kj (37,*)    108.73 sec, wall time      3.42 sec
    CPU time for get_k_kpts: make_kpt ki>=kj (38,*)    110.94 sec, wall time      3.49 sec
    CPU time for get_k_kpts: make_kpt ki>=kj (39,*)    113.47 sec, wall time      3.57 sec
    CPU time for get_k_kpts: make_kpt ki>=kj (40,*)    116.11 sec, wall time      3.65 sec
    CPU time for get_k_kpts: make_kpt ki>=kj (41,*)    117.99 sec, wall time      3.71 sec
    CPU time for get_k_kpts: make_kpt ki>=kj (42,*)    132.24 sec, wall time      4.18 sec
    CPU time for get_k_kpts: make_kpt ki>=kj (43,*)    131.68 sec, wall time      4.15 sec
    CPU time for get_k_kpts: make_kpt ki>=kj (44,*)    126.20 sec, wall time      3.97 sec
    CPU time for get_k_kpts: make_kpt ki>=kj (45,*)    127.59 sec, wall time      4.01 sec
    CPU time for get_k_kpts: make_kpt ki>=kj (46,*)    132.08 sec, wall time      4.16 sec
    CPU time for get_k_kpts: make_kpt ki>=kj (47,*)    134.88 sec, wall time      4.24 sec
    CPU time for get_k_kpts: make_kpt ki>=kj (48,*)    136.07 sec, wall time      4.28 sec
    CPU time for get_k_kpts: make_kpt ki>=kj (49,*)    136.47 sec, wall time      4.30 sec
    CPU time for get_k_kpts: make_kpt ki>=kj (50,*)    145.08 sec, wall time      4.59 sec
    CPU time for get_k_kpts: make_kpt ki>=kj (51,*)    146.35 sec, wall time      4.62 sec
    CPU time for get_k_kpts: make_kpt ki>=kj (52,*)    149.47 sec, wall time      4.72 sec
    CPU time for get_k_kpts: make_kpt ki>=kj (53,*)    152.08 sec, wall time      4.78 sec
    CPU time for get_k_kpts: make_kpt ki>=kj (54,*)    153.74 sec, wall time      4.84 sec
    CPU time for get_k_kpts: make_kpt ki>=kj (55,*)    157.33 sec, wall time      4.94 sec
    CPU time for get_k_kpts: make_kpt ki>=kj (56,*)    161.18 sec, wall time      5.10 sec
    CPU time for get_k_kpts: make_kpt ki>=kj (57,*)    161.33 sec, wall time      5.08 sec
    CPU time for get_k_kpts: make_kpt ki>=kj (58,*)    163.83 sec, wall time      5.17 sec
    CPU time for get_k_kpts: make_kpt ki>=kj (59,*)    164.01 sec, wall time      5.15 sec
    CPU time for get_k_kpts: make_kpt ki>=kj (60,*)    168.84 sec, wall time      5.33 sec
    CPU time for get_k_kpts: make_kpt ki>=kj (61,*)    171.54 sec, wall time      5.39 sec
    CPU time for get_k_kpts: make_kpt ki>=kj (62,*)    172.38 sec, wall time      5.41 sec
    CPU time for get_k_kpts: make_kpt ki>=kj (63,*)    176.28 sec, wall time      5.54 sec
Monkhorst pack size [4 4 4] ew_eta 1.567785923794447 ew_cut 4.486233713020537
Ewald components = 0, -0.88465892227202, 0.799631562152575
    CPU time for get_j pass 1     67.68 sec, wall time      2.16 sec
    CPU time for get_j pass 2      7.55 sec, wall time      1.45 sec
    CPU time for vj and vk   5928.90 sec, wall time    187.99 sec
    CPU time for vnuc pass1: analytic int    811.50 sec, wall time     26.31 sec
    CPU time for contracting Vnuc [0:216]     28.40 sec, wall time      0.92 sec
    CPU time for contracting Vnuc     28.40 sec, wall time      0.92 sec
    CPU time for get_nuc    840.11 sec, wall time     27.24 sec

******** <class 'pyscf.pbc.cc.kccsd_rhf.RCCSD'> ********
CC2 = 0
CCSD nocc = 6, nmo = 36
frozen orbitals [36, 37, 38, 39, 40, 41, 42, 43, 44, 45, 46, 47, 48, 49, 50, 51, 52, 53, 54, 55, 56, 57, 58, 59, 60, 61, 62, 63, 64, 65, 66, 67, 68, 69, 70, 71, 72, 73, 74, 75, 76, 77, 78, 79, 80, 81, 82, 83, 84, 85]
max_cycle = 50
direct = 1
conv_tol = 1e-07
conv_tol_normt = 1e-05
diis_space = 6
diis_start_cycle = 0
diis_start_energy_diff = 1e+09
max_memory 700000 MB (current use 508 MB)
    CPU time for transforming DF-MP2 integrals   5604.41 sec, wall time    175.73 sec
t1 type: <class 'numpy.ndarray'>
t2 type: <class 'numpy.ndarray'>
