    CPU time for get_k_kpts: make_kpt ki>=kj (0,*)      5.56 sec, wall time     16.98 sec
    CPU time for get_k_kpts: make_kpt ki>=kj (1,*)      2.93 sec, wall time      0.51 sec
    CPU time for get_k_kpts: make_kpt ki>=kj (2,*)      4.00 sec, wall time      0.44 sec
    CPU time for get_k_kpts: make_kpt ki>=kj (3,*)      5.88 sec, wall time      0.78 sec
    CPU time for get_k_kpts: make_kpt ki>=kj (4,*)      6.95 sec, wall time      1.20 sec
    CPU time for get_k_kpts: make_kpt ki>=kj (5,*)      8.46 sec, wall time      0.88 sec
    CPU time for get_k_kpts: make_kpt ki>=kj (6,*)     10.04 sec, wall time      1.36 sec
    CPU time for get_k_kpts: make_kpt ki>=kj (7,*)     11.82 sec, wall time      1.27 sec
    CPU time for get_k_kpts: make_kpt ki>=kj (8,*)     13.57 sec, wall time      1.76 sec
    CPU time for get_k_kpts: make_kpt ki>=kj (9,*)     13.81 sec, wall time      1.40 sec
    CPU time for get_k_kpts: make_kpt ki>=kj (10,*)     16.02 sec, wall time      1.80 sec
    CPU time for get_k_kpts: make_kpt ki>=kj (11,*)     16.71 sec, wall time      1.42 sec
    CPU time for get_k_kpts: make_kpt ki>=kj (12,*)     18.47 sec, wall time      2.26 sec
    CPU time for get_k_kpts: make_kpt ki>=kj (13,*)     20.84 sec, wall time      2.54 sec
    CPU time for get_k_kpts: make_kpt ki>=kj (14,*)     20.70 sec, wall time      1.99 sec
    CPU time for get_k_kpts: make_kpt ki>=kj (15,*)     23.42 sec, wall time      3.11 sec
    CPU time for get_k_kpts: make_kpt ki>=kj (16,*)     24.74 sec, wall time      4.41 sec
    CPU time for get_k_kpts: make_kpt ki>=kj (17,*)     25.86 sec, wall time      3.51 sec
    CPU time for get_k_kpts: make_kpt ki>=kj (18,*)     27.66 sec, wall time      3.84 sec
    CPU time for get_k_kpts: make_kpt ki>=kj (19,*)     28.24 sec, wall time      3.25 sec
    CPU time for get_k_kpts: make_kpt ki>=kj (20,*)     29.48 sec, wall time      3.46 sec
    CPU time for get_k_kpts: make_kpt ki>=kj (21,*)     31.66 sec, wall time      3.02 sec
    CPU time for get_k_kpts: make_kpt ki>=kj (22,*)     33.36 sec, wall time      3.35 sec
    CPU time for get_k_kpts: make_kpt ki>=kj (23,*)     33.46 sec, wall time      3.38 sec
    CPU time for get_k_kpts: make_kpt ki>=kj (24,*)     33.99 sec, wall time      3.53 sec
    CPU time for get_k_kpts: make_kpt ki>=kj (25,*)     36.87 sec, wall time      3.84 sec
    CPU time for get_k_kpts: make_kpt ki>=kj (26,*)     38.48 sec, wall time      3.83 sec
    CPU time for get_k_kpts: make_kpt ki>=kj (27,*)     38.24 sec, wall time      3.54 sec
    CPU time for get_k_kpts: make_kpt ki>=kj (28,*)     40.15 sec, wall time      4.11 sec
    CPU time for get_k_kpts: make_kpt ki>=kj (29,*)     42.90 sec, wall time      4.73 sec
    CPU time for get_k_kpts: make_kpt ki>=kj (30,*)     43.22 sec, wall time      4.92 sec
    CPU time for get_k_kpts: make_kpt ki>=kj (31,*)     44.88 sec, wall time      4.64 sec
    CPU time for get_k_kpts: make_kpt ki>=kj (32,*)     46.39 sec, wall time      6.46 sec
    CPU time for get_k_kpts: make_kpt ki>=kj (33,*)     48.27 sec, wall time      5.67 sec
    CPU time for get_k_kpts: make_kpt ki>=kj (34,*)     49.51 sec, wall time      5.06 sec
    CPU time for get_k_kpts: make_kpt ki>=kj (35,*)     50.26 sec, wall time      4.60 sec
    CPU time for get_k_kpts: make_kpt ki>=kj (36,*)     51.25 sec, wall time      5.54 sec
    CPU time for get_k_kpts: make_kpt ki>=kj (37,*)     53.77 sec, wall time      6.25 sec
    CPU time for get_k_kpts: make_kpt ki>=kj (38,*)     56.73 sec, wall time      6.40 sec
    CPU time for get_k_kpts: make_kpt ki>=kj (39,*)     56.10 sec, wall time      5.12 sec
    CPU time for get_k_kpts: make_kpt ki>=kj (40,*)     56.69 sec, wall time      5.21 sec
    CPU time for get_k_kpts: make_kpt ki>=kj (41,*)     57.68 sec, wall time      5.34 sec
    CPU time for get_k_kpts: make_kpt ki>=kj (42,*)     60.16 sec, wall time      5.24 sec
    CPU time for get_k_kpts: make_kpt ki>=kj (43,*)     60.90 sec, wall time      5.25 sec
    CPU time for get_k_kpts: make_kpt ki>=kj (44,*)     62.59 sec, wall time      6.11 sec
    CPU time for get_k_kpts: make_kpt ki>=kj (45,*)     63.91 sec, wall time      5.83 sec
    CPU time for get_k_kpts: make_kpt ki>=kj (46,*)     67.31 sec, wall time      6.63 sec
    CPU time for get_k_kpts: make_kpt ki>=kj (47,*)     67.03 sec, wall time      5.92 sec
    CPU time for get_k_kpts: make_kpt ki>=kj (48,*)     69.30 sec, wall time      7.82 sec
    CPU time for get_k_kpts: make_kpt ki>=kj (49,*)     69.78 sec, wall time      6.19 sec
    CPU time for get_k_kpts: make_kpt ki>=kj (50,*)     72.10 sec, wall time      8.47 sec
    CPU time for get_k_kpts: make_kpt ki>=kj (51,*)     72.17 sec, wall time      7.37 sec
    CPU time for get_k_kpts: make_kpt ki>=kj (52,*)     73.44 sec, wall time      6.61 sec
    CPU time for get_k_kpts: make_kpt ki>=kj (53,*)     74.75 sec, wall time      7.86 sec
    CPU time for get_k_kpts: make_kpt ki>=kj (54,*)     77.21 sec, wall time      7.31 sec
    CPU time for get_k_kpts: make_kpt ki>=kj (55,*)     77.80 sec, wall time      7.54 sec
    CPU time for get_k_kpts: make_kpt ki>=kj (56,*)     79.18 sec, wall time      6.75 sec
    CPU time for get_k_kpts: make_kpt ki>=kj (57,*)     81.35 sec, wall time      8.25 sec
    CPU time for get_k_kpts: make_kpt ki>=kj (58,*)     81.90 sec, wall time      6.94 sec
    CPU time for get_k_kpts: make_kpt ki>=kj (59,*)     84.58 sec, wall time      7.85 sec
    CPU time for get_k_kpts: make_kpt ki>=kj (60,*)     81.77 sec, wall time      7.06 sec
    CPU time for get_k_kpts: make_kpt ki>=kj (61,*)     84.36 sec, wall time      8.27 sec
    CPU time for get_k_kpts: make_kpt ki>=kj (62,*)     85.09 sec, wall time      7.59 sec
    CPU time for get_k_kpts: make_kpt ki>=kj (63,*)     84.66 sec, wall time      8.14 sec
Monkhorst pack size [4 4 4] ew_eta 1.567785923794447 ew_cut 4.486233713020537
Ewald components = 0, -0.88465892227202, 0.799631562152575
    CPU time for get_j pass 1     20.68 sec, wall time      2.09 sec
    CPU time for get_j pass 2      1.54 sec, wall time      1.41 sec
    CPU time for vj and vk   2933.70 sec, wall time    316.04 sec
    CPU time for vnuc pass1: analytic int   1934.48 sec, wall time     62.57 sec
    CPU time for contracting Vnuc [0:216]     39.23 sec, wall time      1.59 sec
    CPU time for contracting Vnuc     39.23 sec, wall time      1.59 sec
    CPU time for get_nuc   1973.94 sec, wall time     64.17 sec
Ewald components = 3.0606179073546e-132, -242.469443607053, 213.698400957796
    CPU time for vnuc pass1: analytic int   1932.11 sec, wall time     62.16 sec
    CPU time for contracting Vnuc [0:216]     38.93 sec, wall time      1.40 sec
    CPU time for contracting Vnuc     38.93 sec, wall time      1.40 sec
    CPU time for get_nuc   1971.27 sec, wall time     63.57 sec
E1 = (-51.26301351810246+7.023339233388894e-15j)  E_coul = (4.258953731212437-9.024723541771252e-16j)
using HDF5 ERI storage
    CPU time for transforming oopq 172622.96 sec, wall time  45930.03 sec
    CPU time for transforming ovpq 194918.11 sec, wall time  50013.78 sec
    CPU time for transforming vvvv   1584.68 sec, wall time    191.78 sec
    CPU time for CCSD integral transformation 376006.39 sec, wall time  96580.58 sec
    CPU time for EOM-CCSD shared one-electron intermediates  38828.68 sec, wall time   5298.38 sec
IMDS key to save: Loo , type: <class 'numpy.ndarray'>
IMDS key to save: Lvv , type: <class 'numpy.ndarray'>
IMDS key to save: Fov , type: <class 'numpy.ndarray'>
Made 1e intermediates
