
******** <class 'pyscf.pbc.cc.kccsd_rhf.RCCSD'> ********
CC2 = 0
CCSD nocc = 6, nmo = 31
frozen orbitals [31, 32, 33, 34, 35, 36, 37, 38, 39, 40, 41, 42, 43, 44, 45, 46, 47, 48, 49, 50, 51, 52, 53, 54, 55, 56, 57, 58, 59, 60, 61, 62, 63, 64, 65, 66, 67, 68, 69, 70, 71, 72, 73, 74, 75, 76, 77, 78, 79, 80, 81, 82, 83, 84, 85]
max_cycle = 50
direct = 1
conv_tol = 1e-07
conv_tol_normt = 1e-05
diis_space = 6
diis_start_cycle = 0
diis_start_energy_diff = 1e+09
max_memory 700000 MB (current use 105 MB)
    CPU time for get_k_kpts: make_kpt ki>=kj (0,*)      2.72 sec, wall time      0.29 sec
    CPU time for get_k_kpts: make_kpt ki>=kj (1,*)      9.43 sec, wall time      0.39 sec
    CPU time for get_k_kpts: make_kpt ki>=kj (2,*)     14.32 sec, wall time      0.46 sec
    CPU time for get_k_kpts: make_kpt ki>=kj (3,*)     18.06 sec, wall time      0.58 sec
    CPU time for get_k_kpts: make_kpt ki>=kj (4,*)     26.62 sec, wall time      0.85 sec
    CPU time for get_k_kpts: make_kpt ki>=kj (5,*)     33.06 sec, wall time      1.13 sec
    CPU time for get_k_kpts: make_kpt ki>=kj (6,*)     31.37 sec, wall time      1.00 sec
    CPU time for get_k_kpts: make_kpt ki>=kj (7,*)     35.89 sec, wall time      1.14 sec
Monkhorst pack size [2 2 2] ew_eta 3.0566830812214194 ew_cut 2.30320412508748
Ewald components = 0, -1.72482326343322, 1.55476854344923
    CPU time for get_j pass 1     10.48 sec, wall time      0.34 sec
    CPU time for get_j pass 2      6.21 sec, wall time      0.21 sec
    CPU time for vj and vk    194.88 sec, wall time      6.63 sec
    CPU time for vnuc pass1: analytic int    407.37 sec, wall time     13.09 sec
    CPU time for contracting Vnuc [0:216]     12.56 sec, wall time      0.40 sec
    CPU time for contracting Vnuc     12.56 sec, wall time      0.40 sec
    CPU time for get_nuc    419.97 sec, wall time     13.50 sec

******** <class 'pyscf.pbc.cc.kccsd_rhf.RCCSD'> ********
CC2 = 0
CCSD nocc = 6, nmo = 31
frozen orbitals [31, 32, 33, 34, 35, 36, 37, 38, 39, 40, 41, 42, 43, 44, 45, 46, 47, 48, 49, 50, 51, 52, 53, 54, 55, 56, 57, 58, 59, 60, 61, 62, 63, 64, 65, 66, 67, 68, 69, 70, 71, 72, 73, 74, 75, 76, 77, 78, 79, 80, 81, 82, 83, 84, 85]
max_cycle = 50
direct = 1
conv_tol = 1e-07
conv_tol_normt = 1e-05
diis_space = 6
diis_start_cycle = 0
diis_start_energy_diff = 1e+09
max_memory 700000 MB (current use 712 MB)
    CPU time for transforming DF-MP2 integrals     89.09 sec, wall time      2.80 sec
t1 type: <class 'numpy.ndarray'>
t2 type: <class 'numpy.ndarray'>
