    CPU time for get_k_kpts: make_kpt ki>=kj (0,*)      8.83 sec, wall time      1.23 sec
    CPU time for get_k_kpts: make_kpt ki>=kj (1,*)      9.50 sec, wall time      0.45 sec
    CPU time for get_k_kpts: make_kpt ki>=kj (2,*)     19.00 sec, wall time      0.64 sec
    CPU time for get_k_kpts: make_kpt ki>=kj (3,*)     29.87 sec, wall time      1.05 sec
    CPU time for get_k_kpts: make_kpt ki>=kj (4,*)     41.07 sec, wall time      1.62 sec
    CPU time for get_k_kpts: make_kpt ki>=kj (5,*)     38.17 sec, wall time      1.33 sec
    CPU time for get_k_kpts: make_kpt ki>=kj (6,*)     49.00 sec, wall time      1.64 sec
    CPU time for get_k_kpts: make_kpt ki>=kj (7,*)     43.89 sec, wall time      1.68 sec
    CPU time for get_k_kpts: make_kpt ki>=kj (8,*)     45.41 sec, wall time      1.46 sec
    CPU time for get_k_kpts: make_kpt ki>=kj (9,*)     47.47 sec, wall time      1.52 sec
    CPU time for get_k_kpts: make_kpt ki>=kj (10,*)     54.92 sec, wall time      1.77 sec
    CPU time for get_k_kpts: make_kpt ki>=kj (11,*)     46.92 sec, wall time      1.49 sec
    CPU time for get_k_kpts: make_kpt ki>=kj (12,*)     68.66 sec, wall time      2.18 sec
    CPU time for get_k_kpts: make_kpt ki>=kj (13,*)     68.10 sec, wall time      2.16 sec
    CPU time for get_k_kpts: make_kpt ki>=kj (14,*)     61.34 sec, wall time      1.95 sec
    CPU time for get_k_kpts: make_kpt ki>=kj (15,*)     92.83 sec, wall time      2.96 sec
    CPU time for get_k_kpts: make_kpt ki>=kj (16,*)    108.15 sec, wall time      3.48 sec
    CPU time for get_k_kpts: make_kpt ki>=kj (17,*)    103.21 sec, wall time      3.30 sec
    CPU time for get_k_kpts: make_kpt ki>=kj (18,*)    107.99 sec, wall time      3.46 sec
    CPU time for get_k_kpts: make_kpt ki>=kj (19,*)    102.84 sec, wall time      3.31 sec
    CPU time for get_k_kpts: make_kpt ki>=kj (20,*)    104.01 sec, wall time      3.50 sec
    CPU time for get_k_kpts: make_kpt ki>=kj (21,*)     95.99 sec, wall time      3.05 sec
    CPU time for get_k_kpts: make_kpt ki>=kj (22,*)    114.74 sec, wall time      3.75 sec
    CPU time for get_k_kpts: make_kpt ki>=kj (23,*)    104.98 sec, wall time      3.33 sec
    CPU time for get_k_kpts: make_kpt ki>=kj (24,*)    116.12 sec, wall time      3.69 sec
    CPU time for get_k_kpts: make_kpt ki>=kj (25,*)    116.55 sec, wall time      3.69 sec
    CPU time for get_k_kpts: make_kpt ki>=kj (26,*)    119.90 sec, wall time      3.80 sec
    CPU time for get_k_kpts: make_kpt ki>=kj (27,*)    111.49 sec, wall time      3.53 sec
    CPU time for get_k_kpts: make_kpt ki>=kj (28,*)    125.16 sec, wall time      3.97 sec
    CPU time for get_k_kpts: make_kpt ki>=kj (29,*)    140.46 sec, wall time      4.46 sec
    CPU time for get_k_kpts: make_kpt ki>=kj (30,*)    137.64 sec, wall time      4.36 sec
    CPU time for get_k_kpts: make_kpt ki>=kj (31,*)    158.21 sec, wall time      5.02 sec
    CPU time for get_k_kpts: make_kpt ki>=kj (32,*)    184.75 sec, wall time      5.87 sec
    CPU time for get_k_kpts: make_kpt ki>=kj (33,*)    176.61 sec, wall time      5.60 sec
    CPU time for get_k_kpts: make_kpt ki>=kj (34,*)    181.44 sec, wall time      5.80 sec
    CPU time for get_k_kpts: make_kpt ki>=kj (35,*)    171.66 sec, wall time      5.44 sec
    CPU time for get_k_kpts: make_kpt ki>=kj (36,*)    186.93 sec, wall time      5.93 sec
    CPU time for get_k_kpts: make_kpt ki>=kj (37,*)    193.07 sec, wall time      6.17 sec
    CPU time for get_k_kpts: make_kpt ki>=kj (38,*)    204.15 sec, wall time      6.80 sec
    CPU time for get_k_kpts: make_kpt ki>=kj (39,*)    157.05 sec, wall time      5.02 sec
    CPU time for get_k_kpts: make_kpt ki>=kj (40,*)    168.49 sec, wall time      5.34 sec
    CPU time for get_k_kpts: make_kpt ki>=kj (41,*)    172.85 sec, wall time      5.48 sec
    CPU time for get_k_kpts: make_kpt ki>=kj (42,*)    173.45 sec, wall time      5.49 sec
    CPU time for get_k_kpts: make_kpt ki>=kj (43,*)    180.76 sec, wall time      5.72 sec
    CPU time for get_k_kpts: make_kpt ki>=kj (44,*)    191.13 sec, wall time      6.07 sec
    CPU time for get_k_kpts: make_kpt ki>=kj (45,*)    195.49 sec, wall time      6.23 sec
    CPU time for get_k_kpts: make_kpt ki>=kj (46,*)    221.00 sec, wall time      7.03 sec
    CPU time for get_k_kpts: make_kpt ki>=kj (47,*)    203.17 sec, wall time      6.44 sec
    CPU time for get_k_kpts: make_kpt ki>=kj (48,*)    239.50 sec, wall time      7.67 sec
    CPU time for get_k_kpts: make_kpt ki>=kj (49,*)    200.34 sec, wall time      6.34 sec
    CPU time for get_k_kpts: make_kpt ki>=kj (50,*)    221.77 sec, wall time      7.04 sec
    CPU time for get_k_kpts: make_kpt ki>=kj (51,*)    226.43 sec, wall time      7.17 sec
    CPU time for get_k_kpts: make_kpt ki>=kj (52,*)    215.16 sec, wall time      6.80 sec
    CPU time for get_k_kpts: make_kpt ki>=kj (53,*)    230.63 sec, wall time      7.30 sec
    CPU time for get_k_kpts: make_kpt ki>=kj (54,*)    254.42 sec, wall time      8.10 sec
    CPU time for get_k_kpts: make_kpt ki>=kj (55,*)    247.59 sec, wall time      7.89 sec
    CPU time for get_k_kpts: make_kpt ki>=kj (56,*)    255.75 sec, wall time      8.34 sec
    CPU time for get_k_kpts: make_kpt ki>=kj (57,*)    274.20 sec, wall time      8.79 sec
    CPU time for get_k_kpts: make_kpt ki>=kj (58,*)    240.09 sec, wall time      7.67 sec
    CPU time for get_k_kpts: make_kpt ki>=kj (59,*)    287.85 sec, wall time      9.33 sec
    CPU time for get_k_kpts: make_kpt ki>=kj (60,*)    250.34 sec, wall time      8.11 sec
    CPU time for get_k_kpts: make_kpt ki>=kj (61,*)    261.08 sec, wall time      8.32 sec
    CPU time for get_k_kpts: make_kpt ki>=kj (62,*)    261.56 sec, wall time      8.27 sec
    CPU time for get_k_kpts: make_kpt ki>=kj (63,*)    244.06 sec, wall time      7.71 sec
Monkhorst pack size [4 4 4] ew_eta 1.567785923794447 ew_cut 4.486233713020537
Ewald components = 0, -0.88465892227202, 0.799631562152575
    CPU time for get_j pass 1     70.78 sec, wall time      2.24 sec
    CPU time for get_j pass 2      7.47 sec, wall time      1.40 sec
    CPU time for vj and vk   9556.18 sec, wall time    308.27 sec
    CPU time for vnuc pass1: analytic int    822.04 sec, wall time     26.71 sec
    CPU time for contracting Vnuc [0:216]     28.87 sec, wall time      0.93 sec
    CPU time for contracting Vnuc     28.88 sec, wall time      0.93 sec
    CPU time for get_nuc    851.13 sec, wall time     27.65 sec
Ewald components = 3.0606179073546e-132, -242.469443607053, 213.698400957796
    CPU time for vnuc pass1: analytic int    815.08 sec, wall time     26.47 sec
    CPU time for contracting Vnuc [0:216]     28.19 sec, wall time      0.91 sec
    CPU time for contracting Vnuc     28.19 sec, wall time      0.91 sec
    CPU time for get_nuc    843.49 sec, wall time     27.39 sec
E1 = (-51.263013518102504+6.947606415009322e-15j)  E_coul = (4.258953731212448-1.16375429383126e-15j)
using HDF5 ERI storage
    CPU time for transforming oopq 1960724.08 sec, wall time  64024.72 sec
    CPU time for transforming ovpq 2410703.18 sec, wall time  85273.82 sec
    CPU time for transforming vvvv   8438.08 sec, wall time    266.16 sec
    CPU time for CCSD integral transformation 4391126.63 sec, wall time 149929.32 sec
    CPU time for EOM-CCSD shared one-electron intermediates 681345.62 sec, wall time  23762.49 sec
