    CPU time for get_k_kpts: make_kpt ki>=kj (0,*)      2.69 sec, wall time      0.32 sec
    CPU time for get_k_kpts: make_kpt ki>=kj (1,*)      8.93 sec, wall time      0.31 sec
    CPU time for get_k_kpts: make_kpt ki>=kj (2,*)     12.43 sec, wall time      0.40 sec
    CPU time for get_k_kpts: make_kpt ki>=kj (3,*)     22.31 sec, wall time      0.71 sec
    CPU time for get_k_kpts: make_kpt ki>=kj (4,*)     36.89 sec, wall time      1.40 sec
    CPU time for get_k_kpts: make_kpt ki>=kj (5,*)     31.25 sec, wall time      0.99 sec
    CPU time for get_k_kpts: make_kpt ki>=kj (6,*)     36.22 sec, wall time      1.15 sec
    CPU time for get_k_kpts: make_kpt ki>=kj (7,*)     42.51 sec, wall time      1.37 sec
    CPU time for get_k_kpts: make_kpt ki>=kj (8,*)     47.72 sec, wall time      1.52 sec
    CPU time for get_k_kpts: make_kpt ki>=kj (9,*)     41.33 sec, wall time      1.35 sec
    CPU time for get_k_kpts: make_kpt ki>=kj (10,*)     53.41 sec, wall time      1.73 sec
    CPU time for get_k_kpts: make_kpt ki>=kj (11,*)     42.14 sec, wall time      1.33 sec
    CPU time for get_k_kpts: make_kpt ki>=kj (12,*)     67.73 sec, wall time      2.20 sec
    CPU time for get_k_kpts: make_kpt ki>=kj (13,*)     70.56 sec, wall time      2.27 sec
    CPU time for get_k_kpts: make_kpt ki>=kj (14,*)     59.63 sec, wall time      1.90 sec
    CPU time for get_k_kpts: make_kpt ki>=kj (15,*)     77.49 sec, wall time      2.50 sec
    CPU time for get_k_kpts: make_kpt ki>=kj (16,*)     98.01 sec, wall time      3.12 sec
    CPU time for get_k_kpts: make_kpt ki>=kj (17,*)     93.80 sec, wall time      3.03 sec
    CPU time for get_k_kpts: make_kpt ki>=kj (18,*)     90.95 sec, wall time      2.88 sec
    CPU time for get_k_kpts: make_kpt ki>=kj (19,*)    104.37 sec, wall time      3.35 sec
    CPU time for get_k_kpts: make_kpt ki>=kj (20,*)    108.81 sec, wall time      3.58 sec
    CPU time for get_k_kpts: make_kpt ki>=kj (21,*)     97.29 sec, wall time      3.11 sec
    CPU time for get_k_kpts: make_kpt ki>=kj (22,*)    117.30 sec, wall time      3.82 sec
    CPU time for get_k_kpts: make_kpt ki>=kj (23,*)     99.55 sec, wall time      3.15 sec
    CPU time for get_k_kpts: make_kpt ki>=kj (24,*)     99.62 sec, wall time      3.15 sec
    CPU time for get_k_kpts: make_kpt ki>=kj (25,*)    118.23 sec, wall time      3.75 sec
    CPU time for get_k_kpts: make_kpt ki>=kj (26,*)    108.94 sec, wall time      3.46 sec
    CPU time for get_k_kpts: make_kpt ki>=kj (27,*)    105.33 sec, wall time      3.34 sec
    CPU time for get_k_kpts: make_kpt ki>=kj (28,*)    124.22 sec, wall time      3.95 sec
    CPU time for get_k_kpts: make_kpt ki>=kj (29,*)    131.73 sec, wall time      4.26 sec
    CPU time for get_k_kpts: make_kpt ki>=kj (30,*)    124.22 sec, wall time      3.95 sec
    CPU time for get_k_kpts: make_kpt ki>=kj (31,*)    151.83 sec, wall time      4.83 sec
    CPU time for get_k_kpts: make_kpt ki>=kj (32,*)    169.34 sec, wall time      5.46 sec
    CPU time for get_k_kpts: make_kpt ki>=kj (33,*)    156.98 sec, wall time      4.99 sec
    CPU time for get_k_kpts: make_kpt ki>=kj (34,*)    160.61 sec, wall time      5.14 sec
    CPU time for get_k_kpts: make_kpt ki>=kj (35,*)    151.85 sec, wall time      4.82 sec
    CPU time for get_k_kpts: make_kpt ki>=kj (36,*)    155.30 sec, wall time      4.93 sec
    CPU time for get_k_kpts: make_kpt ki>=kj (37,*)    158.61 sec, wall time      5.05 sec
    CPU time for get_k_kpts: make_kpt ki>=kj (38,*)    156.26 sec, wall time      5.00 sec
    CPU time for get_k_kpts: make_kpt ki>=kj (39,*)    154.71 sec, wall time      4.96 sec
    CPU time for get_k_kpts: make_kpt ki>=kj (40,*)    160.30 sec, wall time      5.07 sec
    CPU time for get_k_kpts: make_kpt ki>=kj (41,*)    147.85 sec, wall time      4.67 sec
    CPU time for get_k_kpts: make_kpt ki>=kj (42,*)    158.76 sec, wall time      5.04 sec
    CPU time for get_k_kpts: make_kpt ki>=kj (43,*)    173.22 sec, wall time      5.64 sec
    CPU time for get_k_kpts: make_kpt ki>=kj (44,*)    173.87 sec, wall time      5.49 sec
    CPU time for get_k_kpts: make_kpt ki>=kj (45,*)    180.71 sec, wall time      5.71 sec
    CPU time for get_k_kpts: make_kpt ki>=kj (46,*)    223.29 sec, wall time      7.35 sec
    CPU time for get_k_kpts: make_kpt ki>=kj (47,*)    188.09 sec, wall time      5.95 sec
    CPU time for get_k_kpts: make_kpt ki>=kj (48,*)    211.70 sec, wall time      6.95 sec
    CPU time for get_k_kpts: make_kpt ki>=kj (49,*)    199.50 sec, wall time      6.38 sec
    CPU time for get_k_kpts: make_kpt ki>=kj (50,*)    193.87 sec, wall time      6.13 sec
    CPU time for get_k_kpts: make_kpt ki>=kj (51,*)    191.95 sec, wall time      6.18 sec
    CPU time for get_k_kpts: make_kpt ki>=kj (52,*)    204.04 sec, wall time      6.85 sec
    CPU time for get_k_kpts: make_kpt ki>=kj (53,*)    212.50 sec, wall time      6.72 sec
    CPU time for get_k_kpts: make_kpt ki>=kj (54,*)    214.87 sec, wall time      6.80 sec
    CPU time for get_k_kpts: make_kpt ki>=kj (55,*)    221.71 sec, wall time      7.10 sec
    CPU time for get_k_kpts: make_kpt ki>=kj (56,*)    208.57 sec, wall time      6.61 sec
    CPU time for get_k_kpts: make_kpt ki>=kj (57,*)    245.47 sec, wall time      7.84 sec
    CPU time for get_k_kpts: make_kpt ki>=kj (58,*)    218.21 sec, wall time      6.93 sec
    CPU time for get_k_kpts: make_kpt ki>=kj (59,*)    228.66 sec, wall time      7.30 sec
    CPU time for get_k_kpts: make_kpt ki>=kj (60,*)    220.92 sec, wall time      7.08 sec
    CPU time for get_k_kpts: make_kpt ki>=kj (61,*)    247.74 sec, wall time      7.86 sec
    CPU time for get_k_kpts: make_kpt ki>=kj (62,*)    244.67 sec, wall time      7.87 sec
    CPU time for get_k_kpts: make_kpt ki>=kj (63,*)    246.14 sec, wall time      7.83 sec
Monkhorst pack size [4 4 4] ew_eta 1.567785923794447 ew_cut 4.486233713020537
Ewald components = 0, -0.88465892227202, 0.799631562152575
    CPU time for get_j pass 1     66.30 sec, wall time      2.15 sec
    CPU time for get_j pass 2      7.45 sec, wall time      1.42 sec
    CPU time for vj and vk   8686.98 sec, wall time    279.62 sec
    CPU time for vnuc pass1: analytic int    827.02 sec, wall time     26.71 sec
    CPU time for contracting Vnuc [0:216]     28.12 sec, wall time      0.90 sec
    CPU time for contracting Vnuc     28.12 sec, wall time      0.90 sec
    CPU time for get_nuc    855.43 sec, wall time     27.62 sec
Ewald components = 3.0606179073546e-132, -242.469443607053, 213.698400957796
    CPU time for vnuc pass1: analytic int    818.02 sec, wall time     26.48 sec
    CPU time for contracting Vnuc [0:216]     28.22 sec, wall time      0.90 sec
    CPU time for contracting Vnuc     28.23 sec, wall time      0.90 sec
    CPU time for get_nuc    846.47 sec, wall time     27.38 sec
E1 = (-51.2630135181025+6.9880455946362275e-15j)  E_coul = (4.258953731212448-6.551782533734051e-16j)
using HDF5 ERI storage
    CPU time for transforming oopq 1877043.25 sec, wall time  60133.79 sec
    CPU time for transforming ovpq 1998364.55 sec, wall time  64503.48 sec
    CPU time for transforming vvvv   7885.98 sec, wall time    247.90 sec
    CPU time for CCSD integral transformation 3893688.42 sec, wall time 125220.03 sec
    CPU time for EOM-CCSD shared one-electron intermediates 255143.03 sec, wall time   8782.71 sec
IMDS key to save: Loo , type: <class 'numpy.ndarray'>
IMDS key to save: Lvv , type: <class 'numpy.ndarray'>
IMDS key to save: Fov , type: <class 'numpy.ndarray'>
Made 1e intermediates
