
******** <class 'pyscf.pbc.cc.kccsd_rhf.RCCSD'> ********
CC2 = 0
CCSD nocc = 6, nmo = 36
frozen orbitals [36, 37, 38, 39, 40, 41, 42, 43, 44, 45, 46, 47, 48, 49, 50, 51, 52, 53, 54, 55, 56, 57, 58, 59, 60, 61, 62, 63, 64, 65, 66, 67, 68, 69, 70, 71, 72, 73, 74, 75, 76, 77, 78, 79, 80, 81, 82, 83, 84, 85]
max_cycle = 50
direct = 1
conv_tol = 1e-07
conv_tol_normt = 1e-05
diis_space = 6
diis_start_cycle = 0
diis_start_energy_diff = 1e+09
max_memory 700000 MB (current use 105 MB)
    CPU time for get_k_kpts: make_kpt ki>=kj (0,*)      2.61 sec, wall time      0.49 sec
    CPU time for get_k_kpts: make_kpt ki>=kj (1,*)      8.08 sec, wall time      0.28 sec
    CPU time for get_k_kpts: make_kpt ki>=kj (2,*)     15.70 sec, wall time      0.54 sec
    CPU time for get_k_kpts: make_kpt ki>=kj (3,*)     18.21 sec, wall time      0.58 sec
    CPU time for get_k_kpts: make_kpt ki>=kj (4,*)     29.67 sec, wall time      0.95 sec
    CPU time for get_k_kpts: make_kpt ki>=kj (5,*)     26.37 sec, wall time      0.84 sec
    CPU time for get_k_kpts: make_kpt ki>=kj (6,*)     29.55 sec, wall time      0.94 sec
    CPU time for get_k_kpts: make_kpt ki>=kj (7,*)     37.95 sec, wall time      1.21 sec
Monkhorst pack size [2 2 2] ew_eta 3.0566830812214194 ew_cut 2.30320412508748
Ewald components = 0, -1.72482326343322, 1.55476854344923
    CPU time for get_j pass 1      8.34 sec, wall time      0.29 sec
    CPU time for get_j pass 2      6.21 sec, wall time      0.21 sec
    CPU time for vj and vk    188.17 sec, wall time      6.49 sec
    CPU time for vnuc pass1: analytic int    406.14 sec, wall time     13.10 sec
    CPU time for contracting Vnuc [0:216]     12.53 sec, wall time      0.42 sec
    CPU time for contracting Vnuc     12.53 sec, wall time      0.42 sec
    CPU time for get_nuc    418.71 sec, wall time     13.51 sec

******** <class 'pyscf.pbc.cc.kccsd_rhf.RCCSD'> ********
CC2 = 0
CCSD nocc = 6, nmo = 36
frozen orbitals [36, 37, 38, 39, 40, 41, 42, 43, 44, 45, 46, 47, 48, 49, 50, 51, 52, 53, 54, 55, 56, 57, 58, 59, 60, 61, 62, 63, 64, 65, 66, 67, 68, 69, 70, 71, 72, 73, 74, 75, 76, 77, 78, 79, 80, 81, 82, 83, 84, 85]
max_cycle = 50
direct = 1
conv_tol = 1e-07
conv_tol_normt = 1e-05
diis_space = 6
diis_start_cycle = 0
diis_start_energy_diff = 1e+09
max_memory 700000 MB (current use 707 MB)
    CPU time for transforming DF-MP2 integrals     88.79 sec, wall time      2.78 sec
t1 type: <class 'numpy.ndarray'>
t2 type: <class 'numpy.ndarray'>
