    CPU time for get_k_kpts: make_kpt ki>=kj (0,*)      6.62 sec, wall time      0.73 sec
    CPU time for get_k_kpts: make_kpt ki>=kj (1,*)      8.90 sec, wall time      0.39 sec
    CPU time for get_k_kpts: make_kpt ki>=kj (2,*)     15.46 sec, wall time      0.50 sec
    CPU time for get_k_kpts: make_kpt ki>=kj (3,*)     20.57 sec, wall time      0.65 sec
    CPU time for get_k_kpts: make_kpt ki>=kj (4,*)     28.43 sec, wall time      0.91 sec
    CPU time for get_k_kpts: make_kpt ki>=kj (5,*)     25.19 sec, wall time      0.80 sec
    CPU time for get_k_kpts: make_kpt ki>=kj (6,*)     33.87 sec, wall time      1.08 sec
    CPU time for get_k_kpts: make_kpt ki>=kj (7,*)     38.62 sec, wall time      1.22 sec
    CPU time for get_k_kpts: make_kpt ki>=kj (8,*)     49.05 sec, wall time      1.56 sec
    CPU time for get_k_kpts: make_kpt ki>=kj (9,*)     42.68 sec, wall time      1.35 sec
    CPU time for get_k_kpts: make_kpt ki>=kj (10,*)     51.73 sec, wall time      1.64 sec
    CPU time for get_k_kpts: make_kpt ki>=kj (11,*)     47.89 sec, wall time      1.53 sec
    CPU time for get_k_kpts: make_kpt ki>=kj (12,*)     68.26 sec, wall time      2.17 sec
    CPU time for get_k_kpts: make_kpt ki>=kj (13,*)     68.14 sec, wall time      2.16 sec
    CPU time for get_k_kpts: make_kpt ki>=kj (14,*)     62.65 sec, wall time      1.99 sec
    CPU time for get_k_kpts: make_kpt ki>=kj (15,*)     75.47 sec, wall time      2.39 sec
    CPU time for get_k_kpts: make_kpt ki>=kj (16,*)     98.76 sec, wall time      3.17 sec
    CPU time for get_k_kpts: make_kpt ki>=kj (17,*)     92.49 sec, wall time      3.10 sec
    CPU time for get_k_kpts: make_kpt ki>=kj (18,*)    102.08 sec, wall time      3.34 sec
    CPU time for get_k_kpts: make_kpt ki>=kj (19,*)     93.47 sec, wall time      3.01 sec
    CPU time for get_k_kpts: make_kpt ki>=kj (20,*)     94.26 sec, wall time      3.05 sec
    CPU time for get_k_kpts: make_kpt ki>=kj (21,*)     86.04 sec, wall time      2.73 sec
    CPU time for get_k_kpts: make_kpt ki>=kj (22,*)     98.94 sec, wall time      3.14 sec
    CPU time for get_k_kpts: make_kpt ki>=kj (23,*)    122.56 sec, wall time      3.98 sec
    CPU time for get_k_kpts: make_kpt ki>=kj (24,*)    109.94 sec, wall time      3.56 sec
    CPU time for get_k_kpts: make_kpt ki>=kj (25,*)    127.05 sec, wall time      4.15 sec
    CPU time for get_k_kpts: make_kpt ki>=kj (26,*)    118.08 sec, wall time      3.76 sec
    CPU time for get_k_kpts: make_kpt ki>=kj (27,*)    110.14 sec, wall time      3.48 sec
    CPU time for get_k_kpts: make_kpt ki>=kj (28,*)    126.04 sec, wall time      4.00 sec
    CPU time for get_k_kpts: make_kpt ki>=kj (29,*)    134.66 sec, wall time      4.26 sec
    CPU time for get_k_kpts: make_kpt ki>=kj (30,*)    126.47 sec, wall time      4.01 sec
    CPU time for get_k_kpts: make_kpt ki>=kj (31,*)    139.56 sec, wall time      4.43 sec
    CPU time for get_k_kpts: make_kpt ki>=kj (32,*)    160.97 sec, wall time      5.11 sec
    CPU time for get_k_kpts: make_kpt ki>=kj (33,*)    154.38 sec, wall time      4.88 sec
    CPU time for get_k_kpts: make_kpt ki>=kj (34,*)    156.89 sec, wall time      5.09 sec
    CPU time for get_k_kpts: make_kpt ki>=kj (35,*)    151.29 sec, wall time      4.80 sec
    CPU time for get_k_kpts: make_kpt ki>=kj (36,*)    157.92 sec, wall time      5.04 sec
    CPU time for get_k_kpts: make_kpt ki>=kj (37,*)    160.53 sec, wall time      5.10 sec
    CPU time for get_k_kpts: make_kpt ki>=kj (38,*)    156.30 sec, wall time      4.97 sec
    CPU time for get_k_kpts: make_kpt ki>=kj (39,*)    159.94 sec, wall time      5.08 sec
    CPU time for get_k_kpts: make_kpt ki>=kj (40,*)    160.90 sec, wall time      5.08 sec
    CPU time for get_k_kpts: make_kpt ki>=kj (41,*)    180.39 sec, wall time      5.71 sec
    CPU time for get_k_kpts: make_kpt ki>=kj (42,*)    177.04 sec, wall time      5.79 sec
    CPU time for get_k_kpts: make_kpt ki>=kj (43,*)    170.43 sec, wall time      5.39 sec
    CPU time for get_k_kpts: make_kpt ki>=kj (44,*)    176.72 sec, wall time      5.60 sec
    CPU time for get_k_kpts: make_kpt ki>=kj (45,*)    192.73 sec, wall time      6.45 sec
    CPU time for get_k_kpts: make_kpt ki>=kj (46,*)    213.50 sec, wall time      6.88 sec
    CPU time for get_k_kpts: make_kpt ki>=kj (47,*)    222.61 sec, wall time      7.17 sec
    CPU time for get_k_kpts: make_kpt ki>=kj (48,*)    219.47 sec, wall time      6.99 sec
    CPU time for get_k_kpts: make_kpt ki>=kj (49,*)    208.14 sec, wall time      6.67 sec
    CPU time for get_k_kpts: make_kpt ki>=kj (50,*)    217.75 sec, wall time      6.90 sec
    CPU time for get_k_kpts: make_kpt ki>=kj (51,*)    220.42 sec, wall time      7.11 sec
    CPU time for get_k_kpts: make_kpt ki>=kj (52,*)    203.83 sec, wall time      6.48 sec
    CPU time for get_k_kpts: make_kpt ki>=kj (53,*)    219.22 sec, wall time      7.00 sec
    CPU time for get_k_kpts: make_kpt ki>=kj (54,*)    221.08 sec, wall time      7.02 sec
    CPU time for get_k_kpts: make_kpt ki>=kj (55,*)    217.40 sec, wall time      6.89 sec
    CPU time for get_k_kpts: make_kpt ki>=kj (56,*)    216.83 sec, wall time      6.94 sec
    CPU time for get_k_kpts: make_kpt ki>=kj (57,*)    230.94 sec, wall time      7.42 sec
    CPU time for get_k_kpts: make_kpt ki>=kj (58,*)    211.44 sec, wall time      6.70 sec
    CPU time for get_k_kpts: make_kpt ki>=kj (59,*)    236.73 sec, wall time      7.50 sec
    CPU time for get_k_kpts: make_kpt ki>=kj (60,*)    222.35 sec, wall time      7.04 sec
    CPU time for get_k_kpts: make_kpt ki>=kj (61,*)    236.69 sec, wall time      7.49 sec
    CPU time for get_k_kpts: make_kpt ki>=kj (62,*)    252.09 sec, wall time      8.00 sec
    CPU time for get_k_kpts: make_kpt ki>=kj (63,*)    228.72 sec, wall time      7.27 sec
Monkhorst pack size [4 4 4] ew_eta 1.567785923794447 ew_cut 4.486233713020537
Ewald components = 0, -0.88465892227202, 0.799631562152575
    CPU time for get_j pass 1     68.88 sec, wall time      2.24 sec
    CPU time for get_j pass 2      7.51 sec, wall time      1.82 sec
    CPU time for vj and vk   8824.51 sec, wall time    284.21 sec
    CPU time for vnuc pass1: analytic int    870.18 sec, wall time     28.30 sec
    CPU time for contracting Vnuc [0:216]     28.31 sec, wall time      0.92 sec
    CPU time for contracting Vnuc     28.31 sec, wall time      0.92 sec
    CPU time for get_nuc    898.69 sec, wall time     29.23 sec
Ewald components = 3.0606179073546e-132, -242.469443607053, 213.698400957796
    CPU time for vnuc pass1: analytic int    818.77 sec, wall time     26.47 sec
    CPU time for contracting Vnuc [0:216]     28.12 sec, wall time      0.88 sec
    CPU time for contracting Vnuc     28.12 sec, wall time      0.89 sec
    CPU time for get_nuc    847.10 sec, wall time     27.36 sec
E1 = (-51.26301351810262+7.102101793934464e-15j)  E_coul = (4.258953731212449-8.763341999683973e-16j)
using HDF5 ERI storage
    CPU time for transforming oopq 1963188.40 sec, wall time  63361.44 sec
    CPU time for transforming ovpq 2060367.43 sec, wall time  66890.91 sec
    CPU time for transforming vvvv   9198.72 sec, wall time    292.91 sec
    CPU time for CCSD integral transformation 4043332.82 sec, wall time 130886.62 sec
    CPU time for EOM-CCSD shared one-electron intermediates 275448.48 sec, wall time   9907.87 sec
IMDS key to save: Loo , type: <class 'numpy.ndarray'>
IMDS key to save: Lvv , type: <class 'numpy.ndarray'>
IMDS key to save: Fov , type: <class 'numpy.ndarray'>
Made 1e intermediates
