
******** <class 'pyscf.pbc.cc.kccsd_rhf.RCCSD'> ********
CC2 = 0
CCSD nocc = 6, nmo = 70
frozen orbitals [70, 71, 72, 73, 74, 75, 76, 77, 78, 79, 80, 81, 82, 83, 84, 85]
max_cycle = 50
direct = 1
conv_tol = 1e-07
conv_tol_normt = 1e-05
diis_space = 6
diis_start_cycle = 0
diis_start_energy_diff = 1e+09
max_memory 700000 MB (current use 138 MB)
    CPU time for get_k_kpts: make_kpt ki>=kj (0,*)      2.66 sec, wall time      0.13 sec
    CPU time for get_k_kpts: make_kpt ki>=kj (1,*)      7.11 sec, wall time      0.25 sec
    CPU time for get_k_kpts: make_kpt ki>=kj (2,*)     12.59 sec, wall time      0.41 sec
    CPU time for get_k_kpts: make_kpt ki>=kj (3,*)     13.59 sec, wall time      0.44 sec
    CPU time for get_k_kpts: make_kpt ki>=kj (4,*)     15.78 sec, wall time      0.50 sec
    CPU time for get_k_kpts: make_kpt ki>=kj (5,*)     17.37 sec, wall time      0.55 sec
    CPU time for get_k_kpts: make_kpt ki>=kj (6,*)     19.26 sec, wall time      0.61 sec
    CPU time for get_k_kpts: make_kpt ki>=kj (7,*)     23.21 sec, wall time      0.73 sec
    CPU time for get_k_kpts: make_kpt ki>=kj (8,*)     26.85 sec, wall time      0.85 sec
    CPU time for get_k_kpts: make_kpt ki>=kj (9,*)     27.14 sec, wall time      0.86 sec
    CPU time for get_k_kpts: make_kpt ki>=kj (10,*)     30.26 sec, wall time      0.95 sec
    CPU time for get_k_kpts: make_kpt ki>=kj (11,*)     32.09 sec, wall time      1.01 sec
    CPU time for get_k_kpts: make_kpt ki>=kj (12,*)     35.27 sec, wall time      1.11 sec
    CPU time for get_k_kpts: make_kpt ki>=kj (13,*)     40.80 sec, wall time      1.29 sec
    CPU time for get_k_kpts: make_kpt ki>=kj (14,*)     43.17 sec, wall time      1.39 sec
    CPU time for get_k_kpts: make_kpt ki>=kj (15,*)     46.01 sec, wall time      1.45 sec
    CPU time for get_k_kpts: make_kpt ki>=kj (16,*)     48.69 sec, wall time      1.53 sec
    CPU time for get_k_kpts: make_kpt ki>=kj (17,*)     51.02 sec, wall time      1.60 sec
    CPU time for get_k_kpts: make_kpt ki>=kj (18,*)     61.23 sec, wall time      1.97 sec
    CPU time for get_k_kpts: make_kpt ki>=kj (19,*)     74.50 sec, wall time      2.41 sec
    CPU time for get_k_kpts: make_kpt ki>=kj (20,*)     71.85 sec, wall time      2.30 sec
    CPU time for get_k_kpts: make_kpt ki>=kj (21,*)     60.07 sec, wall time      1.90 sec
    CPU time for get_k_kpts: make_kpt ki>=kj (22,*)     62.47 sec, wall time      1.99 sec
    CPU time for get_k_kpts: make_kpt ki>=kj (23,*)     65.28 sec, wall time      2.06 sec
    CPU time for get_k_kpts: make_kpt ki>=kj (24,*)     69.91 sec, wall time      2.20 sec
    CPU time for get_k_kpts: make_kpt ki>=kj (25,*)     74.33 sec, wall time      2.35 sec
    CPU time for get_k_kpts: make_kpt ki>=kj (26,*)     76.55 sec, wall time      2.40 sec
    CPU time for get_k_kpts: make_kpt ki>=kj (27,*)     77.96 sec, wall time      2.45 sec
    CPU time for get_k_kpts: make_kpt ki>=kj (28,*)     81.66 sec, wall time      2.57 sec
    CPU time for get_k_kpts: make_kpt ki>=kj (29,*)     86.05 sec, wall time      2.74 sec
    CPU time for get_k_kpts: make_kpt ki>=kj (30,*)     85.39 sec, wall time      2.69 sec
    CPU time for get_k_kpts: make_kpt ki>=kj (31,*)     88.12 sec, wall time      2.77 sec
    CPU time for get_k_kpts: make_kpt ki>=kj (32,*)     91.16 sec, wall time      2.86 sec
    CPU time for get_k_kpts: make_kpt ki>=kj (33,*)     93.86 sec, wall time      2.95 sec
    CPU time for get_k_kpts: make_kpt ki>=kj (34,*)     93.02 sec, wall time      2.93 sec
    CPU time for get_k_kpts: make_kpt ki>=kj (35,*)     96.24 sec, wall time      3.02 sec
    CPU time for get_k_kpts: make_kpt ki>=kj (36,*)     98.62 sec, wall time      3.10 sec
    CPU time for get_k_kpts: make_kpt ki>=kj (37,*)    104.07 sec, wall time      3.27 sec
    CPU time for get_k_kpts: make_kpt ki>=kj (38,*)    105.54 sec, wall time      3.34 sec
    CPU time for get_k_kpts: make_kpt ki>=kj (39,*)    108.10 sec, wall time      3.42 sec
    CPU time for get_k_kpts: make_kpt ki>=kj (40,*)    111.30 sec, wall time      3.49 sec
    CPU time for get_k_kpts: make_kpt ki>=kj (41,*)    112.95 sec, wall time      3.54 sec
    CPU time for get_k_kpts: make_kpt ki>=kj (42,*)    115.57 sec, wall time      3.63 sec
    CPU time for get_k_kpts: make_kpt ki>=kj (43,*)    118.10 sec, wall time      3.71 sec
    CPU time for get_k_kpts: make_kpt ki>=kj (44,*)    123.24 sec, wall time      3.87 sec
    CPU time for get_k_kpts: make_kpt ki>=kj (45,*)    122.95 sec, wall time      3.86 sec
    CPU time for get_k_kpts: make_kpt ki>=kj (46,*)    123.40 sec, wall time      3.88 sec
    CPU time for get_k_kpts: make_kpt ki>=kj (47,*)    134.17 sec, wall time      4.25 sec
    CPU time for get_k_kpts: make_kpt ki>=kj (48,*)    134.98 sec, wall time      4.25 sec
    CPU time for get_k_kpts: make_kpt ki>=kj (49,*)    138.76 sec, wall time      4.35 sec
    CPU time for get_k_kpts: make_kpt ki>=kj (50,*)    140.56 sec, wall time      4.42 sec
    CPU time for get_k_kpts: make_kpt ki>=kj (51,*)    145.50 sec, wall time      4.57 sec
    CPU time for get_k_kpts: make_kpt ki>=kj (52,*)    148.11 sec, wall time      4.66 sec
    CPU time for get_k_kpts: make_kpt ki>=kj (53,*)    148.96 sec, wall time      4.69 sec
    CPU time for get_k_kpts: make_kpt ki>=kj (54,*)    149.80 sec, wall time      4.71 sec
    CPU time for get_k_kpts: make_kpt ki>=kj (55,*)    174.81 sec, wall time      5.62 sec
    CPU time for get_k_kpts: make_kpt ki>=kj (56,*)    156.36 sec, wall time      4.92 sec
    CPU time for get_k_kpts: make_kpt ki>=kj (57,*)    163.63 sec, wall time      5.17 sec
    CPU time for get_k_kpts: make_kpt ki>=kj (58,*)    163.95 sec, wall time      5.15 sec
    CPU time for get_k_kpts: make_kpt ki>=kj (59,*)    169.05 sec, wall time      5.34 sec
    CPU time for get_k_kpts: make_kpt ki>=kj (60,*)    164.42 sec, wall time      5.18 sec
    CPU time for get_k_kpts: make_kpt ki>=kj (61,*)    170.03 sec, wall time      5.35 sec
    CPU time for get_k_kpts: make_kpt ki>=kj (62,*)    170.87 sec, wall time      5.38 sec
    CPU time for get_k_kpts: make_kpt ki>=kj (63,*)    174.61 sec, wall time      5.50 sec
Monkhorst pack size [4 4 4] ew_eta 1.567785923794447 ew_cut 4.486233713020537
Ewald components = 0, -0.88465892227202, 0.799631562152575
    CPU time for get_j pass 1     71.78 sec, wall time      2.26 sec
    CPU time for get_j pass 2      7.48 sec, wall time      1.44 sec
    CPU time for vj and vk   5880.62 sec, wall time    186.77 sec
    CPU time for vnuc pass1: analytic int    817.54 sec, wall time     26.46 sec
    CPU time for contracting Vnuc [0:216]     28.28 sec, wall time      0.91 sec
    CPU time for contracting Vnuc     28.29 sec, wall time      0.91 sec
    CPU time for get_nuc    846.05 sec, wall time     27.38 sec

******** <class 'pyscf.pbc.cc.kccsd_rhf.RCCSD'> ********
CC2 = 0
CCSD nocc = 6, nmo = 70
frozen orbitals [70, 71, 72, 73, 74, 75, 76, 77, 78, 79, 80, 81, 82, 83, 84, 85]
max_cycle = 50
direct = 1
conv_tol = 1e-07
conv_tol_normt = 1e-05
diis_space = 6
diis_start_cycle = 0
diis_start_energy_diff = 1e+09
max_memory 700000 MB (current use 482 MB)
    CPU time for transforming DF-MP2 integrals   5804.14 sec, wall time    181.96 sec
t1 type: <class 'numpy.ndarray'>
t2 type: <class 'numpy.ndarray'>
