
******** <class 'pyscf.pbc.cc.kccsd_rhf.RCCSD'> ********
CC2 = 0
CCSD nocc = 9, nmo = 72
frozen orbitals [0, 73, 74, 75, 76, 77, 78, 79, 80, 81, 82, 83, 84, 85, 86, 87, 88, 89, 90, 91, 92, 93, 94, 95, 96, 97, 98]
max_cycle = 50
direct = 1
conv_tol = 1e-07
conv_tol_normt = 1e-05
diis_space = 6
diis_start_cycle = 0
diis_start_energy_diff = 1e+09
max_memory 700000 MB (current use 105 MB)
    CPU time for get_k_kpts: make_kpt ki>=kj (0,*)      2.77 sec, wall time      0.58 sec
    CPU time for get_k_kpts: make_kpt ki>=kj (1,*)     12.04 sec, wall time      0.48 sec
    CPU time for get_k_kpts: make_kpt ki>=kj (2,*)     22.29 sec, wall time      0.71 sec
    CPU time for get_k_kpts: make_kpt ki>=kj (3,*)     31.28 sec, wall time      1.02 sec
    CPU time for get_k_kpts: make_kpt ki>=kj (4,*)     36.69 sec, wall time      1.25 sec
    CPU time for get_k_kpts: make_kpt ki>=kj (5,*)     43.11 sec, wall time      1.37 sec
    CPU time for get_k_kpts: make_kpt ki>=kj (6,*)     47.92 sec, wall time      1.52 sec
    CPU time for get_k_kpts: make_kpt ki>=kj (7,*)     53.90 sec, wall time      1.73 sec
    CPU time for get_k_kpts: make_kpt ki>=kj (8,*)     60.06 sec, wall time      1.92 sec
    CPU time for get_k_kpts: make_kpt ki>=kj (9,*)     78.51 sec, wall time      2.60 sec
    CPU time for get_k_kpts: make_kpt ki>=kj (10,*)     67.65 sec, wall time      2.15 sec
    CPU time for get_k_kpts: make_kpt ki>=kj (11,*)     82.03 sec, wall time      2.82 sec
    CPU time for get_k_kpts: make_kpt ki>=kj (12,*)    102.60 sec, wall time      3.38 sec
    CPU time for get_k_kpts: make_kpt ki>=kj (13,*)     89.84 sec, wall time      2.85 sec
    CPU time for get_k_kpts: make_kpt ki>=kj (14,*)     91.81 sec, wall time      2.93 sec
    CPU time for get_k_kpts: make_kpt ki>=kj (15,*)    101.66 sec, wall time      3.26 sec
    CPU time for get_k_kpts: make_kpt ki>=kj (16,*)    109.97 sec, wall time      3.49 sec
    CPU time for get_k_kpts: make_kpt ki>=kj (17,*)    101.49 sec, wall time      3.29 sec
    CPU time for get_k_kpts: make_kpt ki>=kj (18,*)    144.34 sec, wall time      4.75 sec
    CPU time for get_k_kpts: make_kpt ki>=kj (19,*)    131.88 sec, wall time      4.29 sec
    CPU time for get_k_kpts: make_kpt ki>=kj (20,*)    114.23 sec, wall time      3.67 sec
    CPU time for get_k_kpts: make_kpt ki>=kj (21,*)    142.05 sec, wall time      4.54 sec
    CPU time for get_k_kpts: make_kpt ki>=kj (22,*)    137.34 sec, wall time      4.34 sec
    CPU time for get_k_kpts: make_kpt ki>=kj (23,*)    145.60 sec, wall time      4.64 sec
    CPU time for get_k_kpts: make_kpt ki>=kj (24,*)    156.53 sec, wall time      5.02 sec
    CPU time for get_k_kpts: make_kpt ki>=kj (25,*)    165.05 sec, wall time      5.24 sec
    CPU time for get_k_kpts: make_kpt ki>=kj (26,*)    144.97 sec, wall time      4.58 sec
Monkhorst pack size [3 3 3] ew_eta 1.7617206716074303 ew_cut 3.993056330944369
Ewald components = 0, -0.994093035724495, 0.898112154971916
    CPU time for get_j pass 1     44.37 sec, wall time      1.44 sec
    CPU time for get_j pass 2      6.84 sec, wall time      0.90 sec
    CPU time for vj and vk   2475.92 sec, wall time     80.98 sec
    CPU time for vnuc pass1: analytic int   5056.48 sec, wall time    163.55 sec
    CPU time for contracting Vnuc [0:343]     82.50 sec, wall time      2.64 sec
    CPU time for contracting Vnuc     82.50 sec, wall time      2.64 sec
    CPU time for get_nuc   5139.12 sec, wall time    166.19 sec

******** <class 'pyscf.pbc.cc.kccsd_rhf.RCCSD'> ********
CC2 = 0
CCSD nocc = 9, nmo = 72
frozen orbitals [0, 73, 74, 75, 76, 77, 78, 79, 80, 81, 82, 83, 84, 85, 86, 87, 88, 89, 90, 91, 92, 93, 94, 95, 96, 97, 98]
max_cycle = 50
direct = 1
conv_tol = 1e-07
conv_tol_normt = 1e-05
diis_space = 6
diis_start_cycle = 0
diis_start_energy_diff = 1e+09
max_memory 700000 MB (current use 1025 MB)
    CPU time for transforming DF-MP2 integrals   1441.49 sec, wall time     45.18 sec
t1 type: <class 'numpy.ndarray'>
t2 type: <class 'numpy.ndarray'>
