
******** <class 'pyscf.pbc.cc.kccsd_rhf.RCCSD'> ********
CC2 = 0
CCSD nocc = 10, nmo = 99
max_cycle = 50
direct = 1
conv_tol = 1e-07
conv_tol_normt = 1e-05
diis_space = 6
diis_start_cycle = 0
diis_start_energy_diff = 1e+09
max_memory 700000 MB (current use 85 MB)
    CPU time for get_k_kpts: make_kpt ki>=kj (0,*)      2.62 sec, wall time      0.34 sec
    CPU time for get_k_kpts: make_kpt ki>=kj (1,*)     12.73 sec, wall time      0.64 sec
    CPU time for get_k_kpts: make_kpt ki>=kj (2,*)     22.74 sec, wall time      0.73 sec
    CPU time for get_k_kpts: make_kpt ki>=kj (3,*)     33.84 sec, wall time      1.11 sec
    CPU time for get_k_kpts: make_kpt ki>=kj (4,*)     33.32 sec, wall time      1.35 sec
    CPU time for get_k_kpts: make_kpt ki>=kj (5,*)     47.25 sec, wall time      1.63 sec
    CPU time for get_k_kpts: make_kpt ki>=kj (6,*)     37.83 sec, wall time      1.20 sec
    CPU time for get_k_kpts: make_kpt ki>=kj (7,*)     50.87 sec, wall time      1.82 sec
Monkhorst pack size [2 2 2] ew_eta 2.6034247657824383 ew_cut 2.7035853562553935
Ewald components = 0, -1.46905476456693, 1.32508344356495
    CPU time for get_j pass 1     11.76 sec, wall time      0.43 sec
    CPU time for get_j pass 2      5.47 sec, wall time      0.25 sec
    CPU time for vj and vk    264.93 sec, wall time      9.73 sec
    CPU time for vnuc pass1: analytic int   3062.83 sec, wall time     98.45 sec
    CPU time for contracting Vnuc [0:343]     57.89 sec, wall time      1.83 sec
    CPU time for contracting Vnuc     57.89 sec, wall time      1.83 sec
    CPU time for get_nuc   3120.78 sec, wall time    100.28 sec

******** <class 'pyscf.pbc.cc.kccsd_rhf.RCCSD'> ********
CC2 = 0
CCSD nocc = 10, nmo = 99
max_cycle = 50
direct = 1
conv_tol = 1e-07
conv_tol_normt = 1e-05
diis_space = 6
diis_start_cycle = 0
diis_start_energy_diff = 1e+09
max_memory 700000 MB (current use 895 MB)
    CPU time for transforming DF-MP2 integrals    121.75 sec, wall time      3.82 sec
t1 type: <class 'numpy.ndarray'>
t2 type: <class 'numpy.ndarray'>
