
******** <class 'pyscf.pbc.cc.kccsd_rhf.RCCSD'> ********
CC2 = 0
CCSD nocc = 10, nmo = 53
frozen orbitals [0, 1, 2, 3, 57, 58, 59, 60, 61, 62, 63, 64, 65, 66, 67, 68, 69, 70, 71, 72, 73, 74, 75, 76, 77, 78, 79, 80, 81, 82, 83, 84, 85, 86, 87, 88, 89, 90, 91, 92, 93, 94, 95, 96, 97, 98, 99, 100, 101, 102, 103, 104, 105, 106, 107, 108, 109, 110, 111, 112, 113, 114, 115, 116, 117]
max_cycle = 50
direct = 1
conv_tol = 1e-07
conv_tol_normt = 1e-05
diis_space = 6
diis_start_cycle = 0
diis_start_energy_diff = 1e+09
max_memory 700000 MB (current use 105 MB)
    CPU time for get_k_kpts: make_kpt ki>=kj (0,*)      6.63 sec, wall time      0.86 sec
    CPU time for get_k_kpts: make_kpt ki>=kj (1,*)     13.56 sec, wall time      0.55 sec
    CPU time for get_k_kpts: make_kpt ki>=kj (2,*)     25.47 sec, wall time      0.85 sec
    CPU time for get_k_kpts: make_kpt ki>=kj (3,*)     30.66 sec, wall time      1.04 sec
    CPU time for get_k_kpts: make_kpt ki>=kj (4,*)     44.37 sec, wall time      1.51 sec
    CPU time for get_k_kpts: make_kpt ki>=kj (5,*)     52.38 sec, wall time      1.72 sec
    CPU time for get_k_kpts: make_kpt ki>=kj (6,*)     57.19 sec, wall time      1.82 sec
    CPU time for get_k_kpts: make_kpt ki>=kj (7,*)     63.80 sec, wall time      2.13 sec
Monkhorst pack size [2 2 2] ew_eta 2.038424097097503 ew_cut 3.4517505012467886
Ewald components = 0, -1.15023249212893, 1.03854934433327
    CPU time for get_j pass 1     20.12 sec, wall time      0.67 sec
    CPU time for get_j pass 2      4.32 sec, wall time      0.40 sec
    CPU time for vj and vk    322.54 sec, wall time     11.70 sec
    CPU time for vnuc pass1: analytic int    233.17 sec, wall time      7.45 sec
    CPU time for contracting Vnuc [0:729]     49.29 sec, wall time      1.56 sec
    CPU time for contracting Vnuc     49.30 sec, wall time      1.56 sec
    CPU time for get_nuc    282.57 sec, wall time      9.02 sec

******** <class 'pyscf.pbc.cc.kccsd_rhf.RCCSD'> ********
CC2 = 0
CCSD nocc = 10, nmo = 53
frozen orbitals [0, 1, 2, 3, 57, 58, 59, 60, 61, 62, 63, 64, 65, 66, 67, 68, 69, 70, 71, 72, 73, 74, 75, 76, 77, 78, 79, 80, 81, 82, 83, 84, 85, 86, 87, 88, 89, 90, 91, 92, 93, 94, 95, 96, 97, 98, 99, 100, 101, 102, 103, 104, 105, 106, 107, 108, 109, 110, 111, 112, 113, 114, 115, 116, 117]
max_cycle = 50
direct = 1
conv_tol = 1e-07
conv_tol_normt = 1e-05
diis_space = 6
diis_start_cycle = 0
diis_start_energy_diff = 1e+09
max_memory 700000 MB (current use 966 MB)
    CPU time for transforming DF-MP2 integrals    207.28 sec, wall time      6.49 sec
t1 type: <class 'numpy.ndarray'>
t2 type: <class 'numpy.ndarray'>
