
******** <class 'pyscf.pbc.cc.eom_kccsd_rhf.CVSEOMIP'> ********
max_space = 20
max_cycle = 50
conv_tol = 1e-07
partition = mp
max_memory 700000 MB (current use 114 MB)
tol 1e-07  toloose 0.000316228
max_cycle 50  max_space 40  max_memory 2000  incore True
davidson 0 6  |r|= 0.447  e= [3.76476292 3.76483245 3.7648328  3.76518496 3.76518497 3.76547551]  max|de|= 3.77  lindep=    1
davidson 1 12  |r|= 0.0652  e= [3.50608767 3.50613978 3.50614283 3.50651932 3.50651961 3.50674723]  max|de|= -0.259  lindep= 0.929
davidson 2 18  |r|= 0.000998  e= [3.50513163 3.5051843  3.50518726 3.50557097 3.50557134 3.50580125]  max|de|= -0.000956  lindep= 0.793
Throwing out eigenvector 0 with norm=6.97e-12
Throwing out eigenvector 1 with norm=4.13e-10
Throwing out eigenvector 2 with norm=4.34e-10
Throwing out eigenvector 5 with norm=7.49e-08
davidson 3 24  |r|= 1.89e-07  e= [3.5051321  3.50518474 3.50518771 3.50557122 3.50557159 3.50580139]  max|de|= 4.72e-07  lindep= 0.87
root 0 converged  |r|= 6.98e-12  e= 3.5051320983891405  max|de|= 1.78e-15
root 1 converged  |r|= 4.13e-10  e= 3.505184743908604  max|de|= 5.77e-15
root 2 converged  |r|= 4.34e-10  e= 3.5051877091675956  max|de|= -7.55e-15
root 3 converged  |r|= 1.43e-10  e= 3.505571220555646  max|de|= -9.01e-12
root 4 converged  |r|= 1.43e-10  e= 3.505571594275347  max|de|= -9.02e-12
root 5 converged  |r|= 7.49e-08  e= 3.5058013883946946  max|de|= -8.88e-16
converged 4 26  |r|= 7.49e-08  e= [3.5051321  3.50518474 3.50518771 3.50557122 3.50557159 3.50580139]  max|de|= -9.02e-12
EOM-CCSD root 0 E = 3.505132098389141  qpwt = 0.889449
EOM-CCSD root 1 E = 3.505184743908604  qpwt = 0.889436
EOM-CCSD root 2 E = 3.505187709167596  qpwt = 0.889436
EOM-CCSD root 3 E = 3.505571220555646  qpwt = 0.889389
EOM-CCSD root 4 E = 3.505571594275347  qpwt = 0.88939
EOM-CCSD root 5 E = 3.505801388394695  qpwt = 0.88934
    CPU time for EOM-CCSD     26.03 sec, wall time     26.15 sec
