
******** <class 'pyscf.pbc.cc.kccsd_rhf.RCCSD'> ********
CC2 = 0
CCSD nocc = 10, nmo = 21
frozen orbitals [0, 1, 2, 3, 25, 26, 27, 28, 29, 30, 31, 32, 33, 34, 35, 36, 37, 38, 39, 40, 41, 42, 43, 44, 45, 46, 47, 48, 49, 50, 51, 52, 53, 54, 55, 56, 57, 58, 59, 60, 61, 62, 63, 64, 65, 66, 67, 68, 69, 70, 71, 72, 73, 74, 75, 76, 77, 78, 79, 80, 81, 82, 83, 84, 85, 86, 87, 88, 89, 90, 91, 92, 93, 94, 95, 96, 97, 98, 99, 100, 101, 102, 103, 104, 105, 106, 107, 108, 109, 110, 111, 112, 113, 114, 115, 116, 117]
max_cycle = 50
direct = 1
conv_tol = 1e-07
conv_tol_normt = 1e-05
diis_space = 6
diis_start_cycle = 0
diis_start_energy_diff = 1e+09
max_memory 700000 MB (current use 143 MB)
    CPU time for get_k_kpts: make_kpt ki>=kj (0,*)      8.68 sec, wall time      0.43 sec
    CPU time for get_k_kpts: make_kpt ki>=kj (1,*)     16.86 sec, wall time      0.61 sec
    CPU time for get_k_kpts: make_kpt ki>=kj (2,*)     25.01 sec, wall time      0.97 sec
    CPU time for get_k_kpts: make_kpt ki>=kj (3,*)     43.39 sec, wall time      1.51 sec
    CPU time for get_k_kpts: make_kpt ki>=kj (4,*)     49.20 sec, wall time      1.77 sec
    CPU time for get_k_kpts: make_kpt ki>=kj (5,*)     64.27 sec, wall time      2.12 sec
    CPU time for get_k_kpts: make_kpt ki>=kj (6,*)     73.76 sec, wall time      2.82 sec
    CPU time for get_k_kpts: make_kpt ki>=kj (7,*)     76.70 sec, wall time      2.82 sec
    CPU time for get_k_kpts: make_kpt ki>=kj (8,*)     94.63 sec, wall time      3.47 sec
    CPU time for get_k_kpts: make_kpt ki>=kj (9,*)    103.50 sec, wall time      3.74 sec
    CPU time for get_k_kpts: make_kpt ki>=kj (10,*)    111.68 sec, wall time      4.07 sec
    CPU time for get_k_kpts: make_kpt ki>=kj (11,*)    128.31 sec, wall time      6.58 sec
    CPU time for get_k_kpts: make_kpt ki>=kj (12,*)    133.15 sec, wall time      5.36 sec
    CPU time for get_k_kpts: make_kpt ki>=kj (13,*)    154.47 sec, wall time      5.66 sec
    CPU time for get_k_kpts: make_kpt ki>=kj (14,*)    159.53 sec, wall time      6.18 sec
    CPU time for get_k_kpts: make_kpt ki>=kj (15,*)    155.84 sec, wall time      5.98 sec
    CPU time for get_k_kpts: make_kpt ki>=kj (16,*)    171.55 sec, wall time      6.97 sec
    CPU time for get_k_kpts: make_kpt ki>=kj (17,*)    192.45 sec, wall time      7.24 sec
    CPU time for get_k_kpts: make_kpt ki>=kj (18,*)    188.35 sec, wall time      7.10 sec
    CPU time for get_k_kpts: make_kpt ki>=kj (19,*)    206.69 sec, wall time      7.49 sec
    CPU time for get_k_kpts: make_kpt ki>=kj (20,*)    256.61 sec, wall time     11.92 sec
    CPU time for get_k_kpts: make_kpt ki>=kj (21,*)    225.77 sec, wall time      8.23 sec
    CPU time for get_k_kpts: make_kpt ki>=kj (22,*)    233.12 sec, wall time      8.89 sec
    CPU time for get_k_kpts: make_kpt ki>=kj (23,*)    246.38 sec, wall time      9.05 sec
    CPU time for get_k_kpts: make_kpt ki>=kj (24,*)    268.89 sec, wall time      9.90 sec
    CPU time for get_k_kpts: make_kpt ki>=kj (25,*)    270.99 sec, wall time      9.92 sec
    CPU time for get_k_kpts: make_kpt ki>=kj (26,*)    279.80 sec, wall time     11.17 sec
    CPU time for get_k_kpts: make_kpt ki>=kj (27,*)    301.03 sec, wall time     11.77 sec
    CPU time for get_k_kpts: make_kpt ki>=kj (28,*)    312.03 sec, wall time     11.67 sec
    CPU time for get_k_kpts: make_kpt ki>=kj (29,*)    319.19 sec, wall time     12.32 sec
    CPU time for get_k_kpts: make_kpt ki>=kj (30,*)    328.07 sec, wall time     12.43 sec
    CPU time for get_k_kpts: make_kpt ki>=kj (31,*)    324.27 sec, wall time     14.35 sec
    CPU time for get_k_kpts: make_kpt ki>=kj (32,*)    364.58 sec, wall time     13.84 sec
    CPU time for get_k_kpts: make_kpt ki>=kj (33,*)    375.20 sec, wall time     14.79 sec
    CPU time for get_k_kpts: make_kpt ki>=kj (34,*)    361.77 sec, wall time     14.19 sec
    CPU time for get_k_kpts: make_kpt ki>=kj (35,*)    368.18 sec, wall time     13.52 sec
    CPU time for get_k_kpts: make_kpt ki>=kj (36,*)    387.09 sec, wall time     14.75 sec
    CPU time for get_k_kpts: make_kpt ki>=kj (37,*)    395.54 sec, wall time     15.49 sec
    CPU time for get_k_kpts: make_kpt ki>=kj (38,*)    406.30 sec, wall time     14.84 sec
    CPU time for get_k_kpts: make_kpt ki>=kj (39,*)    426.92 sec, wall time     17.80 sec
    CPU time for get_k_kpts: make_kpt ki>=kj (40,*)    417.24 sec, wall time     15.76 sec
    CPU time for get_k_kpts: make_kpt ki>=kj (41,*)    456.27 sec, wall time     17.10 sec
    CPU time for get_k_kpts: make_kpt ki>=kj (42,*)    444.95 sec, wall time     16.42 sec
    CPU time for get_k_kpts: make_kpt ki>=kj (43,*)    485.02 sec, wall time     19.33 sec
    CPU time for get_k_kpts: make_kpt ki>=kj (44,*)    482.27 sec, wall time     17.93 sec
    CPU time for get_k_kpts: make_kpt ki>=kj (45,*)    508.73 sec, wall time     19.93 sec
    CPU time for get_k_kpts: make_kpt ki>=kj (46,*)    519.58 sec, wall time     24.74 sec
    CPU time for get_k_kpts: make_kpt ki>=kj (47,*)    559.09 sec, wall time     24.23 sec
    CPU time for get_k_kpts: make_kpt ki>=kj (48,*)    581.97 sec, wall time     29.71 sec
    CPU time for get_k_kpts: make_kpt ki>=kj (49,*)    593.61 sec, wall time     25.93 sec
    CPU time for get_k_kpts: make_kpt ki>=kj (50,*)    612.69 sec, wall time     28.38 sec
    CPU time for get_k_kpts: make_kpt ki>=kj (51,*)    612.32 sec, wall time     26.26 sec
    CPU time for get_k_kpts: make_kpt ki>=kj (52,*)    637.67 sec, wall time     30.55 sec
    CPU time for get_k_kpts: make_kpt ki>=kj (53,*)    625.73 sec, wall time     25.46 sec
    CPU time for get_k_kpts: make_kpt ki>=kj (54,*)    619.74 sec, wall time     25.12 sec
    CPU time for get_k_kpts: make_kpt ki>=kj (55,*)    641.63 sec, wall time     28.40 sec
    CPU time for get_k_kpts: make_kpt ki>=kj (56,*)    653.26 sec, wall time     27.32 sec
    CPU time for get_k_kpts: make_kpt ki>=kj (57,*)    655.82 sec, wall time     28.17 sec
    CPU time for get_k_kpts: make_kpt ki>=kj (58,*)    675.49 sec, wall time     27.47 sec
    CPU time for get_k_kpts: make_kpt ki>=kj (59,*)    658.14 sec, wall time     30.05 sec
    CPU time for get_k_kpts: make_kpt ki>=kj (60,*)    686.93 sec, wall time     27.31 sec
    CPU time for get_k_kpts: make_kpt ki>=kj (61,*)    677.88 sec, wall time     25.83 sec
    CPU time for get_k_kpts: make_kpt ki>=kj (62,*)    690.86 sec, wall time     25.85 sec
    CPU time for get_k_kpts: make_kpt ki>=kj (63,*)    724.49 sec, wall time     31.52 sec
Monkhorst pack size [4 4 4] ew_eta 1.046366873191483 ew_cut 6.717746044940423
Ewald components = 0, -0.590432236532393, 0.534590662479126
    CPU time for get_j pass 1    323.68 sec, wall time     11.13 sec
    CPU time for get_j pass 2      9.72 sec, wall time      5.99 sec
    CPU time for vj and vk  23174.19 sec, wall time    950.12 sec
    CPU time for vnuc pass1: analytic int    442.89 sec, wall time     14.52 sec
    CPU time for contracting Vnuc [0:729]     97.69 sec, wall time      3.63 sec
    CPU time for contracting Vnuc     97.69 sec, wall time      3.63 sec
    CPU time for get_nuc    541.21 sec, wall time     18.18 sec

******** <class 'pyscf.pbc.cc.kccsd_rhf.RCCSD'> ********
CC2 = 0
CCSD nocc = 10, nmo = 21
frozen orbitals [0, 1, 2, 3, 25, 26, 27, 28, 29, 30, 31, 32, 33, 34, 35, 36, 37, 38, 39, 40, 41, 42, 43, 44, 45, 46, 47, 48, 49, 50, 51, 52, 53, 54, 55, 56, 57, 58, 59, 60, 61, 62, 63, 64, 65, 66, 67, 68, 69, 70, 71, 72, 73, 74, 75, 76, 77, 78, 79, 80, 81, 82, 83, 84, 85, 86, 87, 88, 89, 90, 91, 92, 93, 94, 95, 96, 97, 98, 99, 100, 101, 102, 103, 104, 105, 106, 107, 108, 109, 110, 111, 112, 113, 114, 115, 116, 117]
max_cycle = 50
direct = 1
conv_tol = 1e-07
conv_tol_normt = 1e-05
diis_space = 6
diis_start_cycle = 0
diis_start_energy_diff = 1e+09
max_memory 700000 MB (current use 467 MB)
    CPU time for transforming DF-MP2 integrals  22265.45 sec, wall time   1109.16 sec
t1 type: <class 'numpy.ndarray'>
t2 type: <class 'numpy.ndarray'>
