
******** <class 'pyscf.pbc.cc.eom_kccsd_rhf.EOMIP'> ********
max_space = 20
max_cycle = 50
conv_tol = 1e-07
partition = mp
max_memory 700000 MB (current use 114 MB)
tol 1e-07  toloose 0.000316228
max_cycle 50  max_space 28  max_memory 2000  incore False
davidson 0 3  |r|= 0.272  e= [-0.17552313 -0.17551826 -0.17550639]  max|de|= -0.176  lindep=    1
davidson 1 6  |r|= 0.0193  e= [-0.28094843 -0.28094164 -0.28093616]  max|de|= -0.105  lindep= 0.944
davidson 2 9  |r|= 0.00176  e= [-0.28075776 -0.28075144 -0.28074568]  max|de|= 0.000191  lindep= 0.793
davidson 3 12  |r|= 0.000153  e= [-0.28077216 -0.28076585 -0.28076006]  max|de|= -1.44e-05  lindep= 0.891
Throwing out eigenvector 0 with norm=5.51e-08
Throwing out eigenvector 1 with norm=5.39e-08
davidson 4 15  |r|= 1.48e-07  e= [-0.28077249 -0.28076618 -0.28076039]  max|de|= -3.35e-07  lindep= 0.99
root 0 converged  |r|= 5.37e-08  e= -0.28077248875525357  max|de|= 1e-13
root 1 converged  |r|= 5.36e-08  e= -0.2807661831727535  max|de|= 1.18e-14
root 2 converged  |r|= 4.38e-08  e= -0.2807603914181974  max|de|= 4.74e-10
converged 5 16  |r|= 5.37e-08  e= [-0.28077249 -0.28076618 -0.28076039]  max|de|= 4.74e-10
EOM-CCSD root 0 E = -0.2807724887552536  qpwt = 0.941948
EOM-CCSD root 1 E = -0.2807661831727535  qpwt = 0.941948
EOM-CCSD root 2 E = -0.2807603914181974  qpwt = 0.941941
    CPU time for EOM-CCSD    297.38 sec, wall time     78.51 sec
