
******** <class 'pyscf.pbc.cc.eom_kccsd_rhf.EOMIP'> ********
max_space = 20
max_cycle = 50
conv_tol = 1e-07
partition = mp
max_memory 700000 MB (current use 115 MB)
tol 1e-07  toloose 0.000316228
max_cycle 50  max_space 28  max_memory 2000  incore False
davidson 0 3  |r|= 0.259  e= [-0.17651519 -0.17651077 -0.17650474]  max|de|= -0.177  lindep=    1
davidson 1 6  |r|= 0.0154  e= [-0.28090817 -0.28090016 -0.28089897]  max|de|= -0.104  lindep= 0.949
davidson 2 9  |r|= 0.0011  e= [-0.28071175 -0.28070523 -0.28070409]  max|de|= 0.000196  lindep= 0.847
davidson 3 12  |r|= 6.27e-05  e= [-0.28071972 -0.28071323 -0.28071209]  max|de|= -8e-06  lindep= 0.95
root 0 converged  |r|= 3.79e-08  e= -0.28071972601056533  max|de|= -6.66e-09
root 1 converged  |r|= 5.22e-08  e= -0.28071324995275915  max|de|= -1.83e-08
root 2 converged  |r|= 1.47e-07  e= -0.2807121067999064  max|de|= -1.79e-08
converged 4 15  |r|= 1.47e-07  e= [-0.28071973 -0.28071325 -0.28071211]  max|de|= -1.83e-08
EOM-CCSD root 0 E = -0.2807197260105653  qpwt = 0.941929
EOM-CCSD root 1 E = -0.2807132499527591  qpwt = 0.941929
EOM-CCSD root 2 E = -0.2807121067999064  qpwt = 0.941924
    CPU time for EOM-CCSD     41.57 sec, wall time     58.09 sec
