
******** <class 'pyscf.pbc.cc.kccsd_rhf.RCCSD'> ********
CC2 = 0
CCSD nocc = 10, nmo = 24
frozen orbitals [0, 1, 2, 3, 28, 29, 30, 31, 32, 33, 34, 35, 36, 37, 38, 39, 40, 41, 42, 43, 44, 45, 46, 47, 48, 49, 50, 51, 52, 53, 54, 55, 56, 57, 58, 59, 60, 61, 62, 63, 64, 65, 66, 67, 68, 69, 70, 71, 72, 73, 74, 75, 76, 77, 78, 79, 80, 81, 82, 83, 84, 85, 86, 87, 88, 89, 90, 91, 92, 93, 94, 95, 96, 97, 98, 99, 100, 101, 102, 103, 104, 105, 106, 107, 108, 109, 110, 111, 112, 113, 114, 115, 116, 117]
max_cycle = 50
direct = 1
conv_tol = 1e-07
conv_tol_normt = 1e-05
diis_space = 6
diis_start_cycle = 0
diis_start_energy_diff = 1e+09
max_memory 700000 MB (current use 105 MB)
    CPU time for get_k_kpts: make_kpt ki>=kj (0,*)      5.97 sec, wall time      0.70 sec
    CPU time for get_k_kpts: make_kpt ki>=kj (1,*)     18.89 sec, wall time      0.67 sec
    CPU time for get_k_kpts: make_kpt ki>=kj (2,*)     26.26 sec, wall time      0.86 sec
    CPU time for get_k_kpts: make_kpt ki>=kj (3,*)     36.85 sec, wall time      1.22 sec
    CPU time for get_k_kpts: make_kpt ki>=kj (4,*)     45.63 sec, wall time      1.49 sec
    CPU time for get_k_kpts: make_kpt ki>=kj (5,*)     52.33 sec, wall time      1.83 sec
    CPU time for get_k_kpts: make_kpt ki>=kj (6,*)     54.75 sec, wall time      1.75 sec
    CPU time for get_k_kpts: make_kpt ki>=kj (7,*)     63.10 sec, wall time      2.00 sec
Monkhorst pack size [2 2 2] ew_eta 2.038424097097503 ew_cut 3.4517505012467886
Ewald components = 0, -1.15023249212893, 1.03854934433327
    CPU time for get_j pass 1     20.68 sec, wall time      0.69 sec
    CPU time for get_j pass 2      5.06 sec, wall time      0.49 sec
    CPU time for vj and vk    332.98 sec, wall time     11.82 sec
    CPU time for vnuc pass1: analytic int    232.71 sec, wall time      7.46 sec
    CPU time for contracting Vnuc [0:729]     48.53 sec, wall time      1.53 sec
    CPU time for contracting Vnuc     48.54 sec, wall time      1.53 sec
    CPU time for get_nuc    281.36 sec, wall time      9.00 sec

******** <class 'pyscf.pbc.cc.kccsd_rhf.RCCSD'> ********
CC2 = 0
CCSD nocc = 10, nmo = 24
frozen orbitals [0, 1, 2, 3, 28, 29, 30, 31, 32, 33, 34, 35, 36, 37, 38, 39, 40, 41, 42, 43, 44, 45, 46, 47, 48, 49, 50, 51, 52, 53, 54, 55, 56, 57, 58, 59, 60, 61, 62, 63, 64, 65, 66, 67, 68, 69, 70, 71, 72, 73, 74, 75, 76, 77, 78, 79, 80, 81, 82, 83, 84, 85, 86, 87, 88, 89, 90, 91, 92, 93, 94, 95, 96, 97, 98, 99, 100, 101, 102, 103, 104, 105, 106, 107, 108, 109, 110, 111, 112, 113, 114, 115, 116, 117]
max_cycle = 50
direct = 1
conv_tol = 1e-07
conv_tol_normt = 1e-05
diis_space = 6
diis_start_cycle = 0
diis_start_energy_diff = 1e+09
max_memory 700000 MB (current use 953 MB)
    CPU time for transforming DF-MP2 integrals    202.03 sec, wall time      6.34 sec
t1 type: <class 'numpy.ndarray'>
t2 type: <class 'numpy.ndarray'>
