
******** <class 'pyscf.pbc.cc.eom_kccsd_rhf.CVSEOMIP'> ********
max_space = 20
max_cycle = 50
conv_tol = 1e-07
partition = mp
max_memory 700000 MB (current use 105 MB)
tol 1e-07  toloose 0.000316228
max_cycle 50  max_space 40  max_memory 2000  incore True
davidson 0 6  |r|= 0.665  e= [3.75629603 3.7563232  3.7593709  3.75996861 3.75997203 3.75997716]  max|de|= 3.76  lindep=    1
Old state -> New state
    4     ->     3 
    3     ->     4 
davidson 1 12  |r|= 0.0963  e= [3.47464306 3.47474655 3.47713875 3.4774941  3.47755047 3.47763845]  max|de|= -0.282  lindep= 0.84
davidson 2 18  |r|= 0.00195  e= [3.47334122 3.47350553 3.47592674 3.47623176 3.47628561 3.47638482]  max|de|= -0.0013  lindep= 0.816
Throwing out eigenvector 2 with norm=3.11e-08
Throwing out eigenvector 3 with norm=4.3e-08
Throwing out eigenvector 4 with norm=4.53e-08
davidson 3 24  |r|= 4.92e-06  e= [3.47334208 3.4735063  3.47592588 3.47623072 3.47628453 3.47638368]  max|de|= -1.14e-06  lindep= 0.899
root 0 converged  |r|= 3.48e-10  e= 3.47334207906475  max|de|= -6.35e-14
root 1 converged  |r|= 2.28e-10  e= 3.473506297134694  max|de|= -1.11e-11
root 2 converged  |r|= 3.19e-08  e= 3.475925876369836  max|de|= -6.66e-15
root 3 converged  |r|= 4.33e-08  e= 3.4762307176391043  max|de|= 8.88e-15
root 4 converged  |r|= 6.57e-08  e= 3.4762845347528137  max|de|= -7.11e-15
root 5 converged  |r|= 1.09e-08  e= 3.4763836774722017  max|de|= 2.82e-10
converged 4 27  |r|= 6.57e-08  e= [3.47334208 3.4735063  3.47592588 3.47623072 3.47628453 3.47638368]  max|de|= 2.82e-10
EOM-CCSD root 0 E = 3.47334207906475  qpwt = 0.911772
EOM-CCSD root 1 E = 3.473506297134694  qpwt = 0.911727
EOM-CCSD root 2 E = 3.475925876369836  qpwt = 0.911375
EOM-CCSD root 3 E = 3.476230717639104  qpwt = 0.911337
EOM-CCSD root 4 E = 3.476284534752814  qpwt = 0.911345
EOM-CCSD root 5 E = 3.476383677472202  qpwt = 0.911334
    CPU time for EOM-CCSD    127.88 sec, wall time      6.79 sec
