
******** <class 'pyscf.pbc.cc.eom_kccsd_rhf.EOMIP'> ********
max_space = 20
max_cycle = 50
conv_tol = 1e-07
partition = mp
max_memory 700000 MB (current use 114 MB)
tol 1e-07  toloose 0.000316228
max_cycle 50  max_space 28  max_memory 2000  incore True
davidson 0 3  |r|= 0.236  e= [-0.18282657 -0.18282338 -0.18282073]  max|de|= -0.183  lindep=    1
Old state -> New state
    2     ->     1 
    1     ->     2 
davidson 1 6  |r|= 0.0104  e= [-0.2822476  -0.28224498 -0.28224315]  max|de|= -0.0994  lindep= 0.964
davidson 2 9  |r|= 0.000552  e= [-0.2820907  -0.28208841 -0.28208654]  max|de|= 0.000157  lindep= 0.89
davidson 3 12  |r|= 1.79e-05  e= [-0.28209368 -0.28209139 -0.28208953]  max|de|= -2.99e-06  lindep= 0.98
root 0 converged  |r|= 2.03e-08  e= -0.2820936676498708  max|de|= 1.72e-08
root 1 converged  |r|= 1.28e-07  e= -0.28209137729845396  max|de|= 1.64e-08
root 2 converged  |r|= 1.58e-08  e= -0.28208951184922554  max|de|= 1.63e-08
converged 4 15  |r|= 1.28e-07  e= [-0.28209367 -0.28209138 -0.28208951]  max|de|= 1.72e-08
EOM-CCSD root 0 E = -0.2820936676498708  qpwt = 0.942732
EOM-CCSD root 1 E = -0.282091377298454  qpwt = 0.942727
EOM-CCSD root 2 E = -0.2820895118492255  qpwt = 0.942732
    CPU time for EOM-CCSD     12.07 sec, wall time     12.58 sec
