
******** <class 'pyscf.pbc.cc.eom_kccsd_rhf.CVSEOMIP'> ********
max_space = 20
max_cycle = 50
conv_tol = 1e-07
partition = mp
max_memory 700000 MB (current use 114 MB)
tol 1e-07  toloose 0.000316228
max_cycle 50  max_space 40  max_memory 2000  incore False
davidson 0 6  |r|= 0.563  e= [3.76550046 3.76550048 3.76644433 3.76679328 3.76679368 3.76712622]  max|de|= 3.77  lindep=    1
davidson 1 12  |r|= 0.0957  e= [3.46681589 3.46681683 3.46743234 3.46769951 3.46770719 3.46809256]  max|de|= -0.299  lindep= 0.889
davidson 2 18  |r|= 0.00195  e= [3.46491523 3.46491623 3.46553392 3.46580586 3.4658132  3.46621313]  max|de|= -0.0019  lindep= 0.822
Throwing out eigenvector 2 with norm=8.4e-09
Throwing out eigenvector 3 with norm=9.51e-09
Throwing out eigenvector 4 with norm=9.52e-09
davidson 3 24  |r|= 1.8e-06  e= [3.46491647 3.46491748 3.46553476 3.46580653 3.46581386 3.46621352]  max|de|= 1.24e-06  lindep= 0.875
root 0 converged  |r|= 1.3e-10  e= 3.4649164734303177  max|de|= -1.4e-13
root 1 converged  |r|= 3.42e-11  e= 3.464917476861559  max|de|= -2.92e-13
root 2 converged  |r|= 8.43e-09  e= 3.4655347602307454  max|de|= -3.55e-15
root 3 converged  |r|= 1.09e-08  e= 3.465806525969965  max|de|= -4.44e-16
root 4 converged  |r|= 9.55e-09  e= 3.4658138567776873  max|de|= 8.88e-16
root 5 converged  |r|= 5.09e-10  e= 3.4662135192892394  max|de|= -5.37e-11
converged 4 27  |r|= 1.09e-08  e= [3.46491647 3.46491748 3.46553476 3.46580653 3.46581386 3.46621352]  max|de|= -5.37e-11
EOM-CCSD root 0 E = 3.464916473430318  qpwt = 0.890199
EOM-CCSD root 1 E = 3.464917476861559  qpwt = 0.890199
EOM-CCSD root 2 E = 3.465534760230745  qpwt = 0.890046
EOM-CCSD root 3 E = 3.465806525969965  qpwt = 0.889992
EOM-CCSD root 4 E = 3.465813856777687  qpwt = 0.889993
EOM-CCSD root 5 E = 3.466213519289239  qpwt = 0.889951
    CPU time for EOM-CCSD    100.38 sec, wall time    101.47 sec
