
******** <class 'pyscf.pbc.cc.eom_kccsd_rhf.EOMIP'> ********
max_space = 20
max_cycle = 50
conv_tol = 1e-07
partition = mp
max_memory 700000 MB (current use 105 MB)
tol 1e-07  toloose 0.000316228
max_cycle 50  max_space 28  max_memory 2000  incore True
davidson 0 3  |r|= 0.23  e= [-0.15759835 -0.15759093 -0.15757079]  max|de|= -0.158  lindep=    1
davidson 1 6  |r|= 0.00991  e= [-0.22353848 -0.22353229 -0.22351057]  max|de|= -0.0659  lindep= 0.954
davidson 2 9  |r|= 0.000893  e= [-0.22353806 -0.22353261 -0.22351134]  max|de|= -7.66e-07  lindep= 0.818
davidson 3 12  |r|= 9.42e-05  e= [-0.22354185 -0.2235364  -0.22351513]  max|de|= -3.8e-06  lindep= 0.768
root 0 converged  |r|= 2.64e-08  e= -0.22354190646925817  max|de|= -5.45e-08
root 1 converged  |r|= 5.29e-08  e= -0.22353646294960103  max|de|= -6.26e-08
root 2 converged  |r|= 8.33e-08  e= -0.2235152036162356  max|de|= -7.01e-08
converged 4 15  |r|= 8.33e-08  e= [-0.22354191 -0.22353646 -0.2235152 ]  max|de|= -7.01e-08
EOM-CCSD root 0 E = -0.2235419064692582  qpwt = 0.962917
EOM-CCSD root 1 E = -0.223536462949601  qpwt = 0.962915
EOM-CCSD root 2 E = -0.2235152036162356  qpwt = 0.962913
    CPU time for EOM-CCSD      2.33 sec, wall time      2.63 sec
