
******** <class 'pyscf.pbc.cc.eom_kccsd_rhf.CVSEOMIP'> ********
max_space = 20
max_cycle = 50
conv_tol = 1e-07
partition = mp
max_memory 700000 MB (current use 106 MB)
tol 1e-07  toloose 0.000316228
max_cycle 50  max_space 40  max_memory 2000  incore True
davidson 0 6  |r|= 0.536  e= [3.75570439 3.75570459 3.75658201 3.75691766 3.75691937 3.75727872]  max|de|= 3.76  lindep=    1
davidson 1 12  |r|= 0.0706  e= [3.50569337 3.50570032 3.50632278 3.50657021 3.5065961  3.50697572]  max|de|= -0.25  lindep= 0.883
davidson 2 18  |r|= 0.00119  e= [3.50491097 3.50491877 3.50554322 3.50579361 3.50581866 3.50620789]  max|de|= -0.000782  lindep= 0.803
root 2 converged  |r|= 7.61e-10  e= 3.5055433091541133  max|de|= 8.53e-08
root 3 converged  |r|= 7.41e-10  e= 3.505793549039156  max|de|= -5.7e-08
root 4 converged  |r|= 9.21e-10  e= 3.50581859298658  max|de|= -7.11e-08
Throwing out eigenvector 2 with norm=7.61e-10
Throwing out eigenvector 3 with norm=7.41e-10
Throwing out eigenvector 4 with norm=9.21e-10
davidson 3 24  |r|= 9.47e-07  e= [3.50491141 3.50491921 3.50554331 3.50579355 3.50581859 3.5062076 ]  max|de|= 4.43e-07  lindep= 0.895
root 0 converged  |r|= 1.38e-10  e= 3.5049114099300227  max|de|= -1.24e-14
root 1 converged  |r|= 1.58e-10  e= 3.5049192112319396  max|de|= -3.53e-13
root 5 converged  |r|= 8.89e-10  e= 3.5062075953143523  max|de|= 3.76e-11
converged 4 27  |r|= 5.52e-09  e= [3.50491141 3.50491921 3.50554331 3.50579355 3.50581859 3.5062076 ]  max|de|= 3.76e-11
EOM-CCSD root 0 E = 3.504911409930023  qpwt = 0.910318
EOM-CCSD root 1 E = 3.50491921123194  qpwt = 0.910318
EOM-CCSD root 2 E = 3.505543309154113  qpwt = 0.910215
EOM-CCSD root 3 E = 3.505793549039158  qpwt = 0.910169
EOM-CCSD root 4 E = 3.505818592986582  qpwt = 0.910173
EOM-CCSD root 5 E = 3.506207595314352  qpwt = 0.910113
    CPU time for EOM-CCSD      5.24 sec, wall time      5.33 sec
