
******** <class 'pyscf.pbc.cc.eom_kccsd_rhf.CVSEOMIP'> ********
max_space = 20
max_cycle = 50
conv_tol = 1e-07
partition = mp
max_memory 700000 MB (current use 105 MB)
tol 1e-07  toloose 0.000316228
max_cycle 50  max_space 40  max_memory 2000  incore True
davidson 0 6  |r|= 0.413  e= [3.75492921 3.75499079 3.75499228 3.75539516 3.75539518 3.75566116]  max|de|= 3.76  lindep=    1
davidson 1 12  |r|= 0.0465  e= [3.54985209 3.54989337 3.54990335 3.55030368 3.55030543 3.55051846]  max|de|= -0.205  lindep= 0.922
davidson 2 18  |r|= 0.000561  e= [3.54950533 3.54954704 3.5495569  3.54996098 3.54996276 3.55017727]  max|de|= -0.000347  lindep= 0.759
root 3 converged  |r|= 3.65e-08  e= 3.5499609302252044  max|de|= -4.51e-08
root 4 converged  |r|= 3.78e-08  e= 3.549962709550339  max|de|= -4.58e-08
Throwing out eigenvector 0 with norm=8.45e-13
Throwing out eigenvector 1 with norm=7.2e-11
Throwing out eigenvector 2 with norm=8.61e-11
Throwing out eigenvector 3 with norm=3.65e-08
Throwing out eigenvector 4 with norm=3.78e-08
davidson 3 24  |r|= 1.92e-07  e= [3.54950547 3.54954717 3.54955702 3.54996093 3.54996271 3.55017714]  max|de|= 1.44e-07  lindep= 0.906
root 0 converged  |r|= 8.36e-13  e= 3.5495054718477412  max|de|= -3.55e-15
root 1 converged  |r|= 7.2e-11  e= 3.5495471689479063  max|de|=    0
root 2 converged  |r|= 8.61e-11  e= 3.549557021038573  max|de|= -1.11e-14
root 5 converged  |r|= 1.14e-10  e= 3.5501771393434933  max|de|= 6.57e-12
converged 4 25  |r|= 3.78e-08  e= [3.54950547 3.54954717 3.54955702 3.54996093 3.54996271 3.55017714]  max|de|= 6.57e-12
EOM-CCSD root 0 E = 3.549505471847741  qpwt = 0.912028
EOM-CCSD root 1 E = 3.549547168947906  qpwt = 0.912016
EOM-CCSD root 2 E = 3.549557021038573  qpwt = 0.912019
EOM-CCSD root 3 E = 3.549960930225213  qpwt = 0.911948
EOM-CCSD root 4 E = 3.549962709550348  qpwt = 0.911949
EOM-CCSD root 5 E = 3.550177139343493  qpwt = 0.911908
    CPU time for EOM-CCSD      1.96 sec, wall time      1.97 sec
