
******** <class 'pyscf.pbc.cc.kccsd_rhf.RCCSD'> ********
CC2 = 0
CCSD nocc = 10, nmo = 53
frozen orbitals [0, 1, 2, 3, 57, 58, 59, 60, 61, 62, 63, 64, 65, 66, 67, 68, 69, 70, 71, 72, 73, 74, 75, 76, 77, 78, 79, 80, 81, 82, 83, 84, 85, 86, 87, 88, 89, 90, 91, 92, 93, 94, 95, 96, 97, 98, 99, 100, 101, 102, 103, 104, 105, 106, 107, 108, 109, 110, 111, 112, 113, 114, 115, 116, 117]
max_cycle = 50
direct = 1
conv_tol = 1e-07
conv_tol_normt = 1e-05
diis_space = 6
diis_start_cycle = 0
diis_start_energy_diff = 1e+09
max_memory 700000 MB (current use 115 MB)
    CPU time for get_k_kpts: make_kpt ki>=kj (0,*)      4.59 sec, wall time      0.23 sec
    CPU time for get_k_kpts: make_kpt ki>=kj (1,*)     16.16 sec, wall time      0.55 sec
    CPU time for get_k_kpts: make_kpt ki>=kj (2,*)     20.77 sec, wall time      0.68 sec
    CPU time for get_k_kpts: make_kpt ki>=kj (3,*)     28.33 sec, wall time      0.89 sec
    CPU time for get_k_kpts: make_kpt ki>=kj (4,*)     32.80 sec, wall time      1.04 sec
    CPU time for get_k_kpts: make_kpt ki>=kj (5,*)     39.22 sec, wall time      1.23 sec
    CPU time for get_k_kpts: make_kpt ki>=kj (6,*)     48.24 sec, wall time      1.51 sec
    CPU time for get_k_kpts: make_kpt ki>=kj (7,*)     53.97 sec, wall time      1.70 sec
    CPU time for get_k_kpts: make_kpt ki>=kj (8,*)     59.76 sec, wall time      1.90 sec
    CPU time for get_k_kpts: make_kpt ki>=kj (9,*)     68.98 sec, wall time      2.17 sec
    CPU time for get_k_kpts: make_kpt ki>=kj (10,*)     76.50 sec, wall time      2.41 sec
    CPU time for get_k_kpts: make_kpt ki>=kj (11,*)     83.83 sec, wall time      2.65 sec
    CPU time for get_k_kpts: make_kpt ki>=kj (12,*)     86.93 sec, wall time      2.74 sec
    CPU time for get_k_kpts: make_kpt ki>=kj (13,*)     93.29 sec, wall time      2.95 sec
    CPU time for get_k_kpts: make_kpt ki>=kj (14,*)    106.52 sec, wall time      3.35 sec
    CPU time for get_k_kpts: make_kpt ki>=kj (15,*)    102.63 sec, wall time      3.23 sec
    CPU time for get_k_kpts: make_kpt ki>=kj (16,*)    120.36 sec, wall time      3.79 sec
    CPU time for get_k_kpts: make_kpt ki>=kj (17,*)    113.50 sec, wall time      3.58 sec
    CPU time for get_k_kpts: make_kpt ki>=kj (18,*)    124.98 sec, wall time      3.93 sec
    CPU time for get_k_kpts: make_kpt ki>=kj (19,*)    131.96 sec, wall time      4.15 sec
    CPU time for get_k_kpts: make_kpt ki>=kj (20,*)    150.67 sec, wall time      4.78 sec
    CPU time for get_k_kpts: make_kpt ki>=kj (21,*)    150.61 sec, wall time      4.73 sec
    CPU time for get_k_kpts: make_kpt ki>=kj (22,*)    151.64 sec, wall time      4.78 sec
    CPU time for get_k_kpts: make_kpt ki>=kj (23,*)    156.01 sec, wall time      4.92 sec
    CPU time for get_k_kpts: make_kpt ki>=kj (24,*)    167.97 sec, wall time      5.28 sec
    CPU time for get_k_kpts: make_kpt ki>=kj (25,*)    176.66 sec, wall time      5.54 sec
    CPU time for get_k_kpts: make_kpt ki>=kj (26,*)    183.15 sec, wall time      5.77 sec
Monkhorst pack size [3 3 3] ew_eta 1.379780863988 ew_cut 5.096557435665055
Ewald components = 0, -0.778571064310922, 0.704115632351815
    CPU time for get_j pass 1     65.19 sec, wall time      2.08 sec
    CPU time for get_j pass 2      7.80 sec, wall time      1.54 sec
    CPU time for vj and vk   2627.20 sec, wall time     84.27 sec
    CPU time for vnuc pass1: analytic int    294.62 sec, wall time      9.38 sec
    CPU time for contracting Vnuc [0:729]     69.92 sec, wall time      2.28 sec
    CPU time for contracting Vnuc     69.92 sec, wall time      2.28 sec
    CPU time for get_nuc    364.82 sec, wall time     11.67 sec

******** <class 'pyscf.pbc.cc.kccsd_rhf.RCCSD'> ********
CC2 = 0
CCSD nocc = 10, nmo = 53
frozen orbitals [0, 1, 2, 3, 57, 58, 59, 60, 61, 62, 63, 64, 65, 66, 67, 68, 69, 70, 71, 72, 73, 74, 75, 76, 77, 78, 79, 80, 81, 82, 83, 84, 85, 86, 87, 88, 89, 90, 91, 92, 93, 94, 95, 96, 97, 98, 99, 100, 101, 102, 103, 104, 105, 106, 107, 108, 109, 110, 111, 112, 113, 114, 115, 116, 117]
max_cycle = 50
direct = 1
conv_tol = 1e-07
conv_tol_normt = 1e-05
diis_space = 6
diis_start_cycle = 0
diis_start_energy_diff = 1e+09
max_memory 700000 MB (current use 379 MB)
    CPU time for transforming DF-MP2 integrals   2323.86 sec, wall time     72.84 sec
t1 type: <class 'numpy.ndarray'>
t2 type: <class 'numpy.ndarray'>
