
******** <class 'pyscf.pbc.cc.eom_kccsd_rhf.CVSEOMIP'> ********
max_space = 20
max_cycle = 50
conv_tol = 1e-07
partition = mp
max_memory 700000 MB (current use 172 MB)
tol 1e-07  toloose 0.000316228
max_cycle 50  max_space 40  max_memory 2000  incore False
davidson 0 6  |r|= 0.459  e= [3.76753112 3.76760258 3.76760277 3.76794643 3.76794644 3.76824395]  max|de|= 3.77  lindep=    1
Old state -> New state
    2     ->     1 
    1     ->     2 
davidson 1 12  |r|= 0.0752  e= [3.48371193 3.48376562 3.48376684 3.48414364 3.48414393 3.48437201]  max|de|= -0.284  lindep= 0.932
davidson 2 18  |r|= 0.00124  e= [3.48227182 3.48232625 3.4823274  3.48271504 3.48271533 3.48294625]  max|de|= -0.00144  lindep= 0.799
Throwing out eigenvector 0 with norm=1.51e-11
Throwing out eigenvector 1 with norm=6.37e-10
Throwing out eigenvector 2 with norm=6.5e-10
davidson 3 24  |r|= 3.95e-07  e= [3.48227256 3.48232696 3.48232811 3.48271555 3.48271584 3.48294664]  max|de|= 7.36e-07  lindep= 0.88
root 0 converged  |r|= 1.51e-11  e= 3.4822725557473304  max|de|= -4.44e-16
root 1 converged  |r|= 6.37e-10  e= 3.48232696345951  max|de|= -1.2e-14
root 2 converged  |r|= 6.5e-10  e= 3.482328105959569  max|de|= 7.11e-15
root 3 converged  |r|= 2.5e-10  e= 3.4827155515370913  max|de|= -1.36e-11
root 4 converged  |r|= 2.49e-10  e= 3.482715841506018  max|de|= -1.36e-11
root 5 converged  |r|= 1.83e-10  e= 3.4829466438887677  max|de|= -1.58e-11
converged 4 27  |r|= 6.5e-10  e= [3.48227256 3.48232696 3.48232811 3.48271555 3.48271584 3.48294664]  max|de|= -1.58e-11
EOM-CCSD root 0 E = 3.48227255574733  qpwt = 0.87845
EOM-CCSD root 1 E = 3.48232696345951  qpwt = 0.878437
EOM-CCSD root 2 E = 3.482328105959569  qpwt = 0.878437
EOM-CCSD root 3 E = 3.482715551537091  qpwt = 0.878402
EOM-CCSD root 4 E = 3.482715841506018  qpwt = 0.878402
EOM-CCSD root 5 E = 3.482946643888768  qpwt = 0.878348
    CPU time for EOM-CCSD    205.56 sec, wall time    206.78 sec
