
******** <class 'pyscf.pbc.cc.kccsd_rhf.RCCSD'> ********
CC2 = 0
CCSD nocc = 14, nmo = 118
max_cycle = 50
direct = 1
conv_tol = 1e-07
conv_tol_normt = 1e-05
diis_space = 6
diis_start_cycle = 0
diis_start_energy_diff = 1e+09
max_memory 700000 MB (current use 116 MB)
    CPU time for get_k_kpts: make_kpt ki>=kj (0,*)      4.97 sec, wall time      0.24 sec
    CPU time for get_k_kpts: make_kpt ki>=kj (1,*)     16.09 sec, wall time      0.57 sec
    CPU time for get_k_kpts: make_kpt ki>=kj (2,*)     20.87 sec, wall time      0.68 sec
    CPU time for get_k_kpts: make_kpt ki>=kj (3,*)     26.63 sec, wall time      0.84 sec
    CPU time for get_k_kpts: make_kpt ki>=kj (4,*)     34.08 sec, wall time      1.07 sec
    CPU time for get_k_kpts: make_kpt ki>=kj (5,*)     38.38 sec, wall time      1.21 sec
    CPU time for get_k_kpts: make_kpt ki>=kj (6,*)     52.02 sec, wall time      1.63 sec
    CPU time for get_k_kpts: make_kpt ki>=kj (7,*)     54.57 sec, wall time      1.72 sec
    CPU time for get_k_kpts: make_kpt ki>=kj (8,*)     58.57 sec, wall time      1.85 sec
    CPU time for get_k_kpts: make_kpt ki>=kj (9,*)     66.91 sec, wall time      2.11 sec
    CPU time for get_k_kpts: make_kpt ki>=kj (10,*)     73.95 sec, wall time      2.36 sec
    CPU time for get_k_kpts: make_kpt ki>=kj (11,*)     83.82 sec, wall time      2.69 sec
    CPU time for get_k_kpts: make_kpt ki>=kj (12,*)     83.87 sec, wall time      2.64 sec
    CPU time for get_k_kpts: make_kpt ki>=kj (13,*)     92.28 sec, wall time      2.91 sec
    CPU time for get_k_kpts: make_kpt ki>=kj (14,*)     96.09 sec, wall time      3.04 sec
    CPU time for get_k_kpts: make_kpt ki>=kj (15,*)    104.51 sec, wall time      3.29 sec
    CPU time for get_k_kpts: make_kpt ki>=kj (16,*)    112.16 sec, wall time      3.52 sec
    CPU time for get_k_kpts: make_kpt ki>=kj (17,*)    118.04 sec, wall time      3.70 sec
    CPU time for get_k_kpts: make_kpt ki>=kj (18,*)    124.01 sec, wall time      3.90 sec
    CPU time for get_k_kpts: make_kpt ki>=kj (19,*)    128.08 sec, wall time      4.02 sec
    CPU time for get_k_kpts: make_kpt ki>=kj (20,*)    134.13 sec, wall time      4.21 sec
    CPU time for get_k_kpts: make_kpt ki>=kj (21,*)    142.56 sec, wall time      4.48 sec
    CPU time for get_k_kpts: make_kpt ki>=kj (22,*)    152.21 sec, wall time      4.79 sec
    CPU time for get_k_kpts: make_kpt ki>=kj (23,*)    159.84 sec, wall time      5.05 sec
    CPU time for get_k_kpts: make_kpt ki>=kj (24,*)    170.56 sec, wall time      5.42 sec
    CPU time for get_k_kpts: make_kpt ki>=kj (25,*)    169.41 sec, wall time      5.32 sec
    CPU time for get_k_kpts: make_kpt ki>=kj (26,*)    179.58 sec, wall time      5.63 sec
Monkhorst pack size [3 3 3] ew_eta 1.379780863988 ew_cut 5.096557435665055
Ewald components = 0, -0.778571064310922, 0.704115632351815
    CPU time for get_j pass 1     63.59 sec, wall time      2.07 sec
    CPU time for get_j pass 2      7.75 sec, wall time      1.50 sec
    CPU time for vj and vk   2572.91 sec, wall time     82.59 sec
    CPU time for vnuc pass1: analytic int    292.28 sec, wall time      9.28 sec
    CPU time for contracting Vnuc [0:729]     71.01 sec, wall time      2.35 sec
    CPU time for contracting Vnuc     71.01 sec, wall time      2.35 sec
    CPU time for get_nuc    363.61 sec, wall time     11.65 sec

******** <class 'pyscf.pbc.cc.kccsd_rhf.RCCSD'> ********
CC2 = 0
CCSD nocc = 14, nmo = 118
max_cycle = 50
direct = 1
conv_tol = 1e-07
conv_tol_normt = 1e-05
diis_space = 6
diis_start_cycle = 0
diis_start_energy_diff = 1e+09
max_memory 700000 MB (current use 379 MB)
    CPU time for transforming DF-MP2 integrals   2370.79 sec, wall time     74.27 sec
t1 type: <class 'numpy.ndarray'>
t2 type: <class 'numpy.ndarray'>
