
******** <class 'pyscf.pbc.cc.eom_kccsd_rhf.CVSEOMIP'> ********
max_space = 20
max_cycle = 50
conv_tol = 1e-07
partition = mp
max_memory 700000 MB (current use 172 MB)
tol 1e-07  toloose 0.000316228
max_cycle 50  max_space 40  max_memory 2000  incore False
davidson 0 6  |r|= 0.424  e= [3.76737878 3.76742143 3.76742628 3.76792155 3.76792158 3.76810843]  max|de|= 3.77  lindep=    1
Old state -> New state
    2     ->     1 
    1     ->     2 
davidson 1 12  |r|= 0.065  e= [3.49906786 3.49909968 3.49910144 3.49959285 3.49959329 3.49973236]  max|de|= -0.268  lindep= 0.942
Old state -> New state
    2     ->     1 
    1     ->     2 
davidson 2 18  |r|= 0.000965  e= [3.49795352 3.49798848 3.4980052  3.49848831 3.49848998 3.49864853]  max|de|= -0.00111  lindep= 0.79
davidson 3 24  |r|= 9.55e-08  e= [3.497954   3.49798895 3.49800567 3.49848856 3.49849023 3.49864872]  max|de|= 4.88e-07  lindep=    1
Linear dependency in trial subspace. |r| for each state [1.81042421e-09 1.73753006e-09 1.43966070e-09 9.54929162e-08
 9.41660973e-08 6.02195764e-08]
EOM-CCSD root 0 E = 3.497954002889053  qpwt = 0.87897
EOM-CCSD root 1 E = 3.497988953428159  qpwt = 0.87896
EOM-CCSD root 2 E = 3.498005672856653  qpwt = 0.878933
EOM-CCSD root 3 E = 3.498488563205154  qpwt = 0.8789
EOM-CCSD root 4 E = 3.498490229180447  qpwt = 0.878899
EOM-CCSD root 5 E = 3.498648717823831  qpwt = 0.878837
    CPU time for EOM-CCSD    137.07 sec, wall time    138.00 sec
