
******** <class 'pyscf.pbc.cc.eom_kccsd_rhf.CVSEOMIP'> ********
max_space = 20
max_cycle = 50
conv_tol = 1e-07
partition = mp
max_memory 700000 MB (current use 84 MB)
tol 1e-07  toloose 0.000316228
max_cycle 50  max_space 40  max_memory 2000  incore True
davidson 0 6  |r|= 0.397  e= [3.75484773 3.75489826 3.75489955 3.75538131 3.75538147 3.75557926]  max|de|= 3.76  lindep=    1
Old state -> New state
    1     ->     0 
    0     ->     1 
    4     ->     3 
    3     ->     4 
davidson 1 12  |r|= 0.0434  e= [3.55791495 3.55791761 3.55792341 3.55838276 3.55841839 3.55854218]  max|de|= -0.197  lindep= 0.926
davidson 2 18  |r|= 0.000497  e= [3.55762212 3.55762471 3.55763049 3.55809321 3.55812904 3.55825367]  max|de|= -0.000293  lindep= 0.751
root 3 converged  |r|= 6.66e-08  e= 3.5580931401647904  max|de|= -6.9e-08
root 4 converged  |r|= 9e-08  e= 3.558128952318711  max|de|= -8.29e-08
Throwing out eigenvector 0 with norm=4.13e-09
Throwing out eigenvector 1 with norm=5.04e-09
Throwing out eigenvector 2 with norm=5.37e-09
Throwing out eigenvector 3 with norm=6.66e-08
Throwing out eigenvector 4 with norm=9e-08
davidson 3 24  |r|= 1.71e-07  e= [3.55762223 3.55762482 3.5576306  3.55809314 3.55812895 3.55825354]  max|de|= -1.31e-07  lindep= 0.91
root 0 converged  |r|= 4.13e-09  e= 3.557622229797051  max|de|= 2.66e-15
root 1 converged  |r|= 5.04e-09  e= 3.5576248234489243  max|de|= 1.47e-14
root 2 converged  |r|= 5.37e-09  e= 3.5576306006038316  max|de|= 8.88e-16
root 5 converged  |r|= 1.04e-10  e= 3.558253535259035  max|de|= 5.36e-12
converged 4 25  |r|= 9e-08  e= [3.55762223 3.55762482 3.5576306  3.55809314 3.55812895 3.55825354]  max|de|= 5.36e-12
EOM-CCSD root 0 E = 3.557622229797051  qpwt = 0.912918
EOM-CCSD root 1 E = 3.557624823448924  qpwt = 0.912934
EOM-CCSD root 2 E = 3.557630600603832  qpwt = 0.91292
EOM-CCSD root 3 E = 3.558093140164787  qpwt = 0.912837
EOM-CCSD root 4 E = 3.558128952318705  qpwt = 0.912843
EOM-CCSD root 5 E = 3.558253535259035  qpwt = 0.912806
    CPU time for EOM-CCSD      1.73 sec, wall time      3.10 sec
