
******** <class 'pyscf.pbc.cc.eom_kccsd_rhf.EOMIP'> ********
max_space = 20
max_cycle = 50
conv_tol = 1e-07
partition = mp
max_memory 700000 MB (current use 77 MB)
tol 1e-07  toloose 0.000316228
max_cycle 50  max_space 28  max_memory 2000  incore True
davidson 0 3  |r|= 0.196  e= [-0.16525806 -0.16523854 -0.16523042]  max|de|= -0.165  lindep=    1
davidson 1 6  |r|= 0.00539  e= [-0.22358355 -0.22332219 -0.22331634]  max|de|= -0.0583  lindep= 0.971
davidson 2 9  |r|= 0.000352  e= [-0.2235935  -0.22333115 -0.22332528]  max|de|= -9.96e-06  lindep= 0.806
davidson 3 12  |r|= 3.41e-05  e= [-0.2235945  -0.22333217 -0.2233263 ]  max|de|= -1.02e-06  lindep= 0.832
root 0 converged  |r|= 6.08e-06  e= -0.2235944735782178  max|de|= 2.29e-08
root 1 converged  |r|= 1.23e-08  e= -0.22333213517013617  max|de|= 3.31e-08
root 2 converged  |r|= 7.38e-08  e= -0.22332626800494051  max|de|= 3.32e-08
converged 4 15  |r|= 6.08e-06  e= [-0.22359447 -0.22333214 -0.22332627]  max|de|= 3.32e-08
EOM-CCSD root 0 E = -0.2235944735782178  qpwt = 0.964752
EOM-CCSD root 1 E = -0.2233321351701362  qpwt = 0.964829
EOM-CCSD root 2 E = -0.2233262680049405  qpwt = 0.964827
    CPU time for EOM-CCSD      0.94 sec, wall time      3.79 sec
