
******** <class 'pyscf.pbc.cc.kccsd_rhf.RCCSD'> ********
CC2 = 0
CCSD nocc = 10, nmo = 24
frozen orbitals [0, 1, 2, 3, 28, 29, 30, 31, 32, 33, 34, 35, 36, 37, 38, 39, 40, 41, 42, 43, 44, 45, 46, 47, 48, 49, 50, 51, 52, 53, 54, 55, 56, 57, 58, 59, 60, 61, 62, 63, 64, 65, 66, 67, 68, 69, 70, 71, 72, 73, 74, 75, 76, 77, 78, 79, 80, 81, 82, 83, 84, 85, 86, 87, 88, 89, 90, 91, 92, 93, 94, 95, 96, 97, 98, 99, 100, 101, 102, 103, 104, 105, 106, 107, 108, 109, 110, 111, 112, 113, 114, 115, 116, 117]
max_cycle = 50
direct = 1
conv_tol = 1e-07
conv_tol_normt = 1e-05
diis_space = 6
diis_start_cycle = 0
diis_start_energy_diff = 1e+09
max_memory 700000 MB (current use 173 MB)
    CPU time for get_k_kpts: make_kpt ki>=kj (0,*)      4.62 sec, wall time      0.23 sec
    CPU time for get_k_kpts: make_kpt ki>=kj (1,*)     14.24 sec, wall time      0.48 sec
    CPU time for get_k_kpts: make_kpt ki>=kj (2,*)     19.15 sec, wall time      0.61 sec
    CPU time for get_k_kpts: make_kpt ki>=kj (3,*)     26.25 sec, wall time      0.83 sec
    CPU time for get_k_kpts: make_kpt ki>=kj (4,*)     34.46 sec, wall time      1.08 sec
    CPU time for get_k_kpts: make_kpt ki>=kj (5,*)     41.35 sec, wall time      1.31 sec
    CPU time for get_k_kpts: make_kpt ki>=kj (6,*)     48.27 sec, wall time      1.51 sec
    CPU time for get_k_kpts: make_kpt ki>=kj (7,*)     55.00 sec, wall time      1.74 sec
    CPU time for get_k_kpts: make_kpt ki>=kj (8,*)     59.51 sec, wall time      1.89 sec
    CPU time for get_k_kpts: make_kpt ki>=kj (9,*)     62.89 sec, wall time      2.00 sec
    CPU time for get_k_kpts: make_kpt ki>=kj (10,*)     71.67 sec, wall time      2.27 sec
    CPU time for get_k_kpts: make_kpt ki>=kj (11,*)     75.06 sec, wall time      2.36 sec
    CPU time for get_k_kpts: make_kpt ki>=kj (12,*)     81.81 sec, wall time      2.57 sec
    CPU time for get_k_kpts: make_kpt ki>=kj (13,*)     98.70 sec, wall time      3.13 sec
    CPU time for get_k_kpts: make_kpt ki>=kj (14,*)     97.92 sec, wall time      3.08 sec
    CPU time for get_k_kpts: make_kpt ki>=kj (15,*)     99.00 sec, wall time      3.11 sec
    CPU time for get_k_kpts: make_kpt ki>=kj (16,*)    107.55 sec, wall time      3.37 sec
    CPU time for get_k_kpts: make_kpt ki>=kj (17,*)    112.29 sec, wall time      3.53 sec
    CPU time for get_k_kpts: make_kpt ki>=kj (18,*)    117.89 sec, wall time      3.70 sec
    CPU time for get_k_kpts: make_kpt ki>=kj (19,*)    123.28 sec, wall time      3.87 sec
    CPU time for get_k_kpts: make_kpt ki>=kj (20,*)    132.07 sec, wall time      4.14 sec
    CPU time for get_k_kpts: make_kpt ki>=kj (21,*)    137.33 sec, wall time      4.31 sec
    CPU time for get_k_kpts: make_kpt ki>=kj (22,*)    142.05 sec, wall time      4.45 sec
    CPU time for get_k_kpts: make_kpt ki>=kj (23,*)    148.48 sec, wall time      4.66 sec
    CPU time for get_k_kpts: make_kpt ki>=kj (24,*)    162.30 sec, wall time      5.09 sec
    CPU time for get_k_kpts: make_kpt ki>=kj (25,*)    167.46 sec, wall time      5.26 sec
    CPU time for get_k_kpts: make_kpt ki>=kj (26,*)    173.97 sec, wall time      5.46 sec
    CPU time for get_k_kpts: make_kpt ki>=kj (27,*)    179.65 sec, wall time      5.64 sec
    CPU time for get_k_kpts: make_kpt ki>=kj (28,*)    186.17 sec, wall time      5.84 sec
    CPU time for get_k_kpts: make_kpt ki>=kj (29,*)    192.14 sec, wall time      6.03 sec
    CPU time for get_k_kpts: make_kpt ki>=kj (30,*)    195.23 sec, wall time      6.13 sec
    CPU time for get_k_kpts: make_kpt ki>=kj (31,*)    205.30 sec, wall time      6.44 sec
    CPU time for get_k_kpts: make_kpt ki>=kj (32,*)    208.59 sec, wall time      6.54 sec
    CPU time for get_k_kpts: make_kpt ki>=kj (33,*)    216.41 sec, wall time      6.79 sec
    CPU time for get_k_kpts: make_kpt ki>=kj (34,*)    221.39 sec, wall time      6.94 sec
    CPU time for get_k_kpts: make_kpt ki>=kj (35,*)    227.28 sec, wall time      7.13 sec
    CPU time for get_k_kpts: make_kpt ki>=kj (36,*)    238.17 sec, wall time      7.50 sec
    CPU time for get_k_kpts: make_kpt ki>=kj (37,*)    248.39 sec, wall time      7.80 sec
    CPU time for get_k_kpts: make_kpt ki>=kj (38,*)    244.51 sec, wall time      7.67 sec
    CPU time for get_k_kpts: make_kpt ki>=kj (39,*)    252.45 sec, wall time      7.94 sec
    CPU time for get_k_kpts: make_kpt ki>=kj (40,*)    256.75 sec, wall time      8.06 sec
    CPU time for get_k_kpts: make_kpt ki>=kj (41,*)    259.47 sec, wall time      8.16 sec
    CPU time for get_k_kpts: make_kpt ki>=kj (42,*)    265.06 sec, wall time      8.33 sec
    CPU time for get_k_kpts: make_kpt ki>=kj (43,*)    277.57 sec, wall time      8.71 sec
    CPU time for get_k_kpts: make_kpt ki>=kj (44,*)    281.66 sec, wall time      8.85 sec
    CPU time for get_k_kpts: make_kpt ki>=kj (45,*)    279.25 sec, wall time      8.76 sec
    CPU time for get_k_kpts: make_kpt ki>=kj (46,*)    279.30 sec, wall time      8.77 sec
    CPU time for get_k_kpts: make_kpt ki>=kj (47,*)    289.47 sec, wall time      9.09 sec
    CPU time for get_k_kpts: make_kpt ki>=kj (48,*)    297.53 sec, wall time      9.33 sec
    CPU time for get_k_kpts: make_kpt ki>=kj (49,*)    297.84 sec, wall time      9.34 sec
    CPU time for get_k_kpts: make_kpt ki>=kj (50,*)    310.66 sec, wall time      9.77 sec
    CPU time for get_k_kpts: make_kpt ki>=kj (51,*)    311.34 sec, wall time      9.77 sec
    CPU time for get_k_kpts: make_kpt ki>=kj (52,*)    313.74 sec, wall time      9.85 sec
    CPU time for get_k_kpts: make_kpt ki>=kj (53,*)    323.52 sec, wall time     10.17 sec
    CPU time for get_k_kpts: make_kpt ki>=kj (54,*)    325.11 sec, wall time     10.20 sec
    CPU time for get_k_kpts: make_kpt ki>=kj (55,*)    332.86 sec, wall time     10.44 sec
    CPU time for get_k_kpts: make_kpt ki>=kj (56,*)    338.70 sec, wall time     10.63 sec
    CPU time for get_k_kpts: make_kpt ki>=kj (57,*)    346.27 sec, wall time     10.86 sec
    CPU time for get_k_kpts: make_kpt ki>=kj (58,*)    346.28 sec, wall time     10.87 sec
    CPU time for get_k_kpts: make_kpt ki>=kj (59,*)    360.87 sec, wall time     11.34 sec
    CPU time for get_k_kpts: make_kpt ki>=kj (60,*)    365.90 sec, wall time     11.48 sec
    CPU time for get_k_kpts: make_kpt ki>=kj (61,*)    378.70 sec, wall time     11.89 sec
    CPU time for get_k_kpts: make_kpt ki>=kj (62,*)    386.32 sec, wall time     12.19 sec
    CPU time for get_k_kpts: make_kpt ki>=kj (63,*)    392.79 sec, wall time     12.32 sec
Monkhorst pack size [4 4 4] ew_eta 1.046366873191483 ew_cut 6.717746044940423
Ewald components = 0, -0.590432236532393, 0.534590662479126
    CPU time for get_j pass 1    197.23 sec, wall time      6.23 sec
    CPU time for get_j pass 2     10.05 sec, wall time      3.57 sec
    CPU time for vj and vk  13061.21 sec, wall time    413.64 sec
    CPU time for vnuc pass1: analytic int    431.24 sec, wall time     13.82 sec
    CPU time for contracting Vnuc [0:729]    100.00 sec, wall time      3.62 sec
    CPU time for contracting Vnuc    100.00 sec, wall time      3.62 sec
    CPU time for get_nuc    531.84 sec, wall time     17.46 sec

******** <class 'pyscf.pbc.cc.kccsd_rhf.RCCSD'> ********
CC2 = 0
CCSD nocc = 10, nmo = 24
frozen orbitals [0, 1, 2, 3, 28, 29, 30, 31, 32, 33, 34, 35, 36, 37, 38, 39, 40, 41, 42, 43, 44, 45, 46, 47, 48, 49, 50, 51, 52, 53, 54, 55, 56, 57, 58, 59, 60, 61, 62, 63, 64, 65, 66, 67, 68, 69, 70, 71, 72, 73, 74, 75, 76, 77, 78, 79, 80, 81, 82, 83, 84, 85, 86, 87, 88, 89, 90, 91, 92, 93, 94, 95, 96, 97, 98, 99, 100, 101, 102, 103, 104, 105, 106, 107, 108, 109, 110, 111, 112, 113, 114, 115, 116, 117]
max_cycle = 50
direct = 1
conv_tol = 1e-07
conv_tol_normt = 1e-05
diis_space = 6
diis_start_cycle = 0
diis_start_energy_diff = 1e+09
max_memory 700000 MB (current use 512 MB)
    CPU time for transforming DF-MP2 integrals  16897.13 sec, wall time    539.25 sec
t1 type: <class 'numpy.ndarray'>
t2 type: <class 'numpy.ndarray'>
