
******** <class 'pyscf.pbc.cc.eom_kccsd_rhf.EOMIP'> ********
max_space = 20
max_cycle = 50
conv_tol = 1e-07
partition = mp
max_memory 700000 MB (current use 173 MB)
tol 1e-07  toloose 0.000316228
max_cycle 50  max_space 28  max_memory 2000  incore False
davidson 0 3  |r|= 0.252  e= [-0.19077281 -0.19076922 -0.19076556]  max|de|= -0.191  lindep=    1
davidson 1 6  |r|= 0.0142  e= [-0.31454576 -0.31454339 -0.31454261]  max|de|= -0.124  lindep= 0.962
davidson 2 9  |r|= 0.000651  e= [-0.31428327 -0.31428087 -0.31427989]  max|de|= 0.000263  lindep= 0.937
davidson 3 12  |r|= 6.97e-06  e= [-0.3142863 -0.3142839 -0.3142829]  max|de|= -3.03e-06  lindep= 0.983
root 0 converged  |r|= 3.27e-08  e= -0.31428630759503473  max|de|= -1e-08
root 1 converged  |r|= 3.4e-08  e= -0.314283907893591  max|de|= -1e-08
root 2 converged  |r|= 9.25e-08  e= -0.3142829134958532  max|de|= -1.02e-08
converged 4 15  |r|= 9.25e-08  e= [-0.31428631 -0.31428391 -0.31428291]  max|de|= -1.02e-08
EOM-CCSD root 0 E = -0.3142863075950347  qpwt = 0.929113
EOM-CCSD root 1 E = -0.314283907893591  qpwt = 0.929112
EOM-CCSD root 2 E = -0.3142829134958532  qpwt = 0.929109
    CPU time for EOM-CCSD     86.99 sec, wall time    189.88 sec
