
******** <class 'pyscf.pbc.cc.eom_kccsd_rhf.EOMIP'> ********
max_space = 20
max_cycle = 50
conv_tol = 1e-07
partition = mp
max_memory 700000 MB (current use 105 MB)
tol 1e-07  toloose 0.000316228
max_cycle 50  max_space 28  max_memory 2000  incore True
davidson 0 3  |r|= 0.203  e= [-0.16386773 -0.16385974 -0.16384375]  max|de|= -0.164  lindep=    1
davidson 1 6  |r|= 0.00592  e= [-0.22447363 -0.22446807 -0.22445101]  max|de|= -0.0606  lindep= 0.968
davidson 2 9  |r|= 0.000394  e= [-0.22448108 -0.22447555 -0.22445865]  max|de|= -7.64e-06  lindep= 0.81
davidson 3 12  |r|= 3.51e-05  e= [-0.22448234 -0.22447681 -0.22445992]  max|de|= -1.26e-06  lindep= 0.837
root 0 converged  |r|= 1.07e-08  e= -0.2244823062619747  max|de|= 3.56e-08
root 1 converged  |r|= 4.6e-08  e= -0.22447677355060008  max|de|= 3.54e-08
root 2 converged  |r|= 4.35e-08  e= -0.22445988139855472  max|de|= 3.41e-08
converged 4 15  |r|= 4.6e-08  e= [-0.22448231 -0.22447677 -0.22445988]  max|de|= 3.56e-08
EOM-CCSD root 0 E = -0.2244823062619747  qpwt = 0.964021
EOM-CCSD root 1 E = -0.2244767735506001  qpwt = 0.964018
EOM-CCSD root 2 E = -0.2244598813985547  qpwt = 0.964017
    CPU time for EOM-CCSD      0.99 sec, wall time      1.32 sec
