
******** <class 'pyscf.pbc.cc.kccsd_rhf.RCCSD'> ********
CC2 = 0
CCSD nocc = 9, nmo = 72
frozen orbitals [0, 73, 74, 75, 76, 77, 78, 79, 80, 81, 82, 83, 84, 85, 86, 87, 88, 89, 90, 91, 92, 93, 94, 95, 96, 97, 98, 99, 100, 101]
max_cycle = 50
direct = 1
conv_tol = 1e-07
conv_tol_normt = 1e-05
diis_space = 6
diis_start_cycle = 0
diis_start_energy_diff = 1e+09
max_memory 700000 MB (current use 105 MB)
    CPU time for get_k_kpts: make_kpt ki>=kj (0,*)      4.77 sec, wall time      0.52 sec
    CPU time for get_k_kpts: make_kpt ki>=kj (1,*)     11.78 sec, wall time      0.42 sec
    CPU time for get_k_kpts: make_kpt ki>=kj (2,*)     18.72 sec, wall time      0.61 sec
    CPU time for get_k_kpts: make_kpt ki>=kj (3,*)     26.38 sec, wall time      0.83 sec
    CPU time for get_k_kpts: make_kpt ki>=kj (4,*)     37.85 sec, wall time      1.21 sec
    CPU time for get_k_kpts: make_kpt ki>=kj (5,*)     36.68 sec, wall time      1.17 sec
    CPU time for get_k_kpts: make_kpt ki>=kj (6,*)     42.67 sec, wall time      1.35 sec
    CPU time for get_k_kpts: make_kpt ki>=kj (7,*)     50.43 sec, wall time      1.59 sec
Monkhorst pack size [2 2 2] ew_eta 2.524363791145886 ew_cut 2.788138014809477
Ewald components = 0, -1.42444163786916, 1.28500458605009
    CPU time for get_j pass 1     15.36 sec, wall time      0.51 sec
    CPU time for get_j pass 2      6.18 sec, wall time      0.33 sec
    CPU time for vj and vk    255.39 sec, wall time      8.69 sec
    CPU time for vnuc pass1: analytic int    512.00 sec, wall time     16.28 sec
    CPU time for contracting Vnuc [0:512]     40.67 sec, wall time      1.28 sec
    CPU time for contracting Vnuc     40.68 sec, wall time      1.28 sec
    CPU time for get_nuc    552.73 sec, wall time     17.57 sec

******** <class 'pyscf.pbc.cc.kccsd_rhf.RCCSD'> ********
CC2 = 0
CCSD nocc = 9, nmo = 72
frozen orbitals [0, 73, 74, 75, 76, 77, 78, 79, 80, 81, 82, 83, 84, 85, 86, 87, 88, 89, 90, 91, 92, 93, 94, 95, 96, 97, 98, 99, 100, 101]
max_cycle = 50
direct = 1
conv_tol = 1e-07
conv_tol_normt = 1e-05
diis_space = 6
diis_start_cycle = 0
diis_start_energy_diff = 1e+09
max_memory 700000 MB (current use 288 MB)
    CPU time for transforming DF-MP2 integrals    137.40 sec, wall time      4.30 sec
t1 type: <class 'numpy.ndarray'>
t2 type: <class 'numpy.ndarray'>
