
******** <class 'pyscf.pbc.cc.kccsd_rhf.RCCSD'> ********
CC2 = 0
CCSD nocc = 9, nmo = 30
frozen orbitals [0, 31, 32, 33, 34, 35, 36, 37, 38, 39, 40, 41, 42, 43, 44, 45, 46, 47, 48, 49, 50, 51, 52, 53, 54, 55, 56, 57, 58, 59, 60, 61, 62, 63, 64, 65, 66, 67, 68, 69, 70, 71, 72, 73, 74, 75, 76, 77, 78, 79, 80, 81, 82, 83, 84, 85, 86, 87, 88, 89, 90, 91, 92, 93, 94, 95, 96, 97, 98, 99, 100, 101]
max_cycle = 50
direct = 1
conv_tol = 1e-07
conv_tol_normt = 1e-05
diis_space = 6
diis_start_cycle = 0
diis_start_energy_diff = 1e+09
max_memory 700000 MB (current use 105 MB)
    CPU time for get_k_kpts: make_kpt ki>=kj (0,*)      4.75 sec, wall time      0.61 sec
    CPU time for get_k_kpts: make_kpt ki>=kj (1,*)     13.18 sec, wall time      0.47 sec
    CPU time for get_k_kpts: make_kpt ki>=kj (2,*)     19.91 sec, wall time      0.65 sec
    CPU time for get_k_kpts: make_kpt ki>=kj (3,*)     24.53 sec, wall time      0.79 sec
    CPU time for get_k_kpts: make_kpt ki>=kj (4,*)     35.12 sec, wall time      1.13 sec
    CPU time for get_k_kpts: make_kpt ki>=kj (5,*)     38.68 sec, wall time      1.31 sec
    CPU time for get_k_kpts: make_kpt ki>=kj (6,*)     41.86 sec, wall time      1.33 sec
    CPU time for get_k_kpts: make_kpt ki>=kj (7,*)     44.41 sec, wall time      1.44 sec
Monkhorst pack size [2 2 2] ew_eta 2.524363791145886 ew_cut 2.788138014809477
Ewald components = 0, -1.42444163786916, 1.28500458605009
    CPU time for get_j pass 1     15.75 sec, wall time      0.54 sec
    CPU time for get_j pass 2      4.14 sec, wall time      0.33 sec
    CPU time for vj and vk    246.87 sec, wall time      8.73 sec
    CPU time for vnuc pass1: analytic int    511.95 sec, wall time     16.34 sec
    CPU time for contracting Vnuc [0:512]     40.35 sec, wall time      1.27 sec
    CPU time for contracting Vnuc     40.35 sec, wall time      1.27 sec
    CPU time for get_nuc    552.37 sec, wall time     17.62 sec

******** <class 'pyscf.pbc.cc.kccsd_rhf.RCCSD'> ********
CC2 = 0
CCSD nocc = 9, nmo = 30
frozen orbitals [0, 31, 32, 33, 34, 35, 36, 37, 38, 39, 40, 41, 42, 43, 44, 45, 46, 47, 48, 49, 50, 51, 52, 53, 54, 55, 56, 57, 58, 59, 60, 61, 62, 63, 64, 65, 66, 67, 68, 69, 70, 71, 72, 73, 74, 75, 76, 77, 78, 79, 80, 81, 82, 83, 84, 85, 86, 87, 88, 89, 90, 91, 92, 93, 94, 95, 96, 97, 98, 99, 100, 101]
max_cycle = 50
direct = 1
conv_tol = 1e-07
conv_tol_normt = 1e-05
diis_space = 6
diis_start_cycle = 0
diis_start_energy_diff = 1e+09
max_memory 700000 MB (current use 290 MB)
    CPU time for transforming DF-MP2 integrals    138.57 sec, wall time      4.34 sec
t1 type: <class 'numpy.ndarray'>
t2 type: <class 'numpy.ndarray'>
