    CPU time for get_k_kpts: make_kpt ki>=kj (0,*)      2.27 sec, wall time      0.12 sec
    CPU time for get_k_kpts: make_kpt ki>=kj (1,*)      6.87 sec, wall time      0.24 sec
    CPU time for get_k_kpts: make_kpt ki>=kj (2,*)     11.11 sec, wall time      0.40 sec
    CPU time for get_k_kpts: make_kpt ki>=kj (3,*)     15.03 sec, wall time      0.51 sec
    CPU time for get_k_kpts: make_kpt ki>=kj (4,*)     20.65 sec, wall time      0.65 sec
    CPU time for get_k_kpts: make_kpt ki>=kj (5,*)     29.28 sec, wall time      0.92 sec
    CPU time for get_k_kpts: make_kpt ki>=kj (6,*)     37.14 sec, wall time      1.22 sec
    CPU time for get_k_kpts: make_kpt ki>=kj (7,*)     38.93 sec, wall time      1.24 sec
Monkhorst pack size [2 2 2] ew_eta 2.524363791145886 ew_cut 2.788138014809477
Ewald components = 0, -1.42444163786916, 1.28500458605009
    CPU time for get_j pass 1     16.31 sec, wall time      0.52 sec
    CPU time for get_j pass 2      6.16 sec, wall time      0.34 sec
    CPU time for vj and vk    188.78 sec, wall time      6.33 sec
    CPU time for vnuc pass1: analytic int    513.97 sec, wall time     16.35 sec
    CPU time for contracting Vnuc [0:512]     40.08 sec, wall time      1.27 sec
    CPU time for contracting Vnuc     40.08 sec, wall time      1.27 sec
    CPU time for get_nuc    554.12 sec, wall time     17.62 sec
Ewald components = 9.00674411881527e-134, -644.974612150364, 572.081161138653
    CPU time for vnuc pass1: analytic int    513.83 sec, wall time     16.34 sec
    CPU time for contracting Vnuc [0:512]     40.32 sec, wall time      1.27 sec
    CPU time for contracting Vnuc     40.33 sec, wall time      1.27 sec
    CPU time for get_nuc    554.23 sec, wall time     17.61 sec
E1 = (-317.6141476426508-1.1114082291876791e-15j)  E_coul = (63.66578832556532+2.461157365000502e-17j)
using HDF5 ERI storage
    CPU time for transforming oopq   4583.13 sec, wall time    166.66 sec
    CPU time for transforming ovpq   6534.49 sec, wall time    300.38 sec
    CPU time for transforming vvvv    155.79 sec, wall time      4.91 sec
    CPU time for CCSD integral transformation  12575.59 sec, wall time    513.69 sec
    CPU time for EOM-CCSD shared one-electron intermediates   1035.24 sec, wall time     40.90 sec
IMDS key to save: Loo , type: <class 'numpy.ndarray'>
IMDS key to save: Lvv , type: <class 'numpy.ndarray'>
IMDS key to save: Fov , type: <class 'numpy.ndarray'>
Made 1e intermediates
