
The following have been reloaded with a version change:
  1) gcc/10.2.0 => gcc/13.0.1

<<<<<<< HEAD
<<<<<<< HEAD
=======
==> Error: No such environment: 'pyscf-gcc-openblas'
==> Error: No such environment: 'pyscf-intel-mkl'
==> Error: Spec 'gcc@13.2.0' matches no installed packages.
==> Error: Spec 'intel-oneapi-compilers' matches no installed packages.
>>>>>>> f0983ef5bf9ad467b05de206ad1aa900b1c074f6
=======
>>>>>>> cluster
/burg/berkelbach/users/eav2136/builds/pyscf/projected-cvs/pyscf/pyscf/pbc/tools/lattice.py:147: UserWarning: Use ase.build.bulk() instead
  ase_atom = bulk('MnO', 'rocksalt', a=4.444*A2B)
/burg/berkelbach/users/eav2136/builds/pyscf/projected-cvs/pyscf/pyscf/pbc/gto/cell.py:1128: UserWarning: Electron number 21 and spin 0 are not consistent in unit cell

  warnings.warn('Electron number %d and spin %d are not consistent '
WARNING!
  Very diffused basis functions are found in the basis set. They may lead to severe
  linear dependence and numerical instability.  You can set  cell.exp_to_discard=0.1
  to remove the diffused Gaussians whose exponents are less than 0.1.

<<<<<<< HEAD
<<<<<<< HEAD
slurmstepd: error: *** JOB 11482826 ON g147 CANCELLED AT 2024-02-06T14:21:55 DUE TO TIME LIMIT ***
=======
slurmstepd: error: *** JOB 11426088 ON g147 CANCELLED AT 2024-01-29T14:53:53 ***
>>>>>>> f0983ef5bf9ad467b05de206ad1aa900b1c074f6
=======
slurmstepd: error: *** JOB 11482826 ON g147 CANCELLED AT 2024-02-06T14:21:55 DUE TO TIME LIMIT ***
>>>>>>> cluster
