
The following have been reloaded with a version change:
  1) gcc/10.2.0 => gcc/13.0.1

<<<<<<< HEAD
<<<<<<< HEAD
<<<<<<< HEAD
<<<<<<< HEAD
=======
>>>>>>> b0ebe15b9cb21f72d3133d30b88ad83ae944b1df
=======
==> Error: No such environment: 'pyscf-gcc-openblas'
==> Error: No such environment: 'pyscf-intel-mkl'
==> Error: Spec 'gcc@13.2.0' matches no installed packages.
==> Error: Spec 'intel-oneapi-compilers' matches no installed packages.
>>>>>>> f0983ef5bf9ad467b05de206ad1aa900b1c074f6
<<<<<<< HEAD
=======
>>>>>>> cluster
=======
>>>>>>> b0ebe15b9cb21f72d3133d30b88ad83ae944b1df
=======
>>>>>>> cluster
/burg/berkelbach/users/eav2136/builds/pyscf/projected-cvs/pyscf/pyscf/pbc/tools/lattice.py:75: UserWarning: Use ase.build.bulk() instead
  ase_atom = bulk('ZnO', 'wurtzite', a=3.25*A2B, c=5.2*A2B)
WARNING!
  Very diffused basis functions are found in the basis set. They may lead to severe
  linear dependence and numerical instability.  You can set  cell.exp_to_discard=0.1
  to remove the diffused Gaussians whose exponents are less than 0.1.

<<<<<<< HEAD
<<<<<<< HEAD
<<<<<<< HEAD
<<<<<<< HEAD
=======
>>>>>>> b0ebe15b9cb21f72d3133d30b88ad83ae944b1df
slurmstepd: error: *** JOB 11482827 ON g110 CANCELLED AT 2024-02-06T14:25:02 DUE TO TIME LIMIT ***
=======
slurmstepd: error: *** JOB 11426089 ON g104 CANCELLED AT 2024-01-29T14:53:53 ***
>>>>>>> f0983ef5bf9ad467b05de206ad1aa900b1c074f6
<<<<<<< HEAD
=======
slurmstepd: error: *** JOB 11482827 ON g110 CANCELLED AT 2024-02-06T14:25:02 DUE TO TIME LIMIT ***
>>>>>>> cluster
=======
>>>>>>> b0ebe15b9cb21f72d3133d30b88ad83ae944b1df
=======
slurmstepd: error: *** JOB 11482827 ON g110 CANCELLED AT 2024-02-06T14:25:02 DUE TO TIME LIMIT ***
>>>>>>> cluster
